/BATCH  
/COM,ANSYS RELEASE Release 18.0      BUILD 18.0      UP20161219       11:21:32
/input,menust,tmp,''
/GRA,POWER
/GST,ON
/PLO,INFO,3
/GRO,CURL,ON
/CPLANE,1   
/REPLOT,RESIZE  
WPSTYLE,,,,,,,,0
/REPLOT,RESIZE  
/POST1  
FINISH  
/PREP7  
CYLIND,3, ,0,6,0,360,   
/VIEW,1,1,1,1   
/ANG,1  
/REP,FAST   
VDELE,       1  
/VIEW,1,1,1,1   
/ANG,1  
/REP,FAST   
WPSTYLE,,,,,,,,1
BLOCK,0,10,0,3,0,1.5,   
/VIEW,1,,,1 
/ANG,1  
/REP,FAST   
/VIEW,1,1,1,1   
/ANG,1  
/REP,FAST   
/ANG,1,30,YS,1  
/REP,FAST   
/ANG,1,30,YS,1  
/REP,FAST   
/ANG,1,30,YS,1  
/REP,FAST   
/ANG,1,30,YS,1  
/REP,FAST   
!*  
KBETW,10,16,0,RATI,0.5, 
KWPAVE,      17 
/PLOPTS,INFO,3  
/PLOPTS,LEG1,1  
/PLOPTS,LEG2,1  
/PLOPTS,LEG3,1  
/PLOPTS,FRAME,1 
/PLOPTS,TITLE,1 
/PLOPTS,MINM,1  
/PLOPTS,FILE,0  
/PLOPTS,SPNO,0  
/PLOPTS,LOGO,1  
/PLOPTS,WINS,1  
/PLOPTS,WP,0
/PLOPTS,DATE,2  
/TRIAD,OFF  
/REPLOT 
!*  
/VIEW,1,1,1,1   
/ANG,1  
/REP,FAST   
!*  
KBETW,16,13,0,RATI,0.5, 
!*  
KBETW,15,14,0,RATI,0.5, 
!*  
KBETW,18,19,0,RATI,0.3, 
KWPAVE,      20 
CYL4,0,0,2, , , ,3  
VDELE,       2  
/VIEW,1,1,1,1   
/ANG,1  
/REP,FAST   
CYL4,0,0,2, , , ,-3 
VDELE,       2  
/VIEW,1,1,1,1   
/ANG,1  
/REP,FAST   
CYL4,0,0,1, , , ,-3 
SAVE
VSBV,       1,       2  
/VIEW,1,1,1,1   
/ANG,1  
/REP,FAST   
/ANG,1,-30,YS,1 
/REP,FAST   
/ANG,1,-30,YS,1 
/REP,FAST   
/ANG,1,-30,YS,1 
/REP,FAST   
/ANG,1,-30,YS,1 
/REP,FAST   
/ANG,1,-30,YS,1 
/REP,FAST   
/ANG,1,-30,YS,1 
/REP,FAST   
/ANG,1,-30,YS,1 
/REP,FAST   
/ANG,1,-30,YS,1 
/REP,FAST   
/ANG,1,-30,YS,1 
/REP,FAST   
/ANG,1,-30,YS,1 
/REP,FAST   
/ANG,1,-30,YS,1 
/REP,FAST   
/ANG,1,-30,ZS,1 
/REP,FAST   
/ANG,1,-30,ZS,1 
/REP,FAST   
/ANG,1,-30,ZS,1 
/REP,FAST   
/ANG,1,-30,ZS,1 
/REP,FAST   
/VIEW,1,1,1,1   
/ANG,1  
/REP,FAST   
RESUME  
/COM,ANSYS RELEASE Release 18.0      BUILD 18.0      UP20161219       11:31:13
/REPLOT,RESIZE  
/DIST, 1 ,1.082226,1
/REP,FAST   
VDELE,       2  
/VIEW,1,1,1,1   
/ANG,1  
/REP,FAST   
KWPAVE,      18 
CYL4,0,0,3, , , ,-3 
/DIST, 1 ,1.082226,1
/REP,FAST   
/DIST, 1 ,1.082226,1
/REP,FAST   
VDELE,       2  
/VIEW,1,1,1,1   
/ANG,1  
/REP,FAST   
CYL4,0,0,2, , , ,-1.5   
FLST,2,2,6,ORDE,2   
FITEM,2,1   
FITEM,2,-2  
VDELE,P51X  
/VIEW,1,1,1,1   
/ANG,1  
/REP,FAST   
BLOCK,0,10,0,3,0,1.5,   
WPSTYLE,,,,,,,,0
WPSTYLE,,,,,,,,1
WPSTYLE,,,,,,,,0
!*  
KBETW,68,65,0,RATI,0.3, 
KDELE,      69  
!*  
KBETW,68,65,0,RATI,0.5, 
CYL4,0,0,1.5, , , ,0.75 
/VIEW,1,1,1,1   
/ANG,1  
/REP,FAST   
/ANG,1,-30,YS,1 
/REP,FAST   
/ANG,1,-30,YS,1 
/REP,FAST   
/ANG,1,-30,YS,1 
/REP,FAST   
/ANG,1,-30,YS,1 
/REP,FAST   
/ANG,1,-30,YS,1 
/REP,FAST   
/ANG,1,-30,YS,1 
/REP,FAST   
/ANG,1,-30,YS,1 
/REP,FAST   
/ANG,1,-30,YS,1 
/REP,FAST   
/ANG,1,-30,YS,1 
/REP,FAST   
/ANG,1,-30,YS,1 
/REP,FAST   
/ANG,1,-30,YS,1 
/REP,FAST   
/ANG,1,-30,YS,1 
/REP,FAST   
/VIEW,1,1,1,1   
/ANG,1  
/REP,FAST   
/VIEW,1,1,1,1   
/ANG,1  
/REP,FAST   
VDELE,       2  
/VIEW,1,1,1,1   
/ANG,1  
/REP,FAST   
/ANG,1,-30,YS,1 
/REP,FAST   
/ANG,1,-30,YS,1 
/REP,FAST   
/ANG,1,-30,YS,1 
/REP,FAST   
/ANG,1,-30,YS,1 
/REP,FAST   
/ANG,1,-30,YS,1 
/REP,FAST   
/ANG,1,-30,YS,1 
/REP,FAST   
/ANG,1,30,YS,1  
/REP,FAST   
/ANG,1,30,YS,1  
/REP,FAST   
!*  
KBETW,63,19,0,RATI,0.5, 
KWPAVE,      15 
/ANG,1,30,YS,1  
/REP,FAST   
/ANG,1,30,YS,1  
/REP,FAST   
/ANG,1,30,YS,1  
/REP,FAST   
CYL4,0,0,1.5, , , ,1.5  
/VIEW,1,1,1,1   
/ANG,1  
/REP,FAST   
/VIEW,1,1,1,1   
/ANG,1  
/REP,FAST   
/VIEW,1,1,1,1   
/ANG,1  
/REP,FAST   
FLST,2,2,6,ORDE,2   
FITEM,2,1   
FITEM,2,-2  
VADD,P51X   
/VIEW,1,1,1,1   
/ANG,1  
/REP,FAST   
/PNUM,KP,0  
/PNUM,LINE,0
/PNUM,AREA,0
/PNUM,VOLU,1
/PNUM,NODE,0
/PNUM,TABN,0
/PNUM,SVAL,0
/NUMBER,0   
!*  
/PNUM,ELEM,0
/REPLOT 
!*  
/ANG,1,-30,YS,1 
/REP,FAST   
/ANG,1,-30,YS,1 
/REP,FAST   
/ANG,1,-30,YS,1 
/REP,FAST   
/ANG,1,-30,YS,1 
/REP,FAST   
/ANG,1,-30,YS,1 
/REP,FAST   
/ANG,1,-30,YS,1 
/REP,FAST   
/ANG,1,-30,YS,1 
/REP,FAST   
/ANG,1,-30,YS,1 
/REP,FAST   
/ANG,1,-30,YS,1 
/REP,FAST   
/ANG,1,-30,YS,1 
/REP,FAST   
/ANG,1,-30,YS,1 
/REP,FAST   
/ANG,1,-30,YS,1 
/REP,FAST   
/ANG,1,-30,YS,1 
/REP,FAST   
/ANG,1,-30,YS,1 
/REP,FAST   
/ANG,1,-30,YS,1 
/REP,FAST   
/ANG,1,-30,YS,1 
/REP,FAST   
CYL4,0,0,0.75, , , ,1.5 
VSBV,       3,       1  
/VIEW,1,1,1,1   
/ANG,1  
/REP,FAST   
!*  
KBETW,68,65,0,RATI,0.5, 
KWPAVE,       3 
CYL4,0,0,1.5, , , ,-1.5 
FLST,2,2,6,ORDE,2   
FITEM,2,1   
FITEM,2,-2  
VADD,P51X   
/ANG,1,30,YS,1  
/REP,FAST   
VDELE,       1  
!*  
KBETW,68,65,0,RATI,0.5, 
KWPAVE,      69 
/VIEW,1,1,1,1   
/ANG,1  
/REP,FAST   
CYL4,0,0,1.5, , , ,-1.5 
/VIEW,1,1,1,1   
/ANG,1  
/REP,FAST   
FLST,2,2,6,ORDE,2   
FITEM,2,1   
FITEM,2,-2  
VADD,P51X   
CYL4,0,0,0.75, , , ,-1.5
VSBV,       3,       1  
/VIEW,1,1,1,1   
/ANG,1  
/REP,FAST   
/ANG,1,30,YS,1  
/REP,FAST   
/ANG,1,30,YS,1  
/REP,FAST   
/ANG,1,30,YS,1  
/REP,FAST   
/ANG,1,30,YS,1  
/REP,FAST   
/ANG,1,30,YS,1  
/REP,FAST   
/ANG,1,30,YS,1  
/REP,FAST   
/ANG,1,30,YS,1  
/REP,FAST   
/ANG,1,30,YS,1  
/REP,FAST   
SAVE
/ANG,1,30,YS,1  
/REP,FAST   
/ANG,1,30,YS,1  
/REP,FAST   
/ANG,1,30,YS,1  
/REP,FAST   
/ANG,1,30,YS,1  
/REP,FAST   
/ANG,1,30,YS,1  
/REP,FAST   
/ANG,1,-30,YS,1 
/REP,FAST   
/ANG,1,-30,YS,1 
/REP,FAST   
/ANG,1,-30,YS,1 
/REP,FAST   
/ANG,1,-30,YS,1 
/REP,FAST   
/ANG,1,-30,YS,1 
/REP,FAST   
/ANG,1,-30,YS,1 
/REP,FAST   
/ANG,1,-30,YS,1 
/REP,FAST   
/ANG,1,-30,YS,1 
/REP,FAST   
/ANG,1,-30,YS,1 
/REP,FAST   
/ANG,1,-30,YS,1 
/REP,FAST   
/ANG,1,-30,YS,1 
/REP,FAST   
/ANG,1,30,YS,1  
/REP,FAST   
/ANG,1,-30,YS,1 
/REP,FAST   
/ANG,1,-30,YS,1 
/REP,FAST   
/ANG,1,-30,YS,1 
/REP,FAST   
BLOCK,0,-10,-1.5,1.5,0,-1.5,
VDELE,       1  
/VIEW,1,1,1,1   
/ANG,1  
/REP,FAST   
wprot,60£¬0£¬0  
wprot,60£¬60£¬0 
wpstyle,0.05,0.1,-1,1,0.003,1,2,,5  
BLOCK,0,-10,-1.5,1.5,0,-1.5,
VDELE,       1  
/VIEW,1,1,1,1   
/ANG,1  
/REP,FAST   
SAVE
RESUME  
/COM,ANSYS RELEASE Release 18.0      BUILD 18.0      UP20161219       11:47:28
wpstyle,0.05,0.1,-1,1,0.003,0,2,,5  
wpof,0.050000   
wpof,0.050000   
wpof,0.050000   
wpof,0.050000   
wpof,-0.050000  
wpro,,-30.000000,   
wpro,,-30.000000,   
wpro,,-30.000000,   
wpro,,-30.000000,   
wpro,,-30.000000,   
wpro,,-30.000000,   
wpro,,-30.000000,   
wpro,,-30.000000,   
wpro,,-30.000000,   
wpro,,-30.000000,   
wpro,,,30.000000
wpro,,,30.000000
wpro,,,30.000000
wpro,,,30.000000
wpro,,,30.000000
wpro,,,30.000000
wpro,,,30.000000
wpro,,,30.000000
wpro,,,30.000000
wpro,,,30.000000
wpro,,,30.000000
wpro,,,30.000000
wpro,,,30.000000
wpro,,,30.000000
wpro,,,30.000000
wpro,,,30.000000
wpro,,,30.000000
wpro,,,30.000000
wpro,,,30.000000
wpro,,,30.000000
wpro,,,30.000000
wpro,,,30.000000
RESUME  
/COM,ANSYS RELEASE Release 18.0      BUILD 18.0      UP20161219       11:49:35
wpro,,30.000000,
RESUME  
/COM,ANSYS RELEASE Release 18.0      BUILD 18.0      UP20161219       11:50:41
wpro,30.000000,,
wpro,30.000000,,
wpro,30.000000,,
wpro,30.000000,,
wpro,30.000000,,
BLOCK,0,10,-1.5,1.5,0,-1.5, 
VSBV,       1,       2  
/VIEW,1,1,1,1   
/ANG,1  
/REP,FAST   
/VIEW,1,1,1,1   
/ANG,1  
/REP,FAST   
/VIEW,1,1,1,1   
/ANG,1  
/REP,FAST   
/VIEW,1,1,1,1   
/ANG,1  
/REP,FAST   
/VIEW,1,1,1,1   
/ANG,1  
/REP,FAST   
/VIEW,1,1,1,1   
/ANG,1  
/REP,FAST   
RESUME  
/COM,ANSYS RELEASE Release 18.0      BUILD 18.0      UP20161219       11:53:11
wpro,30.000000,,
wpro,30.000000,,
wpro,30.000000,,
wpro,30.000000,,
wpro,30.000000,,
wpro,30.000000,,
wpro,-30.000000,,   
SAVE
BLOCK,0,10,-1.5,1.5,0,-1.5, 
VDELE,       1  
/VIEW,1,1,1,1   
/ANG,1  
/REP,FAST   
BLOCK,0,10,-1.5,1.5,0,0.5,  
BLOCK,0,10,-1.5,1.5,-1.5,-2,
/ANG,1,30,YS,1  
/REP,FAST   
/ANG,1,30,YS,1  
/REP,FAST   
/ANG,1,30,YS,1  
/REP,FAST   
/ANG,1,-30,YS,1 
/REP,FAST   
/ANG,1,-30,YS,1 
/REP,FAST   
!*  
KBETW,144,141,0,RATI,0.5,   
KWPAVE,      69 
/ANG,1,-30,YS,1 
/REP,FAST   
/ANG,1,-30,YS,1 
/REP,FAST   
/ANG,1,-30,YS,1 
/REP,FAST   
/ANG,1,-30,YS,1 
/REP,FAST   
/ANG,1,-30,YS,1 
/REP,FAST   
/ANG,1,-30,YS,1 
/REP,FAST   
/ANG,1,-30,YS,1 
/REP,FAST   
/ANG,1,-30,YS,1 
/REP,FAST   
/ANG,1,-30,YS,1 
/REP,FAST   
/ANG,1,-30,YS,1 
/REP,FAST   
/ANG,1,-30,YS,1 
/REP,FAST   
/ANG,1,-30,YS,1 
/REP,FAST   
/ANG,1,-30,YS,1 
/REP,FAST   
/ANG,1,-30,YS,1 
/REP,FAST   
/ANG,1,30,YS,1  
/REP,FAST   
/ANG,1,30,YS,1  
/REP,FAST   
/ANG,1,30,YS,1  
/REP,FAST   
/ANG,1,30,YS,1  
/REP,FAST   
/ANG,1,-30,ZS,1 
/REP,FAST   
/ANG,1,-30,ZS,1 
/REP,FAST   
/ANG,1,-30,ZS,1 
/REP,FAST   
/ANG,1,-30,ZS,1 
/REP,FAST   
/ANG,1,-30,ZS,1 
/REP,FAST   
/ANG,1,-30,ZS,1 
/REP,FAST   
/ANG,1,-30,ZS,1 
/REP,FAST   
/ANG,1,-30,ZS,1 
/REP,FAST   
/ANG,1,-30,ZS,1 
/REP,FAST   
/ANG,1,-30,ZS,1 
/REP,FAST   
/ANG,1,-30,ZS,1 
/REP,FAST   
/ANG,1,-30,ZS,1 
/REP,FAST   
KWPAVE,     153 
/ANG,1,-30,YS,1 
/REP,FAST   
/ANG,1,-30,YS,1 
/REP,FAST   
/ANG,1,-30,YS,1 
/REP,FAST   
/ANG,1,-30,YS,1 
/REP,FAST   
/ANG,1,30,YS,1  
/REP,FAST   
/ANG,1,30,YS,1  
/REP,FAST   
/ANG,1,30,YS,1  
/REP,FAST   
/ANG,1,30,YS,1  
/REP,FAST   
/ANG,1,30,YS,1  
/REP,FAST   
/ANG,1,-30,YS,1 
/REP,FAST   
CYL4,0,0,1.5, , , ,-0.5 
FLST,2,2,6,ORDE,2   
FITEM,2,1   
FITEM,2,4   
VADD,P51X   
CYL4,0,0,0.75, , , ,-0.5
/ANG,1,30,YS,1  
/REP,FAST   
/ANG,1,-30,YS,1 
/REP,FAST   
/ANG,1,-30,YS,1 
/REP,FAST   
VSBV,       5,       1  
/VIEW,1,1,1,1   
/ANG,1  
/REP,FAST   
/ANG,1,-30,YS,1 
/REP,FAST   
/ANG,1,-30,YS,1 
/REP,FAST   
/ANG,1,-30,YS,1 
/REP,FAST   
/ANG,1,-30,YS,1 
/REP,FAST   
/ANG,1,-30,YS,1 
/REP,FAST   
/ANG,1,-30,YS,1 
/REP,FAST   
!*  
KBETW,146,145,0,RATI,0.5,   
KWPAVE,     166 
/ANG,1,30,YS,1  
/REP,FAST   
/ANG,1,30,YS,1  
/REP,FAST   
/ANG,1,30,YS,1  
/REP,FAST   
/ANG,1,30,YS,1  
/REP,FAST   
/ANG,1,-30,ZS,1 
/REP,FAST   
/ANG,1,-30,ZS,1 
/REP,FAST   
/ANG,1,-30,ZS,1 
/REP,FAST   
/ANG,1,-30,ZS,1 
/REP,FAST   
/ANG,1,-30,ZS,1 
/REP,FAST   
/ANG,1,-30,ZS,1 
/REP,FAST   
/ANG,1,-30,ZS,1 
/REP,FAST   
/ANG,1,-30,ZS,1 
/REP,FAST   
/ANG,1,-30,ZS,1 
/REP,FAST   
/ANG,1,-30,ZS,1 
/REP,FAST   
/ANG,1,-30,ZS,1 
/REP,FAST   
/ANG,1,30,YS,1  
/REP,FAST   
/ANG,1,30,YS,1  
/REP,FAST   
/ANG,1,30,YS,1  
/REP,FAST   
/ANG,1,30,YS,1  
/REP,FAST   
/ANG,1,30,YS,1  
/REP,FAST   
/ANG,1,30,YS,1  
/REP,FAST   
/ANG,1,30,YS,1  
/REP,FAST   
/ANG,1,30,YS,1  
/REP,FAST   
/ANG,1,30,YS,1  
/REP,FAST   
/ANG,1,30,YS,1  
/REP,FAST   
/ANG,1,30,YS,1  
/REP,FAST   
CYL4,0,0,1.5, , , ,0.5  
FLST,2,2,6,ORDE,2   
FITEM,2,1   
FITEM,2,3   
VADD,P51X   
CYL4,0,0,0.75, , , ,-0.5
VDELE,       1  
/VIEW,1,1,1,1   
/ANG,1  
/REP,FAST   
/ANG,1,30,YS,1  
/REP,FAST   
/ANG,1,30,YS,1  
/REP,FAST   
/ANG,1,30,YS,1  
/REP,FAST   
/ANG,1,30,YS,1  
/REP,FAST   
/ANG,1,30,YS,1  
/REP,FAST   
/ANG,1,30,YS,1  
/REP,FAST   
/ANG,1,30,YS,1  
/REP,FAST   
/ANG,1,30,YS,1  
/REP,FAST   
CYL4,0,0,0.75, , , ,0.5 
VSBV,       5,       1  
/VIEW,1,1,1,1   
/ANG,1  
/REP,FAST   
/ANG,1,-30,ZS,1 
/REP,FAST   
/ANG,1,-30,ZS,1 
/REP,FAST   
/ANG,1,-30,ZS,1 
/REP,FAST   
/ANG,1,-30,ZS,1 
/REP,FAST   
/ANG,1,30,ZS,1  
/REP,FAST   
/ANG,1,-30,ZS,1 
/REP,FAST   
/ANG,1,30,YS,1  
/REP,FAST   
/ANG,1,30,YS,1  
/REP,FAST   
/ANG,1,-30,YS,1 
/REP,FAST   
/ANG,1,-30,YS,1 
/REP,FAST   
/ANG,1,-30,XS,1 
/REP,FAST   
/ANG,1,-30,XS,1 
/REP,FAST   
/ANG,1,-30,XS,1 
/REP,FAST   
/ANG,1,-30,XS,1 
/REP,FAST   
/ANG,1,-30,YS,1 
/REP,FAST   
/ANG,1,30,YS,1  
/REP,FAST   
/ANG,1,30,ZS,1  
/REP,FAST   
/ANG,1,30,ZS,1  
/REP,FAST   
/ANG,1,30,ZS,1  
/REP,FAST   
/ANG,1,30,ZS,1  
/REP,FAST   
/ANG,1,30,ZS,1  
/REP,FAST   
/ANG,1,30,ZS,1  
/REP,FAST   
/ANG,1,30,XS,1  
/REP,FAST   
/ANG,1,-30,XS,1 
/REP,FAST   
/ANG,1,30,YS,1  
/REP,FAST   
/ANG,1,30,YS,1  
/REP,FAST   
/ANG,1,30,YS,1  
/REP,FAST   
/ANG,1,30,YS,1  
/REP,FAST   
/ANG,1,30,YS,1  
/REP,FAST   
/ANG,1,30,YS,1  
/REP,FAST   
FLST,3,2,8  
FITEM,3,-3.08820356408,3.27018280252,1  
FITEM,3,-1.35237843757,5.90018491852,1  
K, ,P51X
/ANG,1,30,YS,1  
/REP,FAST   
/ANG,1,30,YS,1  
/REP,FAST   
/ANG,1,30,YS,1  
/REP,FAST   
/ANG,1,30,YS,1  
/REP,FAST   
/ANG,1,30,YS,1  
/REP,FAST   
/ANG,1,30,YS,1  
/REP,FAST   
/ANG,1,30,YS,1  
/REP,FAST   
/ANG,1,30,YS,1  
/REP,FAST   
/ANG,1,30,YS,1  
/REP,FAST   
/ANG,1,30,YS,1  
/REP,FAST   
/ANG,1,30,YS,1  
/REP,FAST   
/ANG,1,30,YS,1  
/REP,FAST   
/ANG,1,30,YS,1  
/REP,FAST   
/ANG,1,30,YS,1  
/REP,FAST   
/ANG,1,30,YS,1  
/REP,FAST   
/ANG,1,30,YS,1  
/REP,FAST   
/ANG,1,30,YS,1  
/REP,FAST   
/ANG,1,30,YS,1  
/REP,FAST   
/ANG,1,30,YS,1  
/REP,FAST   
/ANG,1,30,YS,1  
/REP,FAST   
/ANG,1,30,YS,1  
/REP,FAST   
/ANG,1,30,YS,1  
/REP,FAST   
/ANG,1,-30,YS,1 
/REP,FAST   
/ANG,1,-30,YS,1 
/REP,FAST   
/ANG,1,-30,YS,1 
/REP,FAST   
/ANG,1,-30,YS,1 
/REP,FAST   
/ANG,1,-30,YS,1 
/REP,FAST   
K,1000,2,1.5,0, 
/ANG,1,-30,ZS,1 
/REP,FAST   
/ANG,1,30,YS,1  
/REP,FAST   
/ANG,1,30,YS,1  
/REP,FAST   
/ANG,1,30,YS,1  
/REP,FAST   
/ANG,1,30,YS,1  
/REP,FAST   
/ANG,1,30,YS,1  
/REP,FAST   
/ANG,1,30,YS,1  
/REP,FAST   
/ANG,1,30,YS,1  
/REP,FAST   
/ANG,1,30,YS,1  
/REP,FAST   
/ANG,1,30,YS,1  
/REP,FAST   
/ANG,1,30,YS,1  
/REP,FAST   
/ANG,1,30,YS,1  
/REP,FAST   
/ANG,1,30,YS,1  
/REP,FAST   
/ANG,1,30,YS,1  
/REP,FAST   
/ANG,1,30,YS,1  
/REP,FAST   
/ANG,1,-30,ZS,1 
/REP,FAST   
/ANG,1,-30,YS,1 
/REP,FAST   
/ANG,1,-30,YS,1 
/REP,FAST   
/ANG,1,30,YS,1  
/REP,FAST   
/ANG,1,30,ZS,1  
/REP,FAST   
/ANG,1,30,ZS,1  
/REP,FAST   
!*  
KBETW,147,170,0,RATI,0.7,   
!*  
KBETW,148,167,0,RATI,0.7,   
!*  
KBETW,189,190,0,RATI,0.5,   
KWPAVE,     191 
BLOCK,0,10,-1.5,1.5,0,-2.5, 
/ANG,1,30,YS,1  
/REP,FAST   
/ANG,1,30,YS,1  
/REP,FAST   
/ANG,1,30,YS,1  
/REP,FAST   
VDELE,       1  
/VIEW,1,1,1,1   
/ANG,1  
/REP,FAST   
BLOCK,0,10,-1.5,1.5,0,2.5,  
/ANG,1,30,YS,1  
/REP,FAST   
/ANG,1,30,YS,1  
/REP,FAST   
/ANG,1,30,YS,1  
/REP,FAST   
/ANG,1,30,YS,1  
/REP,FAST   
/ANG,1,30,YS,1  
/REP,FAST   
/ANG,1,30,YS,1  
/REP,FAST   
/ANG,1,30,YS,1  
/REP,FAST   
/ANG,1,30,YS,1  
/REP,FAST   
SAVE
VSBV,       3,       1  
/VIEW,1,1,1,1   
/ANG,1  
/REP,FAST   
BLOCK,0,10,-1.5,1.5,0,5,
RESUME  
/COM,ANSYS RELEASE Release 18.0      BUILD 18.0      UP20161219       12:09:22
/ANG,1,30,YS,1  
/REP,FAST   
/ANG,1,30,YS,1  
/REP,FAST   
/ANG,1,30,YS,1  
/REP,FAST   
/ANG,1,30,YS,1  
/REP,FAST   
/ANG,1,30,YS,1  
/REP,FAST   
FLST,2,3,6,ORDE,2   
FITEM,2,2   
FITEM,2,-4  
VADD,P51X   
FLST,2,2,6,ORDE,2   
FITEM,2,2   
FITEM,2,4   
VADD,P51X   
/ANG,1,30,YS,1  
/REP,FAST   
/ANG,1,30,YS,1  
/REP,FAST   
/ANG,1,30,YS,1  
/REP,FAST   
/ANG,1,30,YS,1  
/REP,FAST   
/ANG,1,30,YS,1  
/REP,FAST   
/ANG,1,30,YS,1  
/REP,FAST   
FLST,2,2,6,ORDE,2   
FITEM,2,3   
FITEM,2,5   
VADD,P51X   
VSBV,       5,       1  
SAVE
VSBV,       2,       3  
/VIEW,1,1,1,1   
/ANG,1  
/REP,FAST   
RESUME  
/COM,ANSYS RELEASE Release 18.0      BUILD 18.0      UP20161219       12:11:02
FLST,2,2,6,ORDE,2   
FITEM,2,2   
FITEM,2,-3  
VADD,P51X   
/ANG,1,30,YS,1  
/REP,FAST   
/ANG,1,30,YS,1  
/REP,FAST   
/ANG,1,30,YS,1  
/REP,FAST   
/ANG,1,30,YS,1  
/REP,FAST   
/ANG,1,30,YS,1  
/REP,FAST   
/ANG,1,30,YS,1  
/REP,FAST   
/ANG,1,30,YS,1  
/REP,FAST   
/ANG,1,30,YS,1  
/REP,FAST   
/ANG,1,30,YS,1  
/REP,FAST   
/ANG,1,30,YS,1  
/REP,FAST   
BLOCK,0,10,-1.5,1.5,0,5,
VSBV,       3,       1  
/VIEW,1,1,1,1   
/ANG,1  
/REP,FAST   
/VIEW,1,1,1,1   
/ANG,1  
/REP,FAST   
/VIEW,1,1,1,1   
/ANG,1  
/REP,FAST   
FLST,2,2,6,ORDE,2   
FITEM,2,2   
FITEM,2,4   
VADD,P51X   
/VIEW,1,1,1,1   
/ANG,1  
/REP,FAST   
/ANG,1,30,YS,1  
/REP,FAST   
/ANG,1,30,YS,1  
/REP,FAST   
/ANG,1,30,YS,1  
/REP,FAST   
!*  
KBETW,207,204,0,RATI,0.5,   
KWPAVE,     143 
BLOCK,0,6,-1.5,1.5,0,-2.5,  
FLST,2,2,6,ORDE,2   
FITEM,2,1   
FITEM,2,-2  
VADD,P51X   
/ANG,1,-30,YS,1 
/REP,FAST   
/ANG,1,-30,YS,1 
/REP,FAST   
/ANG,1,-30,YS,1 
/REP,FAST   
/ANG,1,-30,YS,1 
/REP,FAST   
/ANG,1,-30,YS,1 
/REP,FAST   
/ANG,1,-30,YS,1 
/REP,FAST   
/ANG,1,-30,YS,1 
/REP,FAST   
/ANG,1,-30,YS,1 
/REP,FAST   
/ANG,1,-30,ZS,1 
/REP,FAST   
/ANG,1,-30,ZS,1 
/REP,FAST   
/ANG,1,-30,ZS,1 
/REP,FAST   
/ANG,1,-30,ZS,1 
/REP,FAST   
/ANG,1,-30,ZS,1 
/REP,FAST   
/ANG,1,-30,ZS,1 
/REP,FAST   
/ANG,1,-30,ZS,1 
/REP,FAST   
/ANG,1,-30,ZS,1 
/REP,FAST   
/ANG,1,30,XS,1  
/REP,FAST   
/ANG,1,30,XS,1  
/REP,FAST   
/ANG,1,30,XS,1  
/REP,FAST   
/ANG,1,30,XS,1  
/REP,FAST   
/ANG,1,30,XS,1  
/REP,FAST   
/ANG,1,30,XS,1  
/REP,FAST   
/ANG,1,30,XS,1  
/REP,FAST   
/ANG,1,30,XS,1  
/REP,FAST   
/ANG,1,30,XS,1  
/REP,FAST   
/ANG,1,30,XS,1  
/REP,FAST   
/ANG,1,30,XS,1  
/REP,FAST   
/ANG,1,30,YS,1  
/REP,FAST   
/ANG,1,30,YS,1  
/REP,FAST   
/ANG,1,30,YS,1  
/REP,FAST   
/ANG,1,30,YS,1  
/REP,FAST   
/ANG,1,30,YS,1  
/REP,FAST   
/ANG,1,30,YS,1  
/REP,FAST   
/ANG,1,30,YS,1  
/REP,FAST   
/ANG,1,-30,YS,1 
/REP,FAST   
!*  
KBETW,202,201,0,RATI,0.5,   
KWPAVE,     147 
/ANG,1,30,YS,1  
/REP,FAST   
/ANG,1,-30,YS,1 
/REP,FAST   
/ANG,1,-30,YS,1 
/REP,FAST   
/ANG,1,-30,YS,1 
/REP,FAST   
CYL4,0,0,1.5, , , ,-1.5 
VDELE,       1  
/VIEW,1,1,1,1   
/ANG,1  
/REP,FAST   
CYL4,0,0,1.5, , , ,-2.5 
/ANG,1,30,YS,1  
/REP,FAST   
/ANG,1,30,YS,1  
/REP,FAST   
/ANG,1,30,YS,1  
/REP,FAST   
FLST,2,2,6,ORDE,2   
FITEM,2,1   
FITEM,2,3   
VADD,P51X   
CYL4,0,0,0.75, , , ,-2.5
VSBV,       2,       1  
/VIEW,1,1,1,1   
/ANG,1  
/REP,FAST   
SAVE
wpro,30.000000,,
wpro,30.000000,,
wpro,30.000000,,
wpro,30.000000,,
wpro,30.000000,,
wpro,30.000000,,
wpro,30.000000,,
wpro,30.000000,,
wpro,30.000000,,
wpro,-30.000000,,   
wpro,30.000000,,
wpro,-30.000000,,   
wpro,30.000000,,
wpro,30.000000,,
BLOCK,0,3,-1.5,1.5,0,-2.5,  
VDELE,       1  
/VIEW,1,1,1,1   
/ANG,1  
/REP,FAST   
BLOCK,0,3,-1.5,1.5,0,0.5,   
CYL4,0,0,1.5, , , ,0.5  
FLST,2,2,6,ORDE,2   
FITEM,2,1   
FITEM,2,-2  
VADD,P51X   
CYL4,0,0,0.75, , , ,0.5 
VSBV,       4,       1  
/VIEW,1,1,1,1   
/ANG,1  
/REP,FAST   
BLOCK,0,3,-1.5,1.5,-2.5,-3, 
/ANG,1,30,YS,1  
/REP,FAST   
/ANG,1,30,YS,1  
/REP,FAST   
/ANG,1,30,YS,1  
/REP,FAST   
/ANG,1,30,YS,1  
/REP,FAST   
/ANG,1,30,YS,1  
/REP,FAST   
/ANG,1,30,YS,1  
/REP,FAST   
!*  
KBETW,233,257,0,RATI,0.5,   
KWPAVE,     264 
CYL4,0,0,1.5, , , ,0.5  
FLST,2,2,6,ORDE,2   
FITEM,2,1   
FITEM,2,4   
VADD,P51X   
FLST,2,2,6,ORDE,2   
FITEM,2,1   
FITEM,2,4   
VADD,P51X   
/VIEW,1,1,1,1   
/ANG,1  
/REP,FAST   
/VIEW,1,1,1,1   
/ANG,1  
/REP,FAST   
/ANG,1,-30,YS,1 
/REP,FAST   
/ANG,1,-30,YS,1 
/REP,FAST   
VDELE,       4  
/VIEW,1,1,1,1   
/ANG,1  
/REP,FAST   
/ANG,1,30,YS,1  
/REP,FAST   
/ANG,1,30,YS,1  
/REP,FAST   
/ANG,1,30,YS,1  
/REP,FAST   
/ANG,1,30,YS,1  
/REP,FAST   
/ANG,1,30,YS,1  
/REP,FAST   
/ANG,1,30,YS,1  
/REP,FAST   
/ANG,1,30,YS,1  
/REP,FAST   
/ANG,1,-30,ZS,1 
/REP,FAST   
/ANG,1,-30,ZS,1 
/REP,FAST   
/ANG,1,-30,ZS,1 
/REP,FAST   
/ANG,1,-30,ZS,1 
/REP,FAST   
/ANG,1,-30,ZS,1 
/REP,FAST   
/ANG,1,-30,ZS,1 
/REP,FAST   
/ANG,1,-30,ZS,1 
/REP,FAST   
/ANG,1,-30,ZS,1 
/REP,FAST   
/ANG,1,-30,ZS,1 
/REP,FAST   
!*  
KBETW,256,257,0,RATI,0.5,   
KWPAVE,     273 
/ANG,1,30,YS,1  
/REP,FAST   
/ANG,1,30,YS,1  
/REP,FAST   
/ANG,1,30,YS,1  
/REP,FAST   
/ANG,1,30,YS,1  
/REP,FAST   
/ANG,1,30,YS,1  
/REP,FAST   
/ANG,1,30,YS,1  
/REP,FAST   
/ANG,1,30,YS,1  
/REP,FAST   
/ANG,1,30,YS,1  
/REP,FAST   
/ANG,1,30,YS,1  
/REP,FAST   
/ANG,1,30,YS,1  
/REP,FAST   
/ANG,1,30,YS,1  
/REP,FAST   
/ANG,1,30,YS,1  
/REP,FAST   
CYL4,0,0,1.5, , , ,0.5  
/ANG,1,-30,ZS,1 
/REP,FAST   
/ANG,1,30,ZS,1  
/REP,FAST   
/ANG,1,30,YS,1  
/REP,FAST   
/ANG,1,-30,YS,1 
/REP,FAST   
/ANG,1,-30,YS,1 
/REP,FAST   
FLST,2,2,6,ORDE,2   
FITEM,2,1   
FITEM,2,4   
VADD,P51X   
CYL4,0,0,0.75, , , ,0.5 
VSBV,       5,       1  
/VIEW,1,1,1,1   
/ANG,1  
/REP,FAST   
/ANG,1,-30,ZS,1 
/REP,FAST   
/ANG,1,-30,ZS,1 
/REP,FAST   
/ANG,1,-30,ZS,1 
/REP,FAST   
/ANG,1,30,ZS,1  
/REP,FAST   
/ANG,1,30,ZS,1  
/REP,FAST   
/ANG,1,30,ZS,1  
/REP,FAST   
/ANG,1,-30,YS,1 
/REP,FAST   
/ANG,1,-30,YS,1 
/REP,FAST   
/ANG,1,-30,YS,1 
/REP,FAST   
/ANG,1,-30,YS,1 
/REP,FAST   
/ANG,1,-30,YS,1 
/REP,FAST   
/ANG,1,-30,YS,1 
/REP,FAST   
/ANG,1,-30,YS,1 
/REP,FAST   
/ANG,1,-30,YS,1 
/REP,FAST   
/ANG,1,-30,YS,1 
/REP,FAST   
/ANG,1,-30,YS,1 
/REP,FAST   
!*  
KBETW,242,241,0,RATI,0.5,   
KWPAVE,     286 
/ANG,1,-30,ZS,1 
/REP,FAST   
/ANG,1,-30,ZS,1 
/REP,FAST   
/ANG,1,-30,ZS,1 
/REP,FAST   
/ANG,1,-30,ZS,1 
/REP,FAST   
/ANG,1,-30,ZS,1 
/REP,FAST   
/ANG,1,30,YS,1  
/REP,FAST   
/ANG,1,30,YS,1  
/REP,FAST   
/ANG,1,30,YS,1  
/REP,FAST   
/ANG,1,30,YS,1  
/REP,FAST   
/ANG,1,-30,YS,1 
/REP,FAST   
/ANG,1,-30,YS,1 
/REP,FAST   
/ANG,1,-30,YS,1 
/REP,FAST   
/ANG,1,-30,YS,1 
/REP,FAST   
/ANG,1,-30,YS,1 
/REP,FAST   
/ANG,1,-30,YS,1 
/REP,FAST   
/ANG,1,-30,YS,1 
/REP,FAST   
/ANG,1,-30,YS,1 
/REP,FAST   
/ANG,1,-30,YS,1 
/REP,FAST   
/ANG,1,-30,YS,1 
/REP,FAST   
/ANG,1,-30,ZS,1 
/REP,FAST   
/ANG,1,-30,ZS,1 
/REP,FAST   
/ANG,1,-30,ZS,1 
/REP,FAST   
/ANG,1,-30,ZS,1 
/REP,FAST   
/ANG,1,30,YS,1  
/REP,FAST   
/ANG,1,30,YS,1  
/REP,FAST   
/ANG,1,30,YS,1  
/REP,FAST   
/ANG,1,30,YS,1  
/REP,FAST   
BLOCK,0,6,-1.5,1.5,0,3.5,   
VDELE,       1  
/VIEW,1,1,1,1   
/ANG,1  
/REP,FAST   
FLST,2,3,6,ORDE,2   
FITEM,2,2   
FITEM,2,-4  
VADD,P51X   
BLOCK,0,6,-1.5,1.5,0,-3.5,  
FLST,2,2,6,ORDE,2   
FITEM,2,1   
FITEM,2,-2  
VADD,P51X   
/DIST, 1 ,1.082226,1
/REP,FAST   
/DIST, 1 ,1.082226,1
/REP,FAST   
/DIST, 1 ,1.082226,1
/REP,FAST   
/DIST, 1 ,1.082226,1
/REP,FAST   
/DIST, 1 ,1.082226,1
/REP,FAST   
/DIST, 1 ,0.924021,1
/REP,FAST   
/ANG,1,-30,YS,1 
/REP,FAST   
/ANG,1,30,YS,1  
/REP,FAST   
/ANG,1,-30,XS,1 
/REP,FAST   
/ANG,1,-30,XS,1 
/REP,FAST   
/ANG,1,-30,XS,1 
/REP,FAST   
/ANG,1,-30,XS,1 
/REP,FAST   
/ANG,1,-30,XS,1 
/REP,FAST   
/ANG,1,-30,XS,1 
/REP,FAST   
/ANG,1,-30,XS,1 
/REP,FAST   
/ANG,1,30,YS,1  
/REP,FAST   
/ANG,1,-30,YS,1 
/REP,FAST   
/ANG,1,-30,YS,1 
/REP,FAST   
/ANG,1,-30,YS,1 
/REP,FAST   
/ANG,1,-30,ZS,1 
/REP,FAST   
/ANG,1,30,ZS,1  
/REP,FAST   
SAVE
SAVE
/DIST, 1 ,0.924021,1
/REP,FAST   
/DIST, 1 ,0.924021,1
/REP,FAST   
SAVE
!*  
ET,1,SOLID185   
!*  
!*  
MPTEMP,,,,,,,,  
MPTEMP,1,0  
MPDATA,EX,1,,2e11   
MPDATA,PRXY,1,,0.3  
ESIZE,0.1,0,
MSHKEY,0
MSHAPE,1,3d 
CM,_Y,VOLU  
VSEL, , , ,       3 
CM,_Y1,VOLU 
CHKMSH,'VOLU'   
CMSEL,S,_Y  
!*  
VMESH,_Y1   
!*  
CMDELE,_Y   
CMDELE,_Y1  
CMDELE,_Y2  
!*  
/DIST, 1 ,1.082226,1
/REP,FAST   
/DIST, 1 ,1.082226,1
/REP,FAST   
/DIST, 1 ,0.924021,1
/REP,FAST   
/DIST, 1 ,0.924021,1
/REP,FAST   
/DIST, 1 ,0.924021,1
/REP,FAST   
/DIST, 1 ,0.924021,1
/REP,FAST   
/DIST, 1 ,0.924021,1
/REP,FAST   
/DIST, 1 ,0.924021,1
/REP,FAST   
/DIST, 1 ,0.924021,1
/REP,FAST   
/DIST, 1 ,0.924021,1
/REP,FAST   
/DIST, 1 ,0.924021,1
/REP,FAST   
/DIST, 1 ,0.924021,1
/REP,FAST   
RESUME  
/COM,ANSYS RELEASE Release 18.0      BUILD 18.0      UP20161219       15:39:26
/REPLOT,RESIZE  
!*  
ET,1,SOLID185   
!*  
!*  
MPTEMP,,,,,,,,  
MPTEMP,1,0  
MPDATA,EX,1,,2e11   
MPDATA,PRXY,1,,0.3  
ESIZE,0.5,0,
MSHKEY,0
MSHAPE,1,3d 
VADD,       3   
MSHKEY,0
MSHAPE,1,3d 
CM,_Y,VOLU  
VSEL, , , ,       3 
CM,_Y1,VOLU 
CHKMSH,'VOLU'   
CMSEL,S,_Y  
!*  
VMESH,_Y1   
!*  
CMDELE,_Y   
CMDELE,_Y1  
CMDELE,_Y2  
!*  
FINISH  
/SOL
/DIST, 1 ,1.082226,1
/REP,FAST   
/DIST, 1 ,1.082226,1
/REP,FAST   
/ANG,1,-30,XS,1 
/REP,FAST   
/ANG,1,-30,XS,1 
/REP,FAST   
FLST,2,1,5,ORDE,1   
FITEM,2,109 
!*  
/GO 
DA,P51X,ALL,
/ANG,1,30,YS,1  
/REP,FAST   
/DIST, 1 ,0.924021,1
/REP,FAST   
/ANG,1,-30,XS,1 
/REP,FAST   
/ANG,1,-30,XS,1 
/REP,FAST   
/ANG,1,-30,XS,1 
/REP,FAST   
/ANG,1,-30,XS,1 
/REP,FAST   
/ANG,1,-30,XS,1 
/REP,FAST   
/ANG,1,-30,XS,1 
/REP,FAST   
FLST,2,2,5,ORDE,2   
FITEM,2,49  
FITEM,2,-50 
/GO 
!*  
SFA,P51X,1,PRES,30  
/ANG,1,-30,YS,1 
/REP,FAST   
/ANG,1,-30,YS,1 
/REP,FAST   
/ANG,1,-30,YS,1 
/REP,FAST   
FLST,2,1,5,ORDE,1   
FITEM,2,109 
!*  
/GO 
DA,P51X,ALL,
/STATUS,SOLU
SOLVE   
/ANG,1,-30,XS,1 
/REP,FAST   
/ANG,1,-30,XS,1 
/REP,FAST   
/ANG,1,-30,XS,1 
/REP,FAST   
/ANG,1,-30,XS,1 
/REP,FAST   
/ANG,1,-30,XS,1 
/REP,FAST   
/ANG,1,-30,XS,1 
/REP,FAST   
/ANG,1,-30,XS,1 
/REP,FAST   
/ANG,1,-30,XS,1 
/REP,FAST   
/ANG,1,30,YS,1  
/REP,FAST   
/ANG,1,30,YS,1  
/REP,FAST   
/ANG,1,30,YS,1  
/REP,FAST   
/ANG,1,30,YS,1  
/REP,FAST   
/ANG,1,30,YS,1  
/REP,FAST   
/ANG,1,30,YS,1  
/REP,FAST   
/ANG,1,30,YS,1  
/REP,FAST   
/ANG,1,30,ZS,1  
/REP,FAST   
FINISH  
/POST1  
!*  
/EFACET,1   
PLNSOL, S,EQV, 0,1.0
/DIST, 1 ,0.924021,1
/REP,FAST   
/DIST, 1 ,0.924021,1
/REP,FAST   
/DIST, 1 ,0.924021,1
/REP,FAST   
/DIST, 1 ,0.924021,1
/REP,FAST   
/DIST, 1 ,0.924021,1
/REP,FAST   
/DIST, 1 ,1.082226,1
/REP,FAST   
/DIST, 1 ,1.082226,1
/REP,FAST   
/DIST, 1 ,1.082226,1
/REP,FAST   
!*  
/EFACET,1   
PLNSOL, U,SUM, 0,1.0
!*  
/EFACET,1   
PLNSOL, EPEL,EQV, 0,1.0 
/ANG,1,30,YS,1  
/REP,FAST   
/ANG,1,30,YS,1  
/REP,FAST   
/ANG,1,30,YS,1  
/REP,FAST   
/ANG,1,30,YS,1  
/REP,FAST   
/ANG,1,30,YS,1  
/REP,FAST   
/ANG,1,30,YS,1  
/REP,FAST   
RESUME  
/COM,ANSYS RELEASE Release 18.0      BUILD 18.0      UP20161219       15:43:32
FINISH  
/PREP7  
!*  
ET,1,SOLID185   
!*  
!*  
MPTEMP,,,,,,,,  
MPTEMP,1,0  
MPDATA,EX,1,,2e11   
MPDATA,PRXY,1,,0.3  
MSHKEY,0
MSHAPE,1,3d 
CM,_Y,VOLU  
VSEL, , , ,       3 
CM,_Y1,VOLU 
CHKMSH,'VOLU'   
CMSEL,S,_Y  
!*  
VMESH,_Y1   
!*  
CMDELE,_Y   
CMDELE,_Y1  
CMDELE,_Y2  
!*  
FINISH  
/SOL
/ANG,1,-30,YS,1 
/REP,FAST   
/ANG,1,-30,YS,1 
/REP,FAST   
/ANG,1,-30,YS,1 
/REP,FAST   
/ANG,1,-30,YS,1 
/REP,FAST   
/ANG,1,-30,YS,1 
/REP,FAST   
/ANG,1,-30,YS,1 
/REP,FAST   
/ANG,1,-30,YS,1 
/REP,FAST   
/ANG,1,-30,YS,1 
/REP,FAST   
/ANG,1,-30,YS,1 
/REP,FAST   
/ANG,1,-30,YS,1 
/REP,FAST   
/ANG,1,-30,XS,1 
/REP,FAST   
/ANG,1,-30,XS,1 
/REP,FAST   
FLST,2,1,5,ORDE,1   
FITEM,2,109 
!*  
/GO 
DA,P51X,ALL,
/ANG,1,30,YS,1  
/REP,FAST   
/ANG,1,30,YS,1  
/REP,FAST   
/ANG,1,30,YS,1  
/REP,FAST   
/ANG,1,30,YS,1  
/REP,FAST   
/ANG,1,30,YS,1  
/REP,FAST   
/ANG,1,30,YS,1  
/REP,FAST   
/ANG,1,30,YS,1  
/REP,FAST   
/ANG,1,-30,ZS,1 
/REP,FAST   
/ANG,1,30,ZS,1  
/REP,FAST   
/ANG,1,30,YS,1  
/REP,FAST   
/ANG,1,30,YS,1  
/REP,FAST   
FLST,2,2,5,ORDE,2   
FITEM,2,49  
FITEM,2,-50 
/GO 
!*  
SFA,P51X,1,PRES,3000
/STATUS,SOLU
/STATUS,SOLU
SOLVE   
FINISH  
/POST1  
!*  
/EFACET,1   
PLNSOL, EPEL,EQV, 0,1.0 
!*  
/EFACET,1   
PLNSOL, U,SUM, 0,1.0
/ANG,1,-30,YS,1 
/REP,FAST   
/ANG,1,-30,YS,1 
/REP,FAST   
/ANG,1,-30,YS,1 
/REP,FAST   
/ANG,1,-30,YS,1 
/REP,FAST   
/ANG,1,-30,YS,1 
/REP,FAST   
/ANG,1,-30,ZS,1 
/REP,FAST   
/ANG,1,-30,ZS,1 
/REP,FAST   
/ANG,1,30,ZS,1  
/REP,FAST   
!*  
/EFACET,1   
PLNSOL, S,EQV, 0,1.0
FINISH  
/SOL
RESUME  
/COM,ANSYS RELEASE Release 18.0      BUILD 18.0      UP20161219       15:56:10
FINISH  
/PREP7  
!*  
ET,1,PLANE182   
!*  
!*  
MPTEMP,,,,,,,,  
MPTEMP,1,0  
MPDATA,EX,1,,2e11   
MPDATA,PRXY,1,,0.3  
MSHKEY,0
MSHAPE,1,3d 
CM,_Y,VOLU  
VSEL, , , ,       3 
CM,_Y1,VOLU 
CHKMSH,'VOLU'   
CMSEL,S,_Y  
!*  
VMESH,_Y1   
!*  
CMDELE,_Y   
CMDELE,_Y1  
CMDELE,_Y2  
!*  
!*  
ETDEL,1 
!*  
ET,1,SOLID185   
!*  
!*  
MPTEMP,,,,,,,,  
MPTEMP,1,0  
MPDE,EX,1   
MPDE,PRXY,1 
MPDATA,EX,1,,2E+011 
MPDATA,PRXY,1,,0.3  
MSHKEY,0
MSHAPE,1,3d 
CM,_Y,VOLU  
VSEL, , , ,       3 
CM,_Y1,VOLU 
CHKMSH,'VOLU'   
CMSEL,S,_Y  
!*  
VMESH,_Y1   
!*  
CMDELE,_Y   
CMDELE,_Y1  
CMDELE,_Y2  
!*  
FINISH  
/SOL
!*  
ANTYPE,0
/ANG,1,-30,ZS,1 
/REP,FAST   
/ANG,1,30,ZS,1  
/REP,FAST   
/ANG,1,30,YS,1  
/REP,FAST   
/ANG,1,-30,YS,1 
/REP,FAST   
/DIST, 1 ,0.924021,1
/REP,FAST   
/ANG,1,-30,XS,1 
/REP,FAST   
FLST,2,1,5,ORDE,1   
FITEM,2,109 
!*  
/GO 
DA,P51X,ALL,
/PLOPTS,INFO,3  
/PLOPTS,LEG1,1  
/PLOPTS,LEG2,1  
/PLOPTS,LEG3,1  
/PLOPTS,FRAME,1 
/PLOPTS,TITLE,1 
/PLOPTS,MINM,1  
/PLOPTS,FILE,0  
/PLOPTS,SPNO,0  
/PLOPTS,LOGO,1  
/PLOPTS,WINS,1  
/PLOPTS,WP,0
/PLOPTS,DATE,2  
/TRIAD,RTOP 
/REPLOT 
!*  
/PLOPTS,INFO,3  
/PLOPTS,LEG1,1  
/PLOPTS,LEG2,1  
/PLOPTS,LEG3,1  
/PLOPTS,FRAME,1 
/PLOPTS,TITLE,1 
/PLOPTS,MINM,1  
/PLOPTS,FILE,0  
/PLOPTS,SPNO,0  
/PLOPTS,LOGO,1  
/PLOPTS,WINS,1  
/PLOPTS,WP,0
/PLOPTS,DATE,2  
/TRIAD,LTOP 
/REPLOT 
!*  
/ANG,1,-30,ZS,1 
/REP,FAST   
/ANG,1,30,ZS,1  
/REP,FAST   
/ANG,1,30,ZS,1  
/REP,FAST   
/ANG,1,30,ZS,1  
/REP,FAST   
/ANG,1,30,ZS,1  
/REP,FAST   
/ANG,1,30,ZS,1  
/REP,FAST   
/ANG,1,30,ZS,1  
/REP,FAST   
/ANG,1,30,ZS,1  
/REP,FAST   
/ANG,1,30,ZS,1  
/REP,FAST   
/ANG,1,30,ZS,1  
/REP,FAST   
/ANG,1,30,ZS,1  
/REP,FAST   
/ANG,1,30,ZS,1  
/REP,FAST   
/ANG,1,30,ZS,1  
/REP,FAST   
/ANG,1,30,ZS,1  
/REP,FAST   
/ANG,1,30,YS,1  
/REP,FAST   
/ANG,1,30,YS,1  
/REP,FAST   
/ANG,1,30,YS,1  
/REP,FAST   
/ANG,1,30,YS,1  
/REP,FAST   
/ANG,1,30,YS,1  
/REP,FAST   
/ANG,1,30,YS,1  
/REP,FAST   
ACEL,0,10,0,
/ANG,1,-30,XS,1 
/REP,FAST   
/ANG,1,-30,XS,1 
/REP,FAST   
/ANG,1,-30,XS,1 
/REP,FAST   
FLST,2,1,5,ORDE,1   
FITEM,2,79  
/GO 
!*  
SFA,P51X,1,PRES,300000  
FLST,2,1,5,ORDE,1   
FITEM,2,98  
/GO 
FLST,2,1,5,ORDE,1   
FITEM,2,79  
SFADELE,P51X,1,PRES 
/VIEW,1,1,1,1   
/ANG,1  
/REP,FAST   
/VIEW,1,,,1 
/ANG,1  
/REP,FAST   
/VIEW,1,,,1 
/ANG,1  
/REP,FAST   
/VIEW,1,,,1 
/ANG,1  
/REP,FAST   
/VIEW,1,1   
/ANG,1  
/REP,FAST   
/VIEW,1,1,1,1   
/ANG,1  
/REP,FAST   
/ANG,1,-30,YS,1 
/REP,FAST   
/ANG,1,-30,YS,1 
/REP,FAST   
/ANG,1,-30,YS,1 
/REP,FAST   
/ANG,1,-30,YS,1 
/REP,FAST   
/ANG,1,-30,XS,1 
/REP,FAST   
/ANG,1,-30,XS,1 
/REP,FAST   
/ANG,1,-30,XS,1 
/REP,FAST   
/ANG,1,-30,XS,1 
/REP,FAST   
/ANG,1,-30,XS,1 
/REP,FAST   
/ANG,1,-30,XS,1 
/REP,FAST   
/ANG,1,-30,XS,1 
/REP,FAST   
/ANG,1,-30,XS,1 
/REP,FAST   
/ANG,1,-30,XS,1 
/REP,FAST   
/ANG,1,-30,XS,1 
/REP,FAST   
/ANG,1,-30,XS,1 
/REP,FAST   
/ANG,1,-30,XS,1 
/REP,FAST   
/ANG,1,-30,XS,1 
/REP,FAST   
FLST,2,1,5,ORDE,1   
FITEM,2,60  
SFADELE,P51X,1,PRES 
FLST,2,1,5,ORDE,1   
FITEM,2,60  
FLST,2,1,5,ORDE,1   
FITEM,2,60  
/GO 
!*  
SFA,P51X,1,PRES,300000  
/STATUS,SOLU
SOLVE   
FINISH  
/POST1  
/ANG,1,30,YS,1  
/REP,FAST   
/ANG,1,30,YS,1  
/REP,FAST   
/ANG,1,30,YS,1  
/REP,FAST   
/ANG,1,-30,XS,1 
/REP,FAST   
/ANG,1,-30,XS,1 
/REP,FAST   
/ANG,1,-30,XS,1 
/REP,FAST   
/ANG,1,-30,XS,1 
/REP,FAST   
/ANG,1,-30,XS,1 
/REP,FAST   
/ANG,1,-30,XS,1 
/REP,FAST   
/ANG,1,-30,XS,1 
/REP,FAST   
/ANG,1,-30,XS,1 
/REP,FAST   
/ANG,1,-30,ZS,1 
/REP,FAST   
/ANG,1,30,ZS,1  
/REP,FAST   
/ANG,1,30,ZS,1  
/REP,FAST   
/ANG,1,30,ZS,1  
/REP,FAST   
/ANG,1,30,YS,1  
/REP,FAST   
/ANG,1,-30,YS,1 
/REP,FAST   
/ANG,1,-30,YS,1 
/REP,FAST   
/ANG,1,-30,XS,1 
/REP,FAST   
/ANG,1,30,XS,1  
/REP,FAST   
/ANG,1,30,XS,1  
/REP,FAST   
/ANG,1,30,XS,1  
/REP,FAST   
/ANG,1,-30,XS,1 
/REP,FAST   
!*  
/EFACET,1   
PLNSOL, S,EQV, 0,1.0
/DIST, 1 ,1.082226,1
/REP,FAST   
/DIST, 1 ,1.082226,1
/REP,FAST   
/ANG,1,30,YS,1  
/REP,FAST   
/ANG,1,30,YS,1  
/REP,FAST   
/ANG,1,30,YS,1  
/REP,FAST   
/ANG,1,30,YS,1  
/REP,FAST   
/ANG,1,30,YS,1  
/REP,FAST   
/ANG,1,30,YS,1  
/REP,FAST   
/ANG,1,30,YS,1  
/REP,FAST   
/ANG,1,30,YS,1  
/REP,FAST   
/ANG,1,30,YS,1  
/REP,FAST   
!*  
/EFACET,1   
PLNSOL, U,Y, 0,1.0  
/VIEW,1,1,1,1   
/ANG,1  
/REP,FAST   
/VIEW,1,1,2,3   
/ANG,1  
/REP,FAST   
/VIEW,1,,,1 
/ANG,1  
/REP,FAST   
/VIEW,1,1   
/ANG,1  
/REP,FAST   
/VIEW,1,1,1,1   
/ANG,1  
/REP,FAST   
/ANG,1,-30,XS,1 
/REP,FAST   
/ANG,1,-30,XS,1 
/REP,FAST   
/ANG,1,-30,XS,1 
/REP,FAST   
/ANG,1,-30,XS,1 
/REP,FAST   
/ANG,1,-30,XS,1 
/REP,FAST   
/ANG,1,-30,XS,1 
/REP,FAST   
/ANG,1,-30,XS,1 
/REP,FAST   
/ANG,1,30,YS,1  
/REP,FAST   
/ANG,1,-30,YS,1 
/REP,FAST   
/ANG,1,-30,YS,1 
/REP,FAST   
/ANG,1,-30,ZS,1 
/REP,FAST   
/ANG,1,30,ZS,1  
/REP,FAST   
/ANG,1,30,ZS,1  
/REP,FAST   
/ANG,1,-30,ZS,1 
/REP,FAST   
!*  
/EFACET,1   
PLNSOL, EPEL,EQV, 0,1.0 
!*  
/EFACET,1   
PLNSOL, U,SUM, 0,1.0
!*  
PRNSOL,U,COMP   
!*  
PRNSOL,U,COMP   
RESUME  
/COM,ANSYS RELEASE Release 18.0      BUILD 18.0      UP20161219       18:07:13
FINISH  
/PREP7  
!*  
ET,1,SOLID185   
!*  
!*  
MPTEMP,,,,,,,,  
MPTEMP,1,0  
MPDATA,EX,1,,2e11   
MPDATA,PRXY,1,,0.3  
MPTEMP,,,,,,,,  
MPTEMP,1,0  
MPDATA,DENS,1,,7.85 
MSHKEY,0
MSHAPE,1,3d 
CM,_Y,VOLU  
VSEL, , , ,       3 
CM,_Y1,VOLU 
CHKMSH,'VOLU'   
CMSEL,S,_Y  
!*  
VMESH,_Y1   
!*  
CMDELE,_Y   
CMDELE,_Y1  
CMDELE,_Y2  
!*  
FINISH  
/SOL
/ANG,1,-30,YS,1 
/REP,FAST   
/ANG,1,-30,ZS,1 
/REP,FAST   
/ANG,1,-30,ZS,1 
/REP,FAST   
/ANG,1,-30,ZS,1 
/REP,FAST   
/ANG,1,-30,ZS,1 
/REP,FAST   
/ANG,1,-30,ZS,1 
/REP,FAST   
/ANG,1,-30,ZS,1 
/REP,FAST   
/ANG,1,-30,XS,1 
/REP,FAST   
/ANG,1,-30,XS,1 
/REP,FAST   
FLST,2,1,5,ORDE,1   
FITEM,2,109 
!*  
/GO 
DA,P51X,ALL,
ACEL,0,9.8,0,   
/ANG,1,-30,YS,1 
/REP,FAST   
/ANG,1,-30,YS,1 
/REP,FAST   
/ANG,1,-30,YS,1 
/REP,FAST   
/ANG,1,-30,YS,1 
/REP,FAST   
/ANG,1,-30,YS,1 
/REP,FAST   
/ANG,1,-30,YS,1 
/REP,FAST   
/ANG,1,-30,YS,1 
/REP,FAST   
/ANG,1,-30,XS,1 
/REP,FAST   
/ANG,1,-30,XS,1 
/REP,FAST   
/ANG,1,-30,XS,1 
/REP,FAST   
/ANG,1,-30,XS,1 
/REP,FAST   
/ANG,1,-30,XS,1 
/REP,FAST   
/ANG,1,-30,XS,1 
/REP,FAST   
/ANG,1,-30,XS,1 
/REP,FAST   
/ANG,1,-30,XS,1 
/REP,FAST   
/ANG,1,-30,ZS,1 
/REP,FAST   
/ANG,1,30,ZS,1  
/REP,FAST   
/ANG,1,-30,XS,1 
/REP,FAST   
FLST,2,1,5,ORDE,1   
FITEM,2,79  
/GO 
!*  
SFA,P51X,1,PRES,300000  
/ANG,1,-30,XS,1 
/REP,FAST   
/ANG,1,30,XS,1  
/REP,FAST   
FLST,2,1,5,ORDE,1   
FITEM,2,79  
SFADELE,P51X,1,PRES 
/VIEW,1,1,1,1   
/ANG,1  
/REP,FAST   
/ANG,1,-30,XS,1 
/REP,FAST   
/ANG,1,-30,XS,1 
/REP,FAST   
/ANG,1,-30,XS,1 
/REP,FAST   
/ANG,1,-30,XS,1 
/REP,FAST   
/ANG,1,-30,XS,1 
/REP,FAST   
/ANG,1,-30,XS,1 
/REP,FAST   
/ANG,1,-30,XS,1 
/REP,FAST   
/ANG,1,-30,ZS,1 
/REP,FAST   
/ANG,1,30,ZS,1  
/REP,FAST   
/ANG,1,30,YS,1  
/REP,FAST   
/ANG,1,-30,YS,1 
/REP,FAST   
/ANG,1,-30,YS,1 
/REP,FAST   
/ANG,1,-30,YS,1 
/REP,FAST   
/ANG,1,-30,YS,1 
/REP,FAST   
/ANG,1,-30,XS,1 
/REP,FAST   
/ANG,1,30,XS,1  
/REP,FAST   
/ANG,1,30,XS,1  
/REP,FAST   
FLST,2,1,5,ORDE,1   
FITEM,2,60  
/GO 
!*  
SFA,P51X,1,PRES,300000  
/STATUS,SOLU
SOLVE   
FINISH  
/POST1  
!*  
/EFACET,1   
PLNSOL, U,SUM, 0,1.0
!*  
/EFACET,1   
PLNSOL, S,EQV, 0,1.0
!*  
/EFACET,1   
PLNSOL, EPEL,EQV, 0,1.0 
!*  
/EFACET,1   
PLNSOL, EPPL,EQV, 0,1.0 
PLDISP,1
/VIEW,1,1,2,3   
/ANG,1  
/REP,FAST   
/ANG,1,-30,XS,1 
/REP,FAST   
/ANG,1,-30,XS,1 
/REP,FAST   
/ANG,1,-30,XS,1 
/REP,FAST   
/ANG,1,-30,XS,1 
/REP,FAST   
/ANG,1,-30,XS,1 
/REP,FAST   
/ANG,1,-30,XS,1 
/REP,FAST   
/ANG,1,-30,XS,1 
/REP,FAST   
PLDISP,2
!*  
/EFACET,1   
PLNSOL, U,Y, 0,1.0  
!*  
/EFACET,1   
PLNSOL, U,SUM, 0,1.0
RESUME  
/COM,ANSYS RELEASE Release 18.0      BUILD 18.0      UP20161219       18:16:16
FINISH  
/PREP7  
FLST,3,1,8  
FITEM,3,4.54663336987,3.375,4   
K, ,P51X
/DIST, 1 ,0.924021,1
/REP,FAST   
/DIST, 1 ,1.082226,1
/REP,FAST   
KWPAVE,     297 
BLOCK,-1,1,-3,3,0,1.5,  
/ANG,1,30,YS,1  
/REP,FAST   
/ANG,1,30,YS,1  
/REP,FAST   
/ANG,1,30,YS,1  
/REP,FAST   
/ANG,1,30,YS,1  
/REP,FAST   
/ANG,1,30,YS,1  
/REP,FAST   
/ANG,1,30,YS,1  
/REP,FAST   
/ANG,1,30,YS,1  
/REP,FAST   
/ANG,1,30,YS,1  
/REP,FAST   
/ANG,1,30,YS,1  
/REP,FAST   
VDELE,       1  
/REPLOT 
BLOCK,-1,1,-3,3,0,-1.5, 
RESUME  
/COM,ANSYS RELEASE Release 18.0      BUILD 18.0      UP20161219       18:18:48
!*  
KBETW,31,19,0,RATI,0.5, 
/ANG,1,30,YS,1  
/REP,FAST   
/ANG,1,30,YS,1  
/REP,FAST   
/ANG,1,30,YS,1  
/REP,FAST   
/ANG,1,30,YS,1  
/REP,FAST   
/ANG,1,30,YS,1  
/REP,FAST   
/ANG,1,30,YS,1  
/REP,FAST   
/ANG,1,30,YS,1  
/REP,FAST   
/ANG,1,30,YS,1  
/REP,FAST   
/ANG,1,30,YS,1  
/REP,FAST   
/ANG,1,30,YS,1  
/REP,FAST   
/ANG,1,30,YS,1  
/REP,FAST   
/ANG,1,30,YS,1  
/REP,FAST   
/ANG,1,30,YS,1  
/REP,FAST   
!*  
!*  
!*  
!*  
RESUME  
/COM,ANSYS RELEASE Release 18.0      BUILD 18.0      UP20161219       18:20:15
/DIST, 1 ,0.924021,1
/REP,FAST   
/DIST, 1 ,0.924021,1
/REP,FAST   
/DIST, 1 ,0.924021,1
/REP,FAST   
/DIST, 1 ,0.924021,1
/REP,FAST   
/DIST, 1 ,1.082226,1
/REP,FAST   
!*  
KBETW,31,19,0,RATI,0.5, 
!*  
KBETW,142,63,0,RATI,0.5,
!*  
KBETW,297,298,0,RATI,0.5,   
KWPAVE,     301 
BLOCK,-1,1,-3,3,0,1.5,  
/ANG,1,-30,YS,1 
/REP,FAST   
/ANG,1,-30,YS,1 
/REP,FAST   
/ANG,1,-30,YS,1 
/REP,FAST   
/ANG,1,-30,YS,1 
/REP,FAST   
/ANG,1,-30,YS,1 
/REP,FAST   
/ANG,1,-30,YS,1 
/REP,FAST   
/ANG,1,-30,YS,1 
/REP,FAST   
/ANG,1,-30,YS,1 
/REP,FAST   
/ANG,1,-30,YS,1 
/REP,FAST   
/ANG,1,-30,YS,1 
/REP,FAST   
/ANG,1,-30,YS,1 
/REP,FAST   
VSBV,       3,       1  
/VIEW,1,1,1,1   
/ANG,1  
/REP,FAST   
/VIEW,1,1,1,1   
/ANG,1  
/REP,FAST   
/ANG,1,-30,YS,1 
/REP,FAST   
/ANG,1,-30,YS,1 
/REP,FAST   
/ANG,1,-30,YS,1 
/REP,FAST   
/ANG,1,-30,YS,1 
/REP,FAST   
/ANG,1,-30,YS,1 
/REP,FAST   
/ANG,1,-30,YS,1 
/REP,FAST   
/ANG,1,-30,YS,1 
/REP,FAST   
/ANG,1,-30,YS,1 
/REP,FAST   
/ANG,1,-30,YS,1 
/REP,FAST   
/ANG,1,-30,YS,1 
/REP,FAST   
/ANG,1,-30,YS,1 
/REP,FAST   
/ANG,1,-30,YS,1 
/REP,FAST   
/ANG,1,-30,YS,1 
/REP,FAST   
/ANG,1,-30,YS,1 
/REP,FAST   
/ANG,1,-30,YS,1 
/REP,FAST   
/ANG,1,-30,YS,1 
/REP,FAST   
/ANG,1,-30,YS,1 
/REP,FAST   
/ANG,1,-30,YS,1 
/REP,FAST   
/ANG,1,-30,YS,1 
/REP,FAST   
/ANG,1,-30,YS,1 
/REP,FAST   
/ANG,1,-30,YS,1 
/REP,FAST   
/ANG,1,-30,YS,1 
/REP,FAST   
/ANG,1,-30,YS,1 
/REP,FAST   
/ANG,1,-30,YS,1 
/REP,FAST   
/ANG,1,-30,YS,1 
/REP,FAST   
/ANG,1,-30,YS,1 
/REP,FAST   
/ANG,1,-30,YS,1 
/REP,FAST   
BLOCK,-1,1,-3,3,0,5,
VSBV,       2,       1  
/VIEW,1,1,1,1   
/ANG,1  
/REP,FAST   
/ANG,1,-30,XS,1 
/REP,FAST   
/ANG,1,-30,XS,1 
/REP,FAST   
/ANG,1,-30,XS,1 
/REP,FAST   
/ANG,1,-30,XS,1 
/REP,FAST   
/ANG,1,-30,XS,1 
/REP,FAST   
/ANG,1,-30,XS,1 
/REP,FAST   
/ANG,1,-30,XS,1 
/REP,FAST   
/ANG,1,-30,XS,1 
/REP,FAST   
/ANG,1,30,XS,1  
/REP,FAST   
/ANG,1,-30,ZS,1 
/REP,FAST   
/ANG,1,30,ZS,1  
/REP,FAST   
/ANG,1,30,YS,1  
/REP,FAST   
/ANG,1,-30,YS,1 
/REP,FAST   
/ANG,1,-30,YS,1 
/REP,FAST   
/DIST, 1 ,1.082226,1
/REP,FAST   
/DIST, 1 ,1.082226,1
/REP,FAST   
/DIST, 1 ,1.082226,1
/REP,FAST   
!*  
ET,1,SOLID185   
!*  
!*  
MPTEMP,,,,,,,,  
MPTEMP,1,0  
MPDATA,EX,1,,2e11   
MPDATA,PRXY,1,,0.3  
MPTEMP,,,,,,,,  
MPTEMP,1,0  
MPDATA,DENS,1,,7.85 
MSHKEY,0
MSHAPE,1,3d 
CM,_Y,VOLU  
VSEL, , , ,       3 
CM,_Y1,VOLU 
CHKMSH,'VOLU'   
CMSEL,S,_Y  
!*  
VMESH,_Y1   
!*  
CMDELE,_Y   
CMDELE,_Y1  
CMDELE,_Y2  
!*  
FINISH  
/SOL
/ANG,1,-30,ZS,1 
/REP,FAST   
/ANG,1,30,YS,1  
/REP,FAST   
/ANG,1,30,ZS,1  
/REP,FAST   
/ANG,1,-30,ZS,1 
/REP,FAST   
/ANG,1,30,ZS,1  
/REP,FAST   
/ANG,1,30,YS,1  
/REP,FAST   
/ANG,1,-30,YS,1 
/REP,FAST   
/ANG,1,-30,YS,1 
/REP,FAST   
/ANG,1,-30,XS,1 
/REP,FAST   
FLST,2,1,5,ORDE,1   
FITEM,2,109 
!*  
/GO 
DA,P51X,ALL,
ACEL,0,9.8,0,   
/ANG,1,-30,ZS,1 
/REP,FAST   
/ANG,1,30,ZS,1  
/REP,FAST   
/ANG,1,30,XS,1  
/REP,FAST   
/ANG,1,30,XS,1  
/REP,FAST   
/ANG,1,30,XS,1  
/REP,FAST   
/ANG,1,30,XS,1  
/REP,FAST   
/ANG,1,30,XS,1  
/REP,FAST   
/ANG,1,30,XS,1  
/REP,FAST   
/ANG,1,30,XS,1  
/REP,FAST   
/ANG,1,30,XS,1  
/REP,FAST   
/ANG,1,30,XS,1  
/REP,FAST   
/ANG,1,30,XS,1  
/REP,FAST   
/ANG,1,30,XS,1  
/REP,FAST   
/ANG,1,30,XS,1  
/REP,FAST   
/ANG,1,-30,XS,1 
/REP,FAST   
/ANG,1,-30,XS,1 
/REP,FAST   
/ANG,1,-30,XS,1 
/REP,FAST   
/ANG,1,-30,XS,1 
/REP,FAST   
/ANG,1,-30,XS,1 
/REP,FAST   
/ANG,1,-30,XS,1 
/REP,FAST   
/ANG,1,-30,XS,1 
/REP,FAST   
/ANG,1,-30,XS,1 
/REP,FAST   
/ANG,1,-30,XS,1 
/REP,FAST   
/ANG,1,-30,XS,1 
/REP,FAST   
FLST,2,1,5,ORDE,1   
FITEM,2,60  
/GO 
!*  
SFA,P51X,1,PRES,300000  
/STATUS,SOLU
SOLVE   
FINISH  
/POST1  
!*  
/EFACET,1   
PLNSOL, U,SUM, 2,1.0
!*  
/EFACET,1   
PLNSOL, S,EQV, 2,1.0
!*  
/EFACET,1   
PLNSOL, EPEL,EQV, 2,1.0 
/DIST, 1 ,0.924021,1
/REP,FAST   
/DIST, 1 ,0.924021,1
/REP,FAST   
/DIST, 1 ,1.082226,1
/REP,FAST   
FINISH  
! /EXIT,NOSAV   
