/BATCH  
/COM,ANSYS RELEASE Release 18.0      BUILD 18.0      UP20161219       18:32:36
/input,menust,tmp,''
/GRA,POWER
/GST,ON
/PLO,INFO,3
/GRO,CURL,ON
/CPLANE,1   
/REPLOT,RESIZE  
WPSTYLE,,,,,,,,0
/REPLOT 
/PREP7  
!*  
ET,1,SOLID185   
!*  
!*  
MPTEMP,,,,,,,,  
MPTEMP,1,0  
MPDATA,EX,1,,7e10   
MPDATA,PRXY,1,,0.33 
MPTEMP,,,,,,,,  
MPTEMP,1,0  
MPDATA,DENS,1,,7.85e3   
/PLOPTS,INFO,3  
/PLOPTS,LEG1,1  
/PLOPTS,LEG2,1  
/PLOPTS,LEG3,1  
/PLOPTS,FRAME,1 
/PLOPTS,TITLE,1 
/PLOPTS,MINM,1  
/PLOPTS,FILE,0  
/PLOPTS,SPNO,0  
/PLOPTS,LOGO,1  
/PLOPTS,WINS,1  
/PLOPTS,WP,0
/PLOPTS,DATE,2  
/TRIAD,OFF  
/REPLOT 
!*  
WPSTYLE,,,,,,,,1
!*  
!*  
BLOCK,0,0.3,0,0.2,0,0.1,
/DIST, 1 ,1.082226,1
/REP,FAST   
/DIST, 1 ,1.082226,1
/REP,FAST   
/DIST, 1 ,1.082226,1
/REP,FAST   
/VIEW,1,1,1,1   
/ANG,1  
/REP,FAST   
/DIST, 1 ,1.082226,1
/REP,FAST   
/DIST, 1 ,1.082226,1
/REP,FAST   
/DIST, 1 ,1.082226,1
/REP,FAST   
/DIST, 1 ,1.082226,1
/REP,FAST   
/DIST, 1 ,1.082226,1
/REP,FAST   
/DIST, 1 ,1.082226,1
/REP,FAST   
/DIST, 1 ,1.082226,1
/REP,FAST   
/DIST, 1 ,1.082226,1
/REP,FAST   
/DIST, 1 ,1.082226,1
/REP,FAST   
VDELE,       1  
/VIEW,1,1,1,1   
/ANG,1  
/REP,FAST   
BLOCK,0,0.6,0,0.2,0,0.1,
!*  
KBETW,8,5,0,RATI,0.5,   
KWPAVE,      17 
/ANG,1,30,YS,1  
/REP,FAST   
/ANG,1,30,YS,1  
/REP,FAST   
/ANG,1,30,YS,1  
/REP,FAST   
/ANG,1,30,YS,1  
/REP,FAST   
/ANG,1,-30,YS,1 
/REP,FAST   
/ANG,1,-30,YS,1 
/REP,FAST   
/ANG,1,-30,YS,1 
/REP,FAST   
/ANG,1,-30,YS,1 
/REP,FAST   
CYL4,0,0,0.1, , , ,-0.2 
VDELE,       2  
/VIEW,1,1,1,1   
/ANG,1  
/REP,FAST   
CYL4,0,0,0.1, , , ,-0.1 
FLST,2,2,6,ORDE,2   
FITEM,2,1   
FITEM,2,-2  
VADD,P51X   
/DIST, 1 ,1.082226,1
/REP,FAST   
/DIST, 1 ,1.082226,1
/REP,FAST   
/DIST, 1 ,1.082226,1
/REP,FAST   
CYL4,0,0,0.05, , , ,-0.1
VSBV,       3,       1  
/VIEW,1,1,1,1   
/ANG,1  
/REP,FAST   
wpro,30.000000,,
wpro,30.000000,,
wpro,-30.000000,,   
wpro,-30.000000,,   
wpro,30.000000,,
wpro,30.000000,,
wpro,30.000000,,
wpro,30.000000,,
wpro,30.000000,,
wpro,30.000000,,
wpro,30.000000,,
wpro,30.000000,,
wpro,-30.000000,,   
wpro,-30.000000,,   
wpro,-30.000000,,   
wpro,-30.000000,,   
wpro,-30.000000,,   
wpro,-30.000000,,   
wpro,-30.000000,,   
wpro,-30.000000,,   
wpro,30.000000,,
wpro,30.000000,,
wpro,30.000000,,
wpro,30.000000,,
wpro,30.000000,,
wpro,30.000000,,
wpro,30.000000,,
BLOCK,0,0.2,-0.1,0.1,0,-0.1,
VDELE,       1  
/VIEW,1,1,1,1   
/ANG,1  
/REP,FAST   
BLOCK,0,0.2,-0.1,0.1,0,0.02,
BLOCK,0,0.2,-0.1,0.1,-0.1,-0.12,
/VIEW,1,1,1,1   
/ANG,1  
/REP,FAST   
!*  
KBETW,50,53,0,RATI,0.5, 
KWPAVE,      62 
CYL4,0,0,-0.1, , , ,-0.02   
CYL4,0,0,0.1, , , ,-0.02
FLST,2,2,6,ORDE,2   
FITEM,2,1   
FITEM,2,4   
VADD,P51X   
CYL4,0,0,0.05, , , ,-0.1
VDELE,       1  
/VIEW,1,1,1,1   
/ANG,1  
/REP,FAST   
CYL4,0,0,0.05, , , ,-0.02   
VSBV,       5,       1  
/VIEW,1,1,1,1   
/ANG,1  
/REP,FAST   
/ANG,1,30,XS,1  
/REP,FAST   
/ANG,1,30,XS,1  
/REP,FAST   
/ANG,1,30,XS,1  
/REP,FAST   
/ANG,1,30,XS,1  
/REP,FAST   
/ANG,1,30,XS,1  
/REP,FAST   
/ANG,1,30,XS,1  
/REP,FAST   
/ANG,1,30,XS,1  
/REP,FAST   
/ANG,1,30,XS,1  
/REP,FAST   
/ANG,1,30,XS,1  
/REP,FAST   
/ANG,1,30,XS,1  
/REP,FAST   
/ANG,1,30,XS,1  
/REP,FAST   
/ANG,1,30,XS,1  
/REP,FAST   
/ANG,1,30,YS,1  
/REP,FAST   
/ANG,1,30,YS,1  
/REP,FAST   
/ANG,1,30,YS,1  
/REP,FAST   
/ANG,1,30,YS,1  
/REP,FAST   
/ANG,1,30,YS,1  
/REP,FAST   
/ANG,1,30,YS,1  
/REP,FAST   
/ANG,1,30,YS,1  
/REP,FAST   
/ANG,1,30,YS,1  
/REP,FAST   
/ANG,1,30,YS,1  
/REP,FAST   
!*  
KBETW,55,54,0,RATI,0.5, 
KWPAVE,      83 
CYL4,0,0,0.1, , , ,0.02 
FLST,2,2,6,ORDE,2   
FITEM,2,1   
FITEM,2,3   
/VIEW,1,1,1,1   
/ANG,1  
/REP,FAST   
/ANG,1,30,XS,1  
/REP,FAST   
/ANG,1,30,XS,1  
/REP,FAST   
/ANG,1,30,XS,1  
/REP,FAST   
/ANG,1,30,XS,1  
/REP,FAST   
/ANG,1,30,XS,1  
/REP,FAST   
/ANG,1,30,XS,1  
/REP,FAST   
/ANG,1,30,XS,1  
/REP,FAST   
/ANG,1,30,XS,1  
/REP,FAST   
/ANG,1,30,XS,1  
/REP,FAST   
/ANG,1,30,XS,1  
/REP,FAST   
/ANG,1,30,XS,1  
/REP,FAST   
/ANG,1,30,XS,1  
/REP,FAST   
/ANG,1,30,XS,1  
/REP,FAST   
/ANG,1,30,XS,1  
/REP,FAST   
/ANG,1,30,XS,1  
/REP,FAST   
/ANG,1,30,XS,1  
/REP,FAST   
/ANG,1,30,XS,1  
/REP,FAST   
FLST,2,2,6,ORDE,2   
FITEM,2,1   
FITEM,2,3   
VADD,P51X   
CYL4,0,0,0.05, , , ,0.02
VSBV,       5,       1  
/VIEW,1,1,1,1   
/ANG,1  
/REP,FAST   
/ANG,1,30,YS,1  
/REP,FAST   
/ANG,1,30,YS,1  
/REP,FAST   
/ANG,1,30,YS,1  
/REP,FAST   
/ANG,1,30,YS,1  
/REP,FAST   
/ANG,1,30,YS,1  
/REP,FAST   
/ANG,1,30,YS,1  
/REP,FAST   
/ANG,1,30,YS,1  
/REP,FAST   
/ANG,1,30,YS,1  
/REP,FAST   
/ANG,1,-30,YS,1 
/REP,FAST   
/ANG,1,-30,YS,1 
/REP,FAST   
/ANG,1,-30,YS,1 
/REP,FAST   
/ANG,1,-30,YS,1 
/REP,FAST   
/ANG,1,-30,YS,1 
/REP,FAST   
/ANG,1,-30,YS,1 
/REP,FAST   
/ANG,1,30,YS,1  
/REP,FAST   
!*  
KBETW,51,52,0,RATI,0.5, 
KWPAVE,      96 
BLOCK,0,0.47,-0.1,0.1,0,-0.14,  
FLST,2,3,6,ORDE,3   
FITEM,2,1   
FITEM,2,3   
FITEM,2,-4  
VADD,P51X   
/ANG,1,30,YS,1  
/REP,FAST   
/ANG,1,-30,YS,1 
/REP,FAST   
/ANG,1,30,XS,1  
/REP,FAST   
/ANG,1,-30,XS,1 
/REP,FAST   
/ANG,1,30,ZS,1  
/REP,FAST   
!*  
KBETW,102,103,0,RATI,0.5,   
KWPAVE,      51 
CYL4,0,0,0.1, , , ,-0.14
FLST,2,2,6,ORDE,2   
FITEM,2,1   
FITEM,2,5   
VADD,P51X   
CYL4,0,0,0.05, , , ,-0.14   
VSBV,       3,       1  
/VIEW,1,1,1,1   
/ANG,1  
/REP,FAST   
/ANG,1,-30,ZS,1 
/REP,FAST   
/ANG,1,30,ZS,1  
/REP,FAST   
/ANG,1,-30,YS,1 
/REP,FAST   
/ANG,1,30,YS,1  
/REP,FAST   
/ANG,1,30,YS,1  
/REP,FAST   
/DIST, 1 ,1.082226,1
/REP,FAST   
/DIST, 1 ,1.082226,1
/REP,FAST   
/DIST, 1 ,1.082226,1
/REP,FAST   
/DIST, 1 ,1.082226,1
/REP,FAST   
/DIST, 1 ,1.082226,1
/REP,FAST   
SAVE
BLOCK,0,0.2,-0.1,0.1,0,0.02,
/DIST, 1 ,0.924021,1
/REP,FAST   
/DIST, 1 ,0.924021,1
/REP,FAST   
/DIST, 1 ,0.924021,1
/REP,FAST   
/FOC,1,-0.3,,,1 
/REP,FAST   
/FOC,1,-0.3,,,1 
/REP,FAST   
!*  
KBETW,118,121,0,RATI,0.5,   
KWPAVE,     122 
/ANG,1,30,YS,1  
/REP,FAST   
/ANG,1,-30,YS,1 
/REP,FAST   
/ANG,1,-30,YS,1 
/REP,FAST   
CYL4,0,0,0.1, , , ,0.02 
VDELE,       3  
/VIEW,1,1,1,1   
/ANG,1  
/REP,FAST   
CYL4,0,0,0.1, , , ,-0.02
FLST,2,2,6,ORDE,2   
FITEM,2,1   
FITEM,2,3   
VADD,P51X   
BLOCK,0,0.2,-0.1,0.1,-0.14,-0.16,   
/VIEW,1,1,1,1   
/ANG,1  
/REP,FAST   
/VIEW,1,1,1,1   
/ANG,1  
/REP,FAST   
CYL4,0,0,0.05, , , ,-0.02   
VSBV,       5,       3  
/VIEW,1,1,1,1   
/ANG,1  
/REP,FAST   
/DIST, 1 ,1.082226,1
/REP,FAST   
/DIST, 1 ,1.082226,1
/REP,FAST   
/DIST, 1 ,1.082226,1
/REP,FAST   
/DIST, 1 ,1.082226,1
/REP,FAST   
/DIST, 1 ,0.924021,1
/REP,FAST   
/DIST, 1 ,0.924021,1
/REP,FAST   
/DIST, 1 ,0.924021,1
/REP,FAST   
/DIST, 1 ,0.924021,1
/REP,FAST   
/DIST, 1 ,0.924021,1
/REP,FAST   
/DIST, 1 ,0.924021,1
/REP,FAST   
SAVE
VPLOT   
LPLOT   
/DIST, 1 ,1.082226,1
/REP,FAST   
/DIST, 1 ,1.082226,1
/REP,FAST   
/DIST, 1 ,1.082226,1
/REP,FAST   
/DIST, 1 ,1.082226,1
/REP,FAST   
/DIST, 1 ,1.082226,1
/REP,FAST   
/DIST, 1 ,1.082226,1
/REP,FAST   
/DIST, 1 ,1.082226,1
/REP,FAST   
/DIST, 1 ,0.924021,1
/REP,FAST   
/DIST, 1 ,0.924021,1
/REP,FAST   
/DIST, 1 ,0.924021,1
/REP,FAST   
/DIST, 1 ,0.924021,1
/REP,FAST   
/DIST, 1 ,0.924021,1
/REP,FAST   
/DIST, 1 ,0.924021,1
/REP,FAST   
/DIST, 1 ,0.924021,1
/REP,FAST   
/DIST, 1 ,0.924021,1
/REP,FAST   
/DIST, 1 ,1.082226,1
/REP,FAST   
/DIST, 1 ,1.082226,1
/REP,FAST   
/DIST, 1 ,1.082226,1
/REP,FAST   
/DIST, 1 ,1.082226,1
/REP,FAST   
/DIST, 1 ,1.082226,1
/REP,FAST   
/DIST, 1 ,1.082226,1
/REP,FAST   
/DIST, 1 ,1.082226,1
/REP,FAST   
/DIST, 1 ,1.082226,1
/REP,FAST   
/DIST, 1 ,1.082226,1
/REP,FAST   
RESUME  
/COM,ANSYS RELEASE Release 18.0      BUILD 18.0      UP20161219       19:24:24
/ANG,1,30,YS,1  
/REP,FAST   
/ANG,1,30,YS,1  
/REP,FAST   
/ANG,1,30,YS,1  
/REP,FAST   
/ANG,1,30,YS,1  
/REP,FAST   
/ANG,1,30,YS,1  
/REP,FAST   
/ANG,1,30,YS,1  
/REP,FAST   
/ANG,1,30,YS,1  
/REP,FAST   
!*  
KBETW,99,103,0,RATI,0.5,
KWPAVE,     151 
/ANG,1,30,YS,1  
/REP,FAST   
/ANG,1,30,YS,1  
/REP,FAST   
/ANG,1,30,YS,1  
/REP,FAST   
/ANG,1,30,YS,1  
/REP,FAST   
/ANG,1,-30,YS,1 
/REP,FAST   
/ANG,1,-30,YS,1 
/REP,FAST   
CYL4,0,0,0.1, , , ,0.02 
/ANG,1,-30,YS,1 
/REP,FAST   
/ANG,1,-30,YS,1 
/REP,FAST   
/ANG,1,-30,YS,1 
/REP,FAST   
FLST,2,2,6,ORDE,2   
FITEM,2,1   
FITEM,2,3   
VADD,P51X   
CYL4,0,0,0.05, , , ,0.02
VSBV,       5,       1  
/VIEW,1,1,1,1   
/ANG,1  
/REP,FAST   
FLST,2,3,6,ORDE,3   
FITEM,2,3   
FITEM,2,-4  
FITEM,2,6   
VADD,P51X   
/VIEW,1,1,1,1   
/ANG,1  
/REP,FAST   
/DIST, 1 ,1.082226,1
/REP,FAST   
/DIST, 1 ,1.082226,1
/REP,FAST   
/DIST, 1 ,1.082226,1
/REP,FAST   
/DIST, 1 ,1.082226,1
/REP,FAST   
/DIST, 1 ,1.082226,1
/REP,FAST   
/DIST, 1 ,1.082226,1
/REP,FAST   
/DIST, 1 ,1.082226,1
/REP,FAST   
/DIST, 1 ,1.082226,1
/REP,FAST   
/DIST, 1 ,1.082226,1
/REP,FAST   
/DIST, 1 ,1.082226,1
/REP,FAST   
/DIST, 1 ,0.924021,1
/REP,FAST   
/DIST, 1 ,0.924021,1
/REP,FAST   
/DIST, 1 ,0.924021,1
/REP,FAST   
/DIST, 1 ,0.924021,1
/REP,FAST   
/DIST, 1 ,0.924021,1
/REP,FAST   
/DIST, 1 ,0.924021,1
/REP,FAST   
/DIST, 1 ,0.924021,1
/REP,FAST   
/DIST, 1 ,0.924021,1
/REP,FAST   
/DIST, 1 ,0.924021,1
/REP,FAST   
/DIST, 1 ,0.924021,1
/REP,FAST   
/DIST, 1 ,0.924021,1
/REP,FAST   
/DIST, 1 ,0.924021,1
/REP,FAST   
/DIST, 1 ,0.924021,1
/REP,FAST   
/DIST, 1 ,0.924021,1
/REP,FAST   
/DIST, 1 ,1.082226,1
/REP,FAST   
/DIST, 1 ,1.082226,1
/REP,FAST   
/DIST, 1 ,1.082226,1
/REP,FAST   
/DIST, 1 ,1.082226,1
/REP,FAST   
/DIST, 1 ,1.082226,1
/REP,FAST   
/DIST, 1 ,1.082226,1
/REP,FAST   
/DIST, 1 ,1.082226,1
/REP,FAST   
/DIST, 1 ,1.082226,1
/REP,FAST   
/DIST, 1 ,1.082226,1
/REP,FAST   
/DIST, 1 ,1.082226,1
/REP,FAST   
/DIST, 1 ,1.082226,1
/REP,FAST   
/DIST, 1 ,1.082226,1
/REP,FAST   
/DIST, 1 ,0.924021,1
/REP,FAST   
/DIST, 1 ,0.924021,1
/REP,FAST   
/DIST, 1 ,0.924021,1
/REP,FAST   
/DIST, 1 ,0.924021,1
/REP,FAST   
/DIST, 1 ,0.924021,1
/REP,FAST   
/DIST, 1 ,0.924021,1
/REP,FAST   
/DIST, 1 ,0.924021,1
/REP,FAST   
/DIST, 1 ,0.924021,1
/REP,FAST   
SAVE
/DIST, 1 ,0.924021,1
/REP,FAST   
/ANG,1,30,YS,1  
/REP,FAST   
/ANG,1,30,YS,1  
/REP,FAST   
/ANG,1,30,YS,1  
/REP,FAST   
!*  
KBETW,119,120,0,RATI,0.5,   
/DIST, 1 ,0.924021,1
/REP,FAST   
/DIST, 1 ,0.924021,1
/REP,FAST   
/DIST, 1 ,1.082226,1
/REP,FAST   
/DIST, 1 ,1.082226,1
/REP,FAST   
KWPAVE,      52 
/DIST, 1 ,1.082226,1
/REP,FAST   
/DIST, 1 ,1.082226,1
/REP,FAST   
/DIST, 1 ,1.082226,1
/REP,FAST   
/DIST, 1 ,1.082226,1
/REP,FAST   
/DIST, 1 ,1.082226,1
/REP,FAST   
/DIST, 1 ,1.082226,1
/REP,FAST   
/DIST, 1 ,1.082226,1
/REP,FAST   
/DIST, 1 ,0.924021,1
/REP,FAST   
/DIST, 1 ,0.924021,1
/REP,FAST   
/DIST, 1 ,0.924021,1
/REP,FAST   
/DIST, 1 ,0.924021,1
/REP,FAST   
/DIST, 1 ,0.924021,1
/REP,FAST   
/DIST, 1 ,0.924021,1
/REP,FAST   
/DIST, 1 ,0.924021,1
/REP,FAST   
/DIST, 1 ,0.924021,1
/REP,FAST   
RESUME  
/COM,ANSYS RELEASE Release 18.0      BUILD 18.0      UP20161219       19:31:23
VDELE,       1  
/VIEW,1,1,1,1   
/ANG,1  
/REP,FAST   
/DIST, 1 ,1.082226,1
/REP,FAST   
/DIST, 1 ,1.082226,1
/REP,FAST   
/DIST, 1 ,1.082226,1
/REP,FAST   
/DIST, 1 ,1.082226,1
/REP,FAST   
/DIST, 1 ,1.082226,1
/REP,FAST   
/DIST, 1 ,1.082226,1
/REP,FAST   
/DIST, 1 ,1.082226,1
/REP,FAST   
/DIST, 1 ,1.082226,1
/REP,FAST   
/DIST, 1 ,1.082226,1
/REP,FAST   
/DIST, 1 ,0.924021,1
/REP,FAST   
/DIST, 1 ,0.924021,1
/REP,FAST   
/DIST, 1 ,0.924021,1
/REP,FAST   
/DIST, 1 ,0.924021,1
/REP,FAST   
/DIST, 1 ,0.924021,1
/REP,FAST   
/DIST, 1 ,0.924021,1
/REP,FAST   
/DIST, 1 ,0.924021,1
/REP,FAST   
/DIST, 1 ,0.924021,1
/REP,FAST   
/DIST, 1 ,0.924021,1
/REP,FAST   
/DIST, 1 ,0.924021,1
/REP,FAST   
/FOC,1,0.3,,,1  
/REP,FAST   
/FOC,1,0.3,,,1  
/REP,FAST   
/FOC,1,0.3,,,1  
/REP,FAST   
!*  
KBETW,8,5,0,RATI,0.5,   
KWPAVE,      52 
BLOCK,0,0.2,-0.1,0.1,-0.14,-0.16,   
VDELE,       1  
/VIEW,1,1,1,1   
/ANG,1  
/REP,FAST   
BLOCK,0,0.2,-0.1,0.1,-0.1,-0.12,
/VIEW,1,1,1,1   
/ANG,1  
/REP,FAST   
/ANG,1,30,YS,1  
/REP,FAST   
/ANG,1,30,YS,1  
/REP,FAST   
/ANG,1,30,YS,1  
/REP,FAST   
/ANG,1,30,YS,1  
/REP,FAST   
/ANG,1,-30,YS,1 
/REP,FAST   
/ANG,1,-30,YS,1 
/REP,FAST   
/ANG,1,-30,YS,1 
/REP,FAST   
/ANG,1,-30,YS,1 
/REP,FAST   
/ANG,1,-30,YS,1 
/REP,FAST   
/ANG,1,30,YS,1  
/REP,FAST   
/ANG,1,30,YS,1  
/REP,FAST   
/FOC,1,0.3,,,1  
/REP,FAST   
/FOC,1,0.3,,,1  
/REP,FAST   
/DIST, 1 ,0.924021,1
/REP,FAST   
/DIST, 1 ,1.082226,1
/REP,FAST   
/DIST, 1 ,1.082226,1
/REP,FAST   
/DIST, 1 ,1.082226,1
/REP,FAST   
BLOCK,0,0.2,-0.1,0.1,0,0.02,
/VIEW,1,1,1,1   
/ANG,1  
/REP,FAST   
/VIEW,1,1,1,1   
/ANG,1  
/REP,FAST   
/ANG,1,30,YS,1  
/REP,FAST   
/ANG,1,-30,YS,1 
/REP,FAST   
/ANG,1,-30,YS,1 
/REP,FAST   
/ANG,1,30,YS,1  
/REP,FAST   
/ANG,1,30,YS,1  
/REP,FAST   
CYL4,0,0,0.1, , , ,-0.02
FLST,2,2,6,ORDE,2   
FITEM,2,3   
FITEM,2,-4  
VADD,P51X   
/VIEW,1,1,1,1   
/ANG,1  
/REP,FAST   
/VIEW,1,1,1,1   
/ANG,1  
/REP,FAST   
/VIEW,1,1,1,1   
/ANG,1  
/REP,FAST   
/VIEW,1,1,1,1   
/ANG,1  
/REP,FAST   
/VIEW,1,1,2,3   
/ANG,1  
/REP,FAST   
/ANG,1,30,YS,1  
/REP,FAST   
/ANG,1,30,YS,1  
/REP,FAST   
/ANG,1,30,YS,1  
/REP,FAST   
/ANG,1,-30,YS,1 
/REP,FAST   
/ANG,1,-30,YS,1 
/REP,FAST   
/ANG,1,-30,YS,1 
/REP,FAST   
/ANG,1,-30,YS,1 
/REP,FAST   
/ANG,1,-30,YS,1 
/REP,FAST   
/ANG,1,30,YS,1  
/REP,FAST   
VDELE,       5  
/VIEW,1,1,1,1   
/ANG,1  
/REP,FAST   
BLOCK,0,0.2,-0.1,0.1,0,0.02,
/ANG,1,-30,ZS,1 
/REP,FAST   
/ANG,1,30,YS,1  
/REP,FAST   
/ANG,1,30,ZS,1  
/REP,FAST   
/ANG,1,-30,YS,1 
/REP,FAST   
/ANG,1,30,YS,1  
/REP,FAST   
CYL4,0,0,0.1, , , ,0.02 
/VIEW,1,1,1,1   
/ANG,1  
/REP,FAST   
FLST,2,2,6,ORDE,2   
FITEM,2,3   
FITEM,2,-4  
VADD,P51X   
CYL4,0,0,0.05, , , ,0.02
VSBV,       5,       3  
/VIEW,1,1,1,1   
/ANG,1  
/REP,FAST   
/ANG,1,-30,ZS,1 
/REP,FAST   
/ANG,1,-30,ZS,1 
/REP,FAST   
/ANG,1,30,ZS,1  
/REP,FAST   
/ANG,1,30,ZS,1  
/REP,FAST   
/ANG,1,30,YS,1  
/REP,FAST   
/ANG,1,30,YS,1  
/REP,FAST   
/ANG,1,30,YS,1  
/REP,FAST   
/ANG,1,30,YS,1  
/REP,FAST   
/ANG,1,30,YS,1  
/REP,FAST   
/ANG,1,30,YS,1  
/REP,FAST   
/ANG,1,30,YS,1  
/REP,FAST   
/ANG,1,30,YS,1  
/REP,FAST   
/ANG,1,30,YS,1  
/REP,FAST   
!*  
KBETW,84,87,0,RATI,0.5, 
KWPAVE,     198 
/DIST, 1 ,0.924021,1
/REP,FAST   
/DIST, 1 ,0.924021,1
/REP,FAST   
/DIST, 1 ,0.924021,1
/REP,FAST   
/DIST, 1 ,0.924021,1
/REP,FAST   
/DIST, 1 ,0.924021,1
/REP,FAST   
CYL4,0,0,0.1, , , ,0.02 
/VIEW,1,1,1,1   
/ANG,1  
/REP,FAST   
/ANG,1,30,YS,1  
/REP,FAST   
/ANG,1,30,YS,1  
/REP,FAST   
/ANG,1,30,YS,1  
/REP,FAST   
/ANG,1,30,YS,1  
/REP,FAST   
/ANG,1,30,YS,1  
/REP,FAST   
/ANG,1,30,YS,1  
/REP,FAST   
/ANG,1,30,YS,1  
/REP,FAST   
FLST,2,2,6,ORDE,2   
FITEM,2,1   
FITEM,2,3   
VADD,P51X   
/VIEW,1,1,1,1   
/ANG,1  
/REP,FAST   
/ANG,1,30,YS,1  
/REP,FAST   
/ANG,1,30,YS,1  
/REP,FAST   
/ANG,1,30,YS,1  
/REP,FAST   
/ANG,1,30,YS,1  
/REP,FAST   
/ANG,1,30,YS,1  
/REP,FAST   
/ANG,1,30,YS,1  
/REP,FAST   
/ANG,1,30,YS,1  
/REP,FAST   
CYL4,0,0,0.05, , , ,0.02
VSBV,       5,       1  
/VIEW,1,1,1,1   
/ANG,1  
/REP,FAST   
/ANG,1,30,YS,1  
/REP,FAST   
/ANG,1,30,YS,1  
/REP,FAST   
/ANG,1,30,YS,1  
/REP,FAST   
/ANG,1,30,YS,1  
/REP,FAST   
/ANG,1,30,YS,1  
/REP,FAST   
/ANG,1,30,YS,1  
/REP,FAST   
/ANG,1,30,YS,1  
/REP,FAST   
/ANG,1,30,YS,1  
/REP,FAST   
/ANG,1,-30,YS,1 
/REP,FAST   
/ANG,1,-30,YS,1 
/REP,FAST   
/FOC,1,0.3,,,1  
/REP,FAST   
!*  
KBETW,98,97,0,RATI,0.5, 
KWPAVE,     211 
BLOCK,0,0.47,-0.1,0.1,0,0.14,   
/DIST, 1 ,1.082226,1
/REP,FAST   
/DIST, 1 ,1.082226,1
/REP,FAST   
/DIST, 1 ,1.082226,1
/REP,FAST   
/DIST, 1 ,1.082226,1
/REP,FAST   
/DIST, 1 ,1.082226,1
/REP,FAST   
/DIST, 1 ,1.082226,1
/REP,FAST   
/DIST, 1 ,1.082226,1
/REP,FAST   
/DIST, 1 ,1.082226,1
/REP,FAST   
/DIST, 1 ,1.082226,1
/REP,FAST   
/DIST, 1 ,1.082226,1
/REP,FAST   
/DIST, 1 ,1.082226,1
/REP,FAST   
/DIST, 1 ,1.082226,1
/REP,FAST   
/DIST, 1 ,0.924021,1
/REP,FAST   
/DIST, 1 ,0.924021,1
/REP,FAST   
/DIST, 1 ,0.924021,1
/REP,FAST   
/DIST, 1 ,0.924021,1
/REP,FAST   
/DIST, 1 ,0.924021,1
/REP,FAST   
/DIST, 1 ,0.924021,1
/REP,FAST   
/ANG,1,30,YS,1  
/REP,FAST   
FLST,2,3,6,ORDE,3   
FITEM,2,1   
FITEM,2,3   
FITEM,2,-4  
VADD,P51X   
/DIST, 1 ,1.082226,1
/REP,FAST   
/DIST, 1 ,1.082226,1
/REP,FAST   
/DIST, 1 ,1.082226,1
/REP,FAST   
/DIST, 1 ,1.082226,1
/REP,FAST   
/DIST, 1 ,0.924021,1
/REP,FAST   
!*  
KBETW,11,12,0,RATI,0.5, 
KWPAVE,     133 
/ANG,1,30,YS,1  
/REP,FAST   
/ANG,1,30,YS,1  
/REP,FAST   
/ANG,1,30,YS,1  
/REP,FAST   
/ANG,1,-30,YS,1 
/REP,FAST   
/ANG,1,-30,YS,1 
/REP,FAST   
/ANG,1,-30,YS,1 
/REP,FAST   
/ANG,1,-30,YS,1 
/REP,FAST   
/ANG,1,-30,YS,1 
/REP,FAST   
/ANG,1,-30,YS,1 
/REP,FAST   
/ANG,1,-30,YS,1 
/REP,FAST   
/ANG,1,-30,YS,1 
/REP,FAST   
/ANG,1,-30,YS,1 
/REP,FAST   
/ANG,1,-30,YS,1 
/REP,FAST   
/ANG,1,-30,YS,1 
/REP,FAST   
/ANG,1,-30,YS,1 
/REP,FAST   
/ANG,1,-30,YS,1 
/REP,FAST   
/ANG,1,-30,YS,1 
/REP,FAST   
/VIEW,1,1,1,1   
/ANG,1  
/REP,FAST   
/ANG,1,30,YS,1  
/REP,FAST   
/ANG,1,30,YS,1  
/REP,FAST   
!*  
KBETW,109,107,0,RATI,0.5,   
KWPAVE,     143 
/ANG,1,30,YS,1  
/REP,FAST   
CYL4,0,0,0.1, , , ,-0.1 
/VIEW,1,1,1,1   
/ANG,1  
/REP,FAST   
/ANG,1,30,YS,1  
/REP,FAST   
/ANG,1,30,YS,1  
/REP,FAST   
/ANG,1,30,YS,1  
/REP,FAST   
/ANG,1,30,YS,1  
/REP,FAST   
/ANG,1,30,YS,1  
/REP,FAST   
/ANG,1,-30,YS,1 
/REP,FAST   
/ANG,1,-30,YS,1 
/REP,FAST   
/ANG,1,-30,YS,1 
/REP,FAST   
VDELE,       1  
/VIEW,1,1,1,1   
/ANG,1  
/REP,FAST   
CYL4,0,0,0.1, , , ,-0.14
/VIEW,1,1,1,1   
/ANG,1  
/REP,FAST   
/ANG,1,30,YS,1  
/REP,FAST   
/ANG,1,30,YS,1  
/REP,FAST   
/ANG,1,30,YS,1  
/REP,FAST   
FLST,2,2,6,ORDE,2   
FITEM,2,1   
FITEM,2,5   
VADD,P51X   
/VIEW,1,1,1,1   
/ANG,1  
/REP,FAST   
/ANG,1,30,YS,1  
/REP,FAST   
/ANG,1,30,YS,1  
/REP,FAST   
/ANG,1,30,YS,1  
/REP,FAST   
/ANG,1,30,YS,1  
/REP,FAST   
/ANG,1,-30,YS,1 
/REP,FAST   
/ANG,1,-30,YS,1 
/REP,FAST   
CYL4,0,0,0.05, , , ,-0.14   
/VIEW,1,1,1,1   
/ANG,1  
/REP,FAST   
/ANG,1,30,YS,1  
/REP,FAST   
/ANG,1,30,YS,1  
/REP,FAST   
/ANG,1,30,YS,1  
/REP,FAST   
VSBV,       3,       1  
/VIEW,1,1,1,1   
/ANG,1  
/REP,FAST   
/ANG,1,30,YS,1  
/REP,FAST   
/ANG,1,30,YS,1  
/REP,FAST   
/ANG,1,30,YS,1  
/REP,FAST   
/ANG,1,-30,YS,1 
/REP,FAST   
/ANG,1,-30,YS,1 
/REP,FAST   
/ANG,1,30,YS,1  
/REP,FAST   
/ANG,1,30,YS,1  
/REP,FAST   
wpro,30.000000,,
wpro,30.000000,,
BLOCK,0,0.2,-0.1,0.1,0,0.02,
BLOCK,0,0.2,-0.1,0.1,-0.14,-0.16,   
/VIEW,1,1,1,1   
/ANG,1  
/REP,FAST   
/ANG,1,30,YS,1  
/REP,FAST   
/ANG,1,30,YS,1  
/REP,FAST   
/ANG,1,30,YS,1  
/REP,FAST   
/ANG,1,30,YS,1  
/REP,FAST   
/ANG,1,-30,YS,1 
/REP,FAST   
CYL4,0,0,0.1, , , ,0.02 
/VIEW,1,1,1,1   
/ANG,1  
/REP,FAST   
/ANG,1,30,YS,1  
/REP,FAST   
/ANG,1,30,YS,1  
/REP,FAST   
/ANG,1,30,YS,1  
/REP,FAST   
FLST,2,2,6,ORDE,2   
FITEM,2,1   
FITEM,2,5   
VADD,P51X   
CYL4,0,0,0.05, , , ,0.02
/VIEW,1,1,1,1   
/ANG,1  
/REP,FAST   
/ANG,1,30,YS,1  
/REP,FAST   
/ANG,1,30,YS,1  
/REP,FAST   
/ANG,1,30,YS,1  
/REP,FAST   
/ANG,1,30,YS,1  
/REP,FAST   
/ANG,1,-30,YS,1 
/REP,FAST   
VSBV,       6,       1  
/VIEW,1,1,1,1   
/ANG,1  
/REP,FAST   
/ANG,1,30,YS,1  
/REP,FAST   
/ANG,1,30,YS,1  
/REP,FAST   
/ANG,1,30,YS,1  
/REP,FAST   
/ANG,1,30,YS,1  
/REP,FAST   
/ANG,1,30,YS,1  
/REP,FAST   
/ANG,1,30,YS,1  
/REP,FAST   
/ANG,1,30,YS,1  
/REP,FAST   
/ANG,1,30,YS,1  
/REP,FAST   
/ANG,1,30,YS,1  
/REP,FAST   
/ANG,1,-30,YS,1 
/REP,FAST   
/ANG,1,30,YS,1  
/REP,FAST   
/ANG,1,30,YS,1  
/REP,FAST   
/ANG,1,-30,YS,1 
/REP,FAST   
/DIST, 1 ,0.924021,1
/REP,FAST   
/DIST, 1 ,0.924021,1
/REP,FAST   
/ANG,1,30,YS,1  
/REP,FAST   
/DIST, 1 ,0.924021,1
/REP,FAST   
/DIST, 1 ,0.924021,1
/REP,FAST   
/DIST, 1 ,0.924021,1
/REP,FAST   
/DIST, 1 ,0.924021,1
/REP,FAST   
/DIST, 1 ,0.924021,1
/REP,FAST   
/DIST, 1 ,0.924021,1
/REP,FAST   
/DIST, 1 ,0.924021,1
/REP,FAST   
/DIST, 1 ,0.924021,1
/REP,FAST   
!*  
KBETW,246,247,0,RATI,0.5,   
KWPAVE,     266 
/ANG,1,30,YS,1  
/REP,FAST   
/DIST, 1 ,1.082226,1
/REP,FAST   
/DIST, 1 ,1.082226,1
/REP,FAST   
/DIST, 1 ,1.082226,1
/REP,FAST   
/DIST, 1 ,1.082226,1
/REP,FAST   
/DIST, 1 ,1.082226,1
/REP,FAST   
/ANG,1,30,YS,1  
/REP,FAST   
/ANG,1,30,YS,1  
/REP,FAST   
/ANG,1,30,YS,1  
/REP,FAST   
/ANG,1,30,YS,1  
/REP,FAST   
/ANG,1,30,YS,1  
/REP,FAST   
/ANG,1,30,YS,1  
/REP,FAST   
/ANG,1,30,YS,1  
/REP,FAST   
/ANG,1,30,YS,1  
/REP,FAST   
/ANG,1,30,YS,1  
/REP,FAST   
/ANG,1,30,YS,1  
/REP,FAST   
/ANG,1,30,YS,1  
/REP,FAST   
CYL4,0,0,0.1, , , ,0.02 
/VIEW,1,1,1,1   
/ANG,1  
/REP,FAST   
/DIST, 1 ,1.082226,1
/REP,FAST   
/DIST, 1 ,1.082226,1
/REP,FAST   
/DIST, 1 ,1.082226,1
/REP,FAST   
/DIST, 1 ,1.082226,1
/REP,FAST   
/DIST, 1 ,1.082226,1
/REP,FAST   
/ANG,1,30,YS,1  
/REP,FAST   
/ANG,1,30,YS,1  
/REP,FAST   
/ANG,1,30,YS,1  
/REP,FAST   
/ANG,1,30,YS,1  
/REP,FAST   
/ANG,1,30,YS,1  
/REP,FAST   
/ANG,1,30,YS,1  
/REP,FAST   
/ANG,1,30,YS,1  
/REP,FAST   
FLST,2,2,6,ORDE,2   
FITEM,2,1   
FITEM,2,3   
VADD,P51X   
CYL4,0,0,0.05, , , ,0.02
VSBV,       6,       1  
/VIEW,1,1,1,1   
/ANG,1  
/REP,FAST   
SAVE
/ANG,1,30,YS,1  
/REP,FAST   
/ANG,1,30,YS,1  
/REP,FAST   
/ANG,1,30,YS,1  
/REP,FAST   
/ANG,1,30,YS,1  
/REP,FAST   
/ANG,1,30,YS,1  
/REP,FAST   
/ANG,1,30,YS,1  
/REP,FAST   
/ANG,1,30,YS,1  
/REP,FAST   
/ANG,1,30,YS,1  
/REP,FAST   
/ANG,1,-30,YS,1 
/REP,FAST   
/ANG,1,-30,YS,1 
/REP,FAST   
!*  
KBETW,248,249,0,RATI,0.5,   
KWPAVE,     279 
/DIST, 1 ,0.924021,1
/REP,FAST   
/DIST, 1 ,0.924021,1
/REP,FAST   
/DIST, 1 ,0.924021,1
/REP,FAST   
/DIST, 1 ,0.924021,1
/REP,FAST   
/DIST, 1 ,1.082226,1
/REP,FAST   
/DIST, 1 ,1.082226,1
/REP,FAST   
/DIST, 1 ,1.082226,1
/REP,FAST   
/DIST, 1 ,1.082226,1
/REP,FAST   
/ANG,1,30,YS,1  
/REP,FAST   
/ANG,1,30,YS,1  
/REP,FAST   
/ANG,1,-30,YS,1 
/REP,FAST   
/ANG,1,-30,YS,1 
/REP,FAST   
/ANG,1,-30,YS,1 
/REP,FAST   
/ANG,1,-30,YS,1 
/REP,FAST   
/ANG,1,-30,YS,1 
/REP,FAST   
/ANG,1,-30,YS,1 
/REP,FAST   
/ANG,1,-30,YS,1 
/REP,FAST   
/ANG,1,-30,YS,1 
/REP,FAST   
/ANG,1,-30,YS,1 
/REP,FAST   
/ANG,1,-30,YS,1 
/REP,FAST   
/ANG,1,-30,YS,1 
/REP,FAST   
/ANG,1,-30,YS,1 
/REP,FAST   
/ANG,1,-30,YS,1 
/REP,FAST   
/ANG,1,-30,YS,1 
/REP,FAST   
BLOCK,0,0.48,-0.1,0.1,0,0.16,   
VDELE,       1  
/VIEW,1,1,1,1   
/ANG,1  
/REP,FAST   
/ANG,1,30,YS,1  
/REP,FAST   
/ANG,1,30,YS,1  
/REP,FAST   
/ANG,1,30,YS,1  
/REP,FAST   
/ANG,1,30,YS,1  
/REP,FAST   
/ANG,1,30,YS,1  
/REP,FAST   
/ANG,1,30,YS,1  
/REP,FAST   
/ANG,1,30,YS,1  
/REP,FAST   
BLOCK,0,0.48,-0.1,0.1,0,0.18,   
/ANG,1,30,YS,1  
/REP,FAST   
/ANG,1,-30,YS,1 
/REP,FAST   
/ANG,1,-30,YS,1 
/REP,FAST   
FLST,2,3,6,ORDE,3   
FITEM,2,1   
FITEM,2,3   
FITEM,2,5   
VADD,P51X   
/VIEW,1,1,1,1   
/ANG,1  
/REP,FAST   
SAVE
/ANG,1,-30,ZS,1 
/REP,FAST   
/ANG,1,-30,ZS,1 
/REP,FAST   
/ANG,1,30,ZS,1  
/REP,FAST   
/ANG,1,30,ZS,1  
/REP,FAST   
/FOC,1,-0.3,,,1 
/REP,FAST   
/FOC,1,,-0.3,,1 
/REP,FAST   
VDELE,       6  
/VIEW,1,1,1,1   
/ANG,1  
/REP,FAST   
!*  
KBETW,113,111,0,RATI,0.5,   
KWPAVE,     243 
/ANG,1,30,YS,1  
/REP,FAST   
/ANG,1,30,YS,1  
/REP,FAST   
/ANG,1,30,YS,1  
/REP,FAST   
/ANG,1,-30,YS,1 
/REP,FAST   
wpro,30.000000,,
wpro,-30.000000,,   
wpro,-30.000000,,   
/DIST, 1 ,0.924021,1
/REP,FAST   
/DIST, 1 ,0.924021,1
/REP,FAST   
/DIST, 1 ,1.082226,1
/REP,FAST   
BLOCK,0,0.2,-0.1,0.1,0,0.02,
BLOCK,0,0.2,-0.1,0.1,-0.14,-0.16,   
/VIEW,1,1,1,1   
/ANG,1  
/REP,FAST   
/ANG,1,30,YS,1  
/REP,FAST   
/ANG,1,30,YS,1  
/REP,FAST   
/ANG,1,30,YS,1  
/REP,FAST   
/ANG,1,30,YS,1  
/REP,FAST   
/ANG,1,30,YS,1  
/REP,FAST   
/ANG,1,30,YS,1  
/REP,FAST   
/ANG,1,30,YS,1  
/REP,FAST   
/ANG,1,30,YS,1  
/REP,FAST   
/ANG,1,30,YS,1  
/REP,FAST   
/ANG,1,30,YS,1  
/REP,FAST   
/ANG,1,30,YS,1  
/REP,FAST   
/ANG,1,30,YS,1  
/REP,FAST   
/ANG,1,30,YS,1  
/REP,FAST   
/ANG,1,30,YS,1  
/REP,FAST   
CYL4,0,0,0.1, , , ,0.02 
/VIEW,1,1,1,1   
/ANG,1  
/REP,FAST   
/ANG,1,30,YS,1  
/REP,FAST   
/ANG,1,30,YS,1  
/REP,FAST   
/ANG,1,30,YS,1  
/REP,FAST   
FLST,2,2,6,ORDE,2   
FITEM,2,1   
FITEM,2,5   
VADD,P51X   
CYL4,0,0,0.05, , , ,0.02
VSBV,       6,       1  
/VIEW,1,1,1,1   
/ANG,1  
/REP,FAST   
/ANG,1,30,YS,1  
/REP,FAST   
/ANG,1,30,YS,1  
/REP,FAST   
/ANG,1,30,YS,1  
/REP,FAST   
/ANG,1,30,YS,1  
/REP,FAST   
/ANG,1,30,YS,1  
/REP,FAST   
/ANG,1,30,YS,1  
/REP,FAST   
/ANG,1,30,YS,1  
/REP,FAST   
/ANG,1,30,YS,1  
/REP,FAST   
/ANG,1,30,YS,1  
/REP,FAST   
/ANG,1,30,YS,1  
/REP,FAST   
/ANG,1,-30,YS,1 
/REP,FAST   
/ANG,1,30,YS,1  
/REP,FAST   
/DIST, 1 ,0.924021,1
/REP,FAST   
/DIST, 1 ,0.924021,1
/REP,FAST   
!*  
KBETW,301,302,0,RATI,0.5,   
KWPAVE,     321 
CYL4,0,0,0.1, , , ,0.02 
/VIEW,1,1,1,1   
/ANG,1  
/REP,FAST   
/ANG,1,30,YS,1  
/REP,FAST   
/ANG,1,30,YS,1  
/REP,FAST   
/ANG,1,30,YS,1  
/REP,FAST   
/ANG,1,30,YS,1  
/REP,FAST   
/ANG,1,30,YS,1  
/REP,FAST   
/ANG,1,30,YS,1  
/REP,FAST   
/ANG,1,30,YS,1  
/REP,FAST   
/DIST, 1 ,1.082226,1
/REP,FAST   
/DIST, 1 ,1.082226,1
/REP,FAST   
/DIST, 1 ,1.082226,1
/REP,FAST   
FLST,2,2,6,ORDE,2   
FITEM,2,1   
FITEM,2,3   
VADD,P51X   
CYL4,0,0,0.05, , , ,0.02
/VIEW,1,1,1,1   
/ANG,1  
/REP,FAST   
/ANG,1,30,YS,1  
/REP,FAST   
/ANG,1,30,YS,1  
/REP,FAST   
/ANG,1,30,YS,1  
/REP,FAST   
/ANG,1,30,YS,1  
/REP,FAST   
/ANG,1,30,YS,1  
/REP,FAST   
/ANG,1,30,YS,1  
/REP,FAST   
/ANG,1,30,YS,1  
/REP,FAST   
/ANG,1,30,YS,1  
/REP,FAST   
VSBV,       6,       1  
/VIEW,1,1,1,1   
/ANG,1  
/REP,FAST   
/ANG,1,-30,ZS,1 
/REP,FAST   
/ANG,1,-30,ZS,1 
/REP,FAST   
/ANG,1,-30,ZS,1 
/REP,FAST   
/ANG,1,-30,ZS,1 
/REP,FAST   
/ANG,1,30,YS,1  
/REP,FAST   
/ANG,1,30,ZS,1  
/REP,FAST   
/ANG,1,30,ZS,1  
/REP,FAST   
/ANG,1,30,ZS,1  
/REP,FAST   
/ANG,1,30,ZS,1  
/REP,FAST   
/ANG,1,-30,YS,1 
/REP,FAST   
/ANG,1,-30,YS,1 
/REP,FAST   
/ANG,1,-30,YS,1 
/REP,FAST   
/ANG,1,-30,YS,1 
/REP,FAST   
/ANG,1,-30,YS,1 
/REP,FAST   
/ANG,1,-30,YS,1 
/REP,FAST   
/ANG,1,-30,YS,1 
/REP,FAST   
/ANG,1,-30,YS,1 
/REP,FAST   
/ANG,1,-30,YS,1 
/REP,FAST   
/ANG,1,30,YS,1  
/REP,FAST   
/ANG,1,30,YS,1  
/REP,FAST   
/ANG,1,30,YS,1  
/REP,FAST   
/ANG,1,30,YS,1  
/REP,FAST   
/ANG,1,30,YS,1  
/REP,FAST   
/ANG,1,-30,YS,1 
/REP,FAST   
/ANG,1,-30,YS,1 
/REP,FAST   
/DIST, 1 ,0.924021,1
/REP,FAST   
/DIST, 1 ,0.924021,1
/REP,FAST   
!*  
KBETW,304,303,0,RATI,0.5,   
KWPAVE,     334 
BLOCK,0,0.48,-0.1,0.1,0,0.18,   
/ANG,1,30,YS,1  
/REP,FAST   
/ANG,1,-30,YS,1 
/REP,FAST   
/ANG,1,-30,YS,1 
/REP,FAST   
/ANG,1,-30,YS,1 
/REP,FAST   
/ANG,1,-30,YS,1 
/REP,FAST   
/DIST, 1 ,1.082226,1
/REP,FAST   
/DIST, 1 ,1.082226,1
/REP,FAST   
/DIST, 1 ,1.082226,1
/REP,FAST   
/DIST, 1 ,1.082226,1
/REP,FAST   
/DIST, 1 ,1.082226,1
/REP,FAST   
/DIST, 1 ,1.082226,1
/REP,FAST   
/DIST, 1 ,1.082226,1
/REP,FAST   
/DIST, 1 ,0.924021,1
/REP,FAST   
/DIST, 1 ,0.924021,1
/REP,FAST   
/DIST, 1 ,0.924021,1
/REP,FAST   
/FOC,1,-0.3,,,1 
/REP,FAST   
!*  
KBETW,340,341,0,RATI,0.5,   
KWPAVE,     343 
/FOC,1,,-0.3,,1 
/REP,FAST   
/DIST, 1 ,0.924021,1
/REP,FAST   
/DIST, 1 ,0.924021,1
/REP,FAST   
/DIST, 1 ,0.924021,1
/REP,FAST   
/DIST, 1 ,0.924021,1
/REP,FAST   
/DIST, 1 ,0.924021,1
/REP,FAST   
/DIST, 1 ,1.082226,1
/REP,FAST   
/DIST, 1 ,1.082226,1
/REP,FAST   
/DIST, 1 ,1.082226,1
/REP,FAST   
/DIST, 1 ,1.082226,1
/REP,FAST   
CYL4,0,0,0.1, , , ,-0.18
/VIEW,1,1,1,1   
/ANG,1  
/REP,FAST   
/ANG,1,30,YS,1  
/REP,FAST   
/ANG,1,30,YS,1  
/REP,FAST   
/ANG,1,30,YS,1  
/REP,FAST   
/ANG,1,30,YS,1  
/REP,FAST   
/ANG,1,-30,YS,1 
/REP,FAST   
FLST,2,2,6,ORDE,2   
FITEM,2,1   
FITEM,2,6   
VADD,P51X   
CYL4,0,0,0.05, , , ,-0.18   
/VIEW,1,1,1,1   
/ANG,1  
/REP,FAST   
/ANG,1,30,YS,1  
/REP,FAST   
/ANG,1,30,YS,1  
/REP,FAST   
/ANG,1,30,YS,1  
/REP,FAST   
/ANG,1,30,YS,1  
/REP,FAST   
/ANG,1,-30,YS,1 
/REP,FAST   
VSBV,       7,       1  
/VIEW,1,1,1,1   
/ANG,1  
/REP,FAST   
/ANG,1,30,YS,1  
/REP,FAST   
/ANG,1,30,YS,1  
/REP,FAST   
/ANG,1,30,YS,1  
/REP,FAST   
FLST,2,3,6,ORDE,3   
FITEM,2,3   
FITEM,2,5   
FITEM,2,-6  
VADD,P51X   
/VIEW,1,1,1,1   
/ANG,1  
/REP,FAST   
/FOC,1,,0.3,,1  
/REP,FAST   
/DIST, 1 ,0.924021,1
/REP,FAST   
/DIST, 1 ,0.924021,1
/REP,FAST   
/DIST, 1 ,1.082226,1
/REP,FAST   
/DIST, 1 ,1.082226,1
/REP,FAST   
SAVE
/FOC,1,-0.3,,,1 
/REP,FAST   
/FOC,1,-0.3,,,1 
/REP,FAST   
/FOC,1,0.3,,,1  
/REP,FAST   
/FOC,1,-0.3,,,1 
/REP,FAST   
/FOC,1,,-0.3,,1 
/REP,FAST   
/DIST, 1 ,0.924021,1
/REP,FAST   
/DIST, 1 ,0.924021,1
/REP,FAST   
/DIST, 1 ,0.924021,1
/REP,FAST   
/DIST, 1 ,0.924021,1
/REP,FAST   
/ANG,1,30,YS,1  
/REP,FAST   
/ANG,1,30,YS,1  
/REP,FAST   
/DIST, 1 ,1.082226,1
/REP,FAST   
/DIST, 1 ,1.082226,1
/REP,FAST   
/DIST, 1 ,1.082226,1
/REP,FAST   
wpro,30.000000,,
BLOCK,0,0.2,-0.1,0.1,0,0.02,
CYL4,0,0,0.1, , , ,0.02 
FLST,2,2,6,ORDE,2   
FITEM,2,3   
FITEM,2,5   
VADD,P51X   
BLOCK,0,0.2,-0.1,0.1,-0.18,-0.2,
/VIEW,1,1,1,1   
/ANG,1  
/REP,FAST   
/ANG,1,30,YS,1  
/REP,FAST   
/ANG,1,30,YS,1  
/REP,FAST   
/ANG,1,30,YS,1  
/REP,FAST   
/ANG,1,30,YS,1  
/REP,FAST   
/ANG,1,-30,YS,1 
/REP,FAST   
/ANG,1,-30,YS,1 
/REP,FAST   
CYL4,0,0,0.05, , , ,0.02
VSBV,       6,       5  
/VIEW,1,1,1,1   
/ANG,1  
/REP,FAST   
/ANG,1,30,YS,1  
/REP,FAST   
/ANG,1,30,YS,1  
/REP,FAST   
/ANG,1,30,YS,1  
/REP,FAST   
/ANG,1,30,YS,1  
/REP,FAST   
/ANG,1,30,YS,1  
/REP,FAST   
/ANG,1,30,YS,1  
/REP,FAST   
/ANG,1,30,YS,1  
/REP,FAST   
/ANG,1,30,YS,1  
/REP,FAST   
/ANG,1,30,YS,1  
/REP,FAST   
/ANG,1,30,YS,1  
/REP,FAST   
/ANG,1,-30,ZS,1 
/REP,FAST   
/ANG,1,30,ZS,1  
/REP,FAST   
/ANG,1,30,ZS,1  
/REP,FAST   
/ANG,1,-30,ZS,1 
/REP,FAST   
/ANG,1,-30,XS,1 
/REP,FAST   
/ANG,1,30,XS,1  
/REP,FAST   
/ANG,1,30,XS,1  
/REP,FAST   
!*  
KBETW,360,363,0,RATI,0.5,   
KWPAVE,     380 
CYL4,0,0,0.1, , , ,0.02 
FLST,2,2,6,ORDE,2   
FITEM,2,3   
FITEM,2,5   
VADD,P51X   
CYL4,0,0,0.05, , , ,0.02
VSBV,       6,       3  
/VIEW,1,1,1,1   
/ANG,1  
/REP,FAST   
/ANG,1,30,YS,1  
/REP,FAST   
/ANG,1,30,YS,1  
/REP,FAST   
/ANG,1,30,YS,1  
/REP,FAST   
/ANG,1,30,YS,1  
/REP,FAST   
/ANG,1,30,YS,1  
/REP,FAST   
/ANG,1,30,YS,1  
/REP,FAST   
/ANG,1,30,YS,1  
/REP,FAST   
/ANG,1,30,YS,1  
/REP,FAST   
/ANG,1,30,XS,1  
/REP,FAST   
/ANG,1,-30,XS,1 
/REP,FAST   
/ANG,1,30,ZS,1  
/REP,FAST   
/ANG,1,30,ZS,1  
/REP,FAST   
/ANG,1,-30,ZS,1 
/REP,FAST   
/DIST, 1 ,0.924021,1
/REP,FAST   
/FOC,1,0.3,,,1  
/REP,FAST   
/FOC,1,0.3,,,1  
/REP,FAST   
/DIST, 1 ,0.924021,1
/REP,FAST   
/DIST, 1 ,0.924021,1
/REP,FAST   
/DIST, 1 ,0.924021,1
/REP,FAST   
/DIST, 1 ,0.924021,1
/REP,FAST   
/DIST, 1 ,0.924021,1
/REP,FAST   
/DIST, 1 ,1.082226,1
/REP,FAST   
/DIST, 1 ,1.082226,1
/REP,FAST   
/ANG,1,-30,YS,1 
/REP,FAST   
/ANG,1,-30,YS,1 
/REP,FAST   
!*  
KBETW,367,365,0,RATI,0.5,   
KWPAVE,     393 
BLOCK,0,0.48,-0.1,0.1,0,2.2,
/DIST, 1 ,1.082226,1
/REP,FAST   
/DIST, 1 ,1.082226,1
/REP,FAST   
/DIST, 1 ,1.082226,1
/REP,FAST   
/DIST, 1 ,1.082226,1
/REP,FAST   
/DIST, 1 ,0.924021,1
/REP,FAST   
/DIST, 1 ,0.924021,1
/REP,FAST   
VDELE,       3  
/VIEW,1,1,1,1   
/ANG,1  
/REP,FAST   
/ANG,1,30,YS,1  
/REP,FAST   
/ANG,1,30,YS,1  
/REP,FAST   
/ANG,1,30,YS,1  
/REP,FAST   
/ANG,1,30,YS,1  
/REP,FAST   
/ANG,1,30,YS,1  
/REP,FAST   
/ANG,1,30,YS,1  
/REP,FAST   
/ANG,1,30,YS,1  
/REP,FAST   
BLOCK,0,0.48,-0.1,0.1,0,0.22,   
/ANG,1,30,YS,1  
/REP,FAST   
/ANG,1,30,YS,1  
/REP,FAST   
/ANG,1,-30,YS,1 
/REP,FAST   
/ANG,1,-30,YS,1 
/REP,FAST   
/ANG,1,-30,YS,1 
/REP,FAST   
/ANG,1,-30,YS,1 
/REP,FAST   
/ANG,1,-30,YS,1 
/REP,FAST   
/DIST, 1 ,1.082226,1
/REP,FAST   
/DIST, 1 ,1.082226,1
/REP,FAST   
/DIST, 1 ,1.082226,1
/REP,FAST   
/ANG,1,30,XS,1  
/REP,FAST   
/ANG,1,-30,XS,1 
/REP,FAST   
/VIEW,1,1,1,1   
/ANG,1  
/REP,FAST   
/DIST, 1 ,1.082226,1
/REP,FAST   
/DIST, 1 ,1.082226,1
/REP,FAST   
/DIST, 1 ,1.082226,1
/REP,FAST   
/DIST, 1 ,1.082226,1
/REP,FAST   
/DIST, 1 ,1.082226,1
/REP,FAST   
/DIST, 1 ,1.082226,1
/REP,FAST   
/DIST, 1 ,1.082226,1
/REP,FAST   
/DIST, 1 ,0.924021,1
/REP,FAST   
/DIST, 1 ,0.924021,1
/REP,FAST   
/DIST, 1 ,0.924021,1
/REP,FAST   
/DIST, 1 ,0.924021,1
/REP,FAST   
/DIST, 1 ,1.082226,1
/REP,FAST   
/DIST, 1 ,1.082226,1
/REP,FAST   
/ANG,1,30,ZS,1  
/REP,FAST   
/ANG,1,-30,ZS,1 
/REP,FAST   
/ANG,1,30,YS,1  
/REP,FAST   
/ANG,1,-30,YS,1 
/REP,FAST   
/ANG,1,30,XS,1  
/REP,FAST   
/ANG,1,-30,XS,1 
/REP,FAST   
/FOC,1,0.3,,,1  
/REP,FAST   
/DIST, 1 ,0.924021,1
/REP,FAST   
/DIST, 1 ,0.924021,1
/REP,FAST   
FLST,2,3,6,ORDE,3   
FITEM,2,3   
FITEM,2,5   
FITEM,2,7   
VADD,P51X   
/VIEW,1,1,1,1   
/ANG,1  
/REP,FAST   
SAVE
/REPLOT,RESIZE   
/REPLOT 
SAVE
MSHKEY,0
MSHAPE,1,3d 
FLST,2,4,6,ORDE,4   
FITEM,2,1   
FITEM,2,-2  
FITEM,2,4   
FITEM,2,6   
VADD,P51X   
/VIEW,1,1,1,1   
/ANG,1  
/REP,FAST   
MSHKEY,0
MSHAPE,1,3d 
CM,_Y,VOLU  
VSEL, , , ,       3 
CM,_Y1,VOLU 
CHKMSH,'VOLU'   
CMSEL,S,_Y  
!*  
VMESH,_Y1   
!*  
CMDELE,_Y   
CMDELE,_Y1  
CMDELE,_Y2  
!*  
/DIST, 1 ,0.924021,1
/REP,FAST   
/DIST, 1 ,0.924021,1
/REP,FAST   
/DIST, 1 ,0.924021,1
/REP,FAST   
/DIST, 1 ,0.924021,1
/REP,FAST   
/DIST, 1 ,1.082226,1
/REP,FAST   
/DIST, 1 ,1.082226,1
/REP,FAST   
/DIST, 1 ,1.082226,1
/REP,FAST   
/DIST, 1 ,0.924021,1
/REP,FAST   
/DIST, 1 ,0.924021,1
/REP,FAST   
/DIST, 1 ,0.924021,1
/REP,FAST   
/DIST, 1 ,0.924021,1
/REP,FAST   
/DIST, 1 ,0.924021,1
/REP,FAST   
/DIST, 1 ,0.924021,1
/REP,FAST   
/DIST, 1 ,0.924021,1
/REP,FAST   
/DIST, 1 ,0.924021,1
/REP,FAST   
/DIST, 1 ,0.924021,1
/REP,FAST   
/DIST, 1 ,1.082226,1
/REP,FAST   
/DIST, 1 ,1.082226,1
/REP,FAST   
/DIST, 1 ,1.082226,1
/REP,FAST   
/DIST, 1 ,1.082226,1
/REP,FAST   
/DIST, 1 ,1.082226,1
/REP,FAST   
/DIST, 1 ,1.082226,1
/REP,FAST   
/DIST, 1 ,1.082226,1
/REP,FAST   
/DIST, 1 ,1.082226,1
/REP,FAST   
/DIST, 1 ,1.082226,1
/REP,FAST   
/DIST, 1 ,0.924021,1
/REP,FAST   
/DIST, 1 ,0.924021,1
/REP,FAST   
/DIST, 1 ,1.082226,1
/REP,FAST   
/DIST, 1 ,1.082226,1
/REP,FAST   
/FOC,1,,0.3,,1  
/REP,FAST   
/DIST, 1 ,0.924021,1
/REP,FAST   
/DIST, 1 ,0.924021,1
/REP,FAST   
/DIST, 1 ,0.924021,1
/REP,FAST   
/DIST, 1 ,0.924021,1
/REP,FAST   
/DIST, 1 ,0.924021,1
/REP,FAST   
/DIST, 1 ,1.082226,1
/REP,FAST   
/DIST, 1 ,1.082226,1
/REP,FAST   
/DIST, 1 ,1.082226,1
/REP,FAST   
/DIST, 1 ,1.082226,1
/REP,FAST   
/FOC,1,,-0.3,,1 
/REP,FAST   
FINISH  
/SOL
/ANG,1,30,YS,1  
/REP,FAST   
/ANG,1,30,YS,1  
/REP,FAST   
/ANG,1,30,YS,1  
/REP,FAST   
/ANG,1,30,YS,1  
/REP,FAST   
/ANG,1,30,YS,1  
/REP,FAST   
FLST,2,1,5,ORDE,1   
FITEM,2,258 
!*  
/GO 
DA,P51X,ALL,
/ANG,1,30,YS,1  
/REP,FAST   
/ANG,1,30,YS,1  
/REP,FAST   
/ANG,1,30,YS,1  
/REP,FAST   
/ANG,1,30,YS,1  
/REP,FAST   
/ANG,1,30,YS,1  
/REP,FAST   
/ANG,1,30,YS,1  
/REP,FAST   
/ANG,1,30,YS,1  
/REP,FAST   
/VIEW,1,1,1,1   
/ANG,1  
/REP,FAST   
/VIEW,1,1,1,1   
/ANG,1  
/REP,FAST   
/VIEW,1,1,1,1   
/ANG,1  
/REP,FAST   
/ANG,1,30,YS,1  
/REP,FAST   
/ANG,1,30,YS,1  
/REP,FAST   
/ANG,1,30,YS,1  
/REP,FAST   
/ANG,1,30,YS,1  
/REP,FAST   
/ANG,1,30,YS,1  
/REP,FAST   
/ANG,1,-30,YS,1 
/REP,FAST   
/ANG,1,-30,YS,1 
/REP,FAST   
/ANG,1,-30,YS,1 
/REP,FAST   
/ANG,1,-30,YS,1 
/REP,FAST   
/ANG,1,-30,YS,1 
/REP,FAST   
/PLOPTS,INFO,3  
/PLOPTS,LEG1,1  
/PLOPTS,LEG2,1  
/PLOPTS,LEG3,1  
/PLOPTS,FRAME,1 
/PLOPTS,TITLE,1 
/PLOPTS,MINM,1  
/PLOPTS,FILE,0  
/PLOPTS,SPNO,0  
/PLOPTS,LOGO,1  
/PLOPTS,WINS,1  
/PLOPTS,WP,0
/PLOPTS,DATE,2  
/TRIAD,RBOT 
/REPLOT 
!*  
ACEL,0,-9.8,0,  
/ANG,1,30,YS,1  
/REP,FAST   
/ANG,1,-30,YS,1 
/REP,FAST   
/ANG,1,-30,YS,1 
/REP,FAST   
/ANG,1,30,YS,1  
/REP,FAST   
FINISH  
/PREP7  
!*  
KBETW,15,11,0,RATI,0.5, 
KWPAVE,     112 
KWPAVE,     412 
FINISH  
/SOL
FLST,2,1,3,ORDE,1   
FITEM,2,412 
!*  
/GO 
FK,P51X,FY,-10  
FLST,2,1,3,ORDE,1   
FITEM,2,412 
FKDELE,P51X,ALL 
FLST,2,1,3,ORDE,1   
FITEM,2,412 
!*  
/GO 
FK,P51X,FX,-10  
FLST,2,1,3,ORDE,1   
FITEM,2,412 
FKDELE,P51X,ALL 
FLST,2,1,3,ORDE,1   
FITEM,2,412 
!*  
/GO 
FK,P51X,FY,-10  
/VIEW,1,1,1,1   
/ANG,1  
/REP,FAST   
/STATUS,SOLU
SOLVE   
FINISH  
/POST1  
!*  
/EFACET,1   
PLNSOL, U,SUM, 0,1.0
!*  
/EFACET,1   
PLNSOL, U,SUM, 2,1.0
!*  
/EFACET,1   
PLNSOL, U,SUM, 1,1.0
!*  
/EFACET,1   
PLNSOL, U,SUM, 2,1.0
/VIEW,1,1,2,3   
/ANG,1  
/REP,FAST   
/DIST, 1 ,1.082226,1
/REP,FAST   
/DIST, 1 ,1.082226,1
/REP,FAST   
/DIST, 1 ,1.082226,1
/REP,FAST   
/DIST, 1 ,1.082226,1
/REP,FAST   
/DIST, 1 ,0.924021,1
/REP,FAST   
/DIST, 1 ,0.924021,1
/REP,FAST   
/DIST, 1 ,1.082226,1
/REP,FAST   
/DIST, 1 ,1.082226,1
/REP,FAST   
/DIST, 1 ,1.082226,1
/REP,FAST   
/DIST, 1 ,1.082226,1
/REP,FAST   
/DIST, 1 ,1.082226,1
/REP,FAST   
/DIST, 1 ,0.924021,1
/REP,FAST   
/DIST, 1 ,0.924021,1
/REP,FAST   
/DIST, 1 ,0.924021,1
/REP,FAST   
/DIST, 1 ,0.924021,1
/REP,FAST   
/DIST, 1 ,0.924021,1
/REP,FAST   
/DIST, 1 ,1.082226,1
/REP,FAST   
/DIST, 1 ,1.082226,1
/REP,FAST   
/VIEW,1,,,1 
/ANG,1  
/REP,FAST   
/DIST, 1 ,1.082226,1
/REP,FAST   
/DIST, 1 ,1.082226,1
/REP,FAST   
/DIST, 1 ,1.082226,1
/REP,FAST   
RESUME  
/COM,ANSYS RELEASE Release 18.0      BUILD 18.0      UP20161219       00:34:08
/REPLOT,RESIZE  
FINISH  
/SOL
FINISH  
/PREP7  
FLST,2,4,6,ORDE,4   
FITEM,2,1   
FITEM,2,-2  
FITEM,2,4   
FITEM,2,6   
VADD,P51X   
MSHKEY,0
MSHAPE,1,3d 
CM,_Y,VOLU  
VSEL, , , ,       3 
CM,_Y1,VOLU 
CHKMSH,'VOLU'   
CMSEL,S,_Y  
!*  
VMESH,_Y1   
!*  
CMDELE,_Y   
CMDELE,_Y1  
CMDELE,_Y2  
!*  
FINISH  
/SOL
!*  
ANTYPE,0
/ANG,1,-30,YS,1 
/REP,FAST   
/ANG,1,-30,YS,1 
/REP,FAST   
/ANG,1,-30,YS,1 
/REP,FAST   
/ANG,1,-30,YS,1 
/REP,FAST   
/ANG,1,-30,YS,1 
/REP,FAST   
/ANG,1,-30,YS,1 
/REP,FAST   
/DIST, 1 ,1.082226,1
/REP,FAST   
FLST,2,1,5,ORDE,1   
FITEM,2,258 
!*  
/GO 
DA,P51X,ALL,
/PLOPTS,INFO,1  
/PLOPTS,LEG1,1  
/PLOPTS,LEG2,1  
/PLOPTS,LEG3,1  
/PLOPTS,FRAME,1 
/PLOPTS,TITLE,1 
/PLOPTS,MINM,1  
/PLOPTS,FILE,0  
/PLOPTS,SPNO,0  
/PLOPTS,LOGO,1  
/PLOPTS,WINS,1  
/PLOPTS,WP,0
/PLOPTS,DATE,2  
/TRIAD,RTOP 
/REPLOT 
!*  
/VIEW,1,1,1,1   
/ANG,1  
/REP,FAST   
/DIST, 1 ,1.082226,1
/REP,FAST   
/DIST, 1 ,1.082226,1
/REP,FAST   
/DIST, 1 ,1.082226,1
/REP,FAST   
/DIST, 1 ,1.082226,1
/REP,FAST   
/DIST, 1 ,1.082226,1
/REP,FAST   
/DIST, 1 ,1.082226,1
/REP,FAST   
/VIEW,1,,,1 
/ANG,1  
/REP,FAST   
/ANG,1,-30,ZS,1 
/REP,FAST   
/ANG,1,-30,ZS,1 
/REP,FAST   
/ANG,1,-30,ZS,1 
/REP,FAST   
/ANG,1,-30,ZS,1 
/REP,FAST   
/ANG,1,-30,ZS,1 
/REP,FAST   
/ANG,1,-30,ZS,1 
/REP,FAST   
/ANG,1,-30,ZS,1 
/REP,FAST   
/ANG,1,-30,ZS,1 
/REP,FAST   
/ANG,1,-30,ZS,1 
/REP,FAST   
/ANG,1,-30,ZS,1 
/REP,FAST   
/ANG,1,-30,ZS,1 
/REP,FAST   
/ANG,1,-30,ZS,1 
/REP,FAST   
/DIST, 1 ,0.924021,1
/REP,FAST   
ACEL,0,-9.8,0,  
/VIEW,1,1,1,1   
/ANG,1  
/REP,FAST   
/DIST, 1 ,0.924021,1
/REP,FAST   
/DIST, 1 ,0.924021,1
/REP,FAST   
/DIST, 1 ,0.924021,1
/REP,FAST   
/DIST, 1 ,0.924021,1
/REP,FAST   
/DIST, 1 ,0.924021,1
/REP,FAST   
/DIST, 1 ,0.924021,1
/REP,FAST   
/DIST, 1 ,1.082226,1
/REP,FAST   
/DIST, 1 ,1.082226,1
/REP,FAST   
FINISH  
/PREP7  
!*  
KBETW,15,11,0,RATI,0.5, 
KWPAVE,     412 
/DIST, 1 ,0.924021,1
/REP,FAST   
/DIST, 1 ,0.924021,1
/REP,FAST   
/DIST, 1 ,0.924021,1
/REP,FAST   
/DIST, 1 ,1.082226,1
/REP,FAST   
/DIST, 1 ,1.082226,1
/REP,FAST   
/DIST, 1 ,1.082226,1
/REP,FAST   
/DIST, 1 ,0.924021,1
/REP,FAST   
/DIST, 1 ,0.924021,1
/REP,FAST   
/DIST, 1 ,1.082226,1
/REP,FAST   
FINISH  
/SOL
FLST,2,1,3,ORDE,1   
FITEM,2,412 
!*  
/GO 
FK,P51X,FY,-10  
/STATUS,SOLU
SOLVE   
FINISH  
/POST1  
!*  
/EFACET,1   
PLNSOL, U,SUM, 2,1.0
PLDISP,2
!*  
PRNSOL,U,COMP   
/DIST, 1 ,1.082226,1
/REP,FAST   
/VIEW,1,1,1,1   
/ANG,1  
/REP,FAST   
/DIST, 1 ,0.924021,1
/REP,FAST   
/DIST, 1 ,0.924021,1
/REP,FAST   
/DIST, 1 ,0.924021,1
/REP,FAST   
/DIST, 1 ,0.924021,1
/REP,FAST   
/DIST, 1 ,1.082226,1
/REP,FAST   
/DIST, 1 ,1.082226,1
/REP,FAST   
/DIST, 1 ,1.082226,1
/REP,FAST   
/DIST, 1 ,1.082226,1
/REP,FAST   
/DIST, 1 ,0.924021,1
/REP,FAST   
/DIST, 1 ,0.924021,1
/REP,FAST   
/DIST, 1 ,0.924021,1
/REP,FAST   
/DIST, 1 ,0.924021,1
/REP,FAST   
/DIST, 1 ,0.924021,1
/REP,FAST   
/DIST, 1 ,0.924021,1
/REP,FAST   
/DIST, 1 ,0.924021,1
/REP,FAST   
/DIST, 1 ,1.082226,1
/REP,FAST   
/DIST, 1 ,1.082226,1
/REP,FAST   
/DIST, 1 ,1.082226,1
/REP,FAST   
/DIST, 1 ,1.082226,1
/REP,FAST   
/DIST, 1 ,1.082226,1
/REP,FAST   
/DIST, 1 ,1.082226,1
/REP,FAST   
/DIST, 1 ,1.082226,1
/REP,FAST   
FINISH  
/SOL
FINISH  
FINISH  
FINISH  
FINISH  
/POST1  
FINISH  
/SOL
FLST,2,1,3,ORDE,1   
FITEM,2,412 
!*  
/GO 
FK,P51X,FY,-100 
/STATUS,SOLU
SOLVE   
FINISH  
/POST1  
!*  
/EFACET,1   
PLNSOL, U,SUM, 2,1.0
/VIEW,1,1,2,3   
/ANG,1  
/REP,FAST   
/VIEW,1,1,2,3   
/ANG,1  
/REP,FAST   
/VIEW,1,1,2,3   
/ANG,1  
/REP,FAST   
/VIEW,1,1,2,3   
/ANG,1  
/REP,FAST   
/VIEW,1,1,1,1   
/ANG,1  
/REP,FAST   
/VIEW,1,1,1,1   
/ANG,1  
/REP,FAST   
/VIEW,1,1,1,1   
/ANG,1  
/REP,FAST   
/VIEW,1,1,1,1   
/ANG,1  
/REP,FAST   
/ANG,1,30,YS,1  
/REP,FAST   
/ANG,1,30,YS,1  
/REP,FAST   
/ANG,1,30,YS,1  
/REP,FAST   
/ANG,1,30,YS,1  
/REP,FAST   
/ANG,1,30,YS,1  
/REP,FAST   
/ANG,1,30,YS,1  
/REP,FAST   
/ANG,1,30,YS,1  
/REP,FAST   
/ANG,1,30,YS,1  
/REP,FAST   
/ANG,1,30,YS,1  
/REP,FAST   
/ANG,1,30,YS,1  
/REP,FAST   
/ANG,1,30,YS,1  
/REP,FAST   
/ANG,1,30,YS,1  
/REP,FAST   
/ANG,1,30,YS,1  
/REP,FAST   
/ANG,1,30,YS,1  
/REP,FAST   
!*  
/EFACET,1   
PLNSOL, U,SUM, 1,1.0
/ANG,1,-30,YS,1 
/REP,FAST   
/ANG,1,-30,YS,1 
/REP,FAST   
/ANG,1,-30,YS,1 
/REP,FAST   
/ANG,1,-30,YS,1 
/REP,FAST   
/ANG,1,-30,YS,1 
/REP,FAST   
/ANG,1,-30,YS,1 
/REP,FAST   
/ANG,1,-30,YS,1 
/REP,FAST   
/ANG,1,-30,YS,1 
/REP,FAST   
/ANG,1,-30,YS,1 
/REP,FAST   
/ANG,1,-30,YS,1 
/REP,FAST   
/ANG,1,-30,YS,1 
/REP,FAST   
/DIST, 1 ,1.082226,1
/REP,FAST   
/DIST, 1 ,1.082226,1
/REP,FAST   
/DIST, 1 ,1.082226,1
/REP,FAST   
/DIST, 1 ,1.082226,1
/REP,FAST   
FINISH  
/SOL
ACEL,0,9.8,0,   
/STATUS,SOLU
SOLVE   
FINISH  
/POST1  
!*  
/EFACET,1   
PLNSOL, U,SUM, 2,1.0
RESUME  
/COM,ANSYS RELEASE Release 18.0      BUILD 18.0      UP20161219       00:44:04
SAVE
FINISH  
! /EXIT,NOSAV   
/BATCH  
/COM,ANSYS RELEASE Release 18.0      BUILD 18.0      UP20161219       00:56:06
/input,menust,tmp,''
/GRA,POWER
/GST,ON
/PLO,INFO,3
/GRO,CURL,ON
/CPLANE,1   
/REPLOT,RESIZE  
WPSTYLE,,,,,,,,0
RESUME  
/COM,ANSYS RELEASE Release 18.0      BUILD 18.0      UP20161219       00:56:10
SAVE
FINISH  
! /EXIT,NOSAV   
/BATCH  
/COM,ANSYS RELEASE Release 18.0      BUILD 18.0      UP20161219       10:08:14
/input,menust,tmp,''
/GRA,POWER
/GST,ON
/PLO,INFO,3
/GRO,CURL,ON
/CPLANE,1   
/REPLOT,RESIZE  
WPSTYLE,,,,,,,,0
/REPLOT,RESIZE  
RESUME  
/COM,ANSYS RELEASE Release 18.0      BUILD 18.0      UP20161219       10:08:19
/REPLOT,RESIZE  
SAVE
/PREP7  
!*  
FLST,2,4,6,ORDE,4   
FITEM,2,1   
FITEM,2,-2  
FITEM,2,4   
FITEM,2,6   
VADD,P51X   
/VIEW,1,1,1,1   
/ANG,1  
/REP,FAST   
MSHKEY,0
MSHAPE,1,3d 
SAVE
MSHKEY,0
MSHAPE,1,3d 
CM,_Y,VOLU  
VSEL, , , ,       3 
CM,_Y1,VOLU 
CHKMSH,'VOLU'   
CMSEL,S,_Y  
!*  
VMESH,_Y1   
!*  
CMDELE,_Y   
CMDELE,_Y1  
CMDELE,_Y2  
!*  
FINISH  
/SOL
/ANG,1,30,YS,1  
/REP,FAST   
/ANG,1,30,YS,1  
/REP,FAST   
/ANG,1,30,YS,1  
/REP,FAST   
/ANG,1,30,YS,1  
/REP,FAST   
/DIST, 1 ,0.924021,1
/REP,FAST   
/DIST, 1 ,0.924021,1
/REP,FAST   
FLST,2,1,5,ORDE,1   
FITEM,2,258 
!*  
/GO 
DA,P51X,ALL,
/DIST, 1 ,1.082226,1
/REP,FAST   
/DIST, 1 ,1.082226,1
/REP,FAST   
/ANG,1,-30,YS,1 
/REP,FAST   
/ANG,1,-30,YS,1 
/REP,FAST   
/ANG,1,-30,YS,1 
/REP,FAST   
/ANG,1,-30,YS,1 
/REP,FAST   
/PLOPTS,INFO,3  
/PLOPTS,LEG1,1  
/PLOPTS,LEG2,1  
/PLOPTS,LEG3,1  
/PLOPTS,FRAME,1 
/PLOPTS,TITLE,1 
/PLOPTS,MINM,1  
/PLOPTS,FILE,0  
/PLOPTS,SPNO,0  
/PLOPTS,LOGO,1  
/PLOPTS,WINS,1  
/PLOPTS,WP,0
/PLOPTS,DATE,2  
/TRIAD,RTOP 
/REPLOT 
!*  
ACEL,0,9.8,0,   
FINISH  
/PREP7  
!*  
KBETW,15,11,0,RATI,0.5, 
KWPAVE,     412 
FINISH  
/SOL
FLST,2,1,3,ORDE,1   
FITEM,2,412 
!*  
/GO 
FK,P51X,FY,-10  
/STATUS,SOLU
SOLVE   
FINISH  
/POST1  
!*  
/EFACET,1   
PLNSOL, U,SUM, 0,1.0
!*  
/EFACET,1   
PLNSOL, U,SUM, 2,1.0
/VIEW,1,,,1 
/ANG,1  
/REP,FAST   
/DIST, 1 ,1.082226,1
/REP,FAST   
/DIST, 1 ,1.082226,1
/REP,FAST   
/DIST, 1 ,1.082226,1
/REP,FAST   
/DIST, 1 ,1.082226,1
/REP,FAST   
/DIST, 1 ,1.082226,1
/REP,FAST   
/DIST, 1 ,1.082226,1
/REP,FAST   
/DIST, 1 ,0.924021,1
/REP,FAST   
/DIST, 1 ,0.924021,1
/REP,FAST   
/DIST, 1 ,1.082226,1
/REP,FAST   
!*  
/EFACET,1   
PLNSOL, S,EQV, 2,1.0
/VIEW,1,1,2,3   
/ANG,1  
/REP,FAST   
/VIEW,1,1,1,1   
/ANG,1  
/REP,FAST   
/ANG,1,30,YS,1  
/REP,FAST   
/ANG,1,30,YS,1  
/REP,FAST   
/ANG,1,30,YS,1  
/REP,FAST   
!*  
/EFACET,1   
PLNSOL, EPEL,EQV, 2,1.0 
!*  
PRNSOL,U,COMP   
/PNUM,KP,0  
/PNUM,LINE,0
/PNUM,AREA,0
/PNUM,VOLU,0
/PNUM,NODE,1
/PNUM,TABN,0
/PNUM,SVAL,0
/NUMBER,0   
!*  
/PNUM,ELEM,0
/REPLOT 
!*  
/DIST, 1 ,0.924021,1
/REP,FAST   
/DIST, 1 ,0.924021,1
/REP,FAST   
/VIEW,1,1,2,3   
/ANG,1  
/REP,FAST   
/DIST, 1 ,0.924021,1
/REP,FAST   
/DIST, 1 ,0.924021,1
/REP,FAST   
/ANG,1,30,YS,1  
/REP,FAST   
/ANG,1,-30,YS,1 
/REP,FAST   
/ANG,1,-30,YS,1 
/REP,FAST   
/ANG,1,-30,YS,1 
/REP,FAST   
/DIST, 1 ,0.924021,1
/REP,FAST   
/DIST, 1 ,0.924021,1
/REP,FAST   
/DIST, 1 ,0.924021,1
/REP,FAST   
/DIST, 1 ,0.924021,1
/REP,FAST   
/DIST, 1 ,0.924021,1
/REP,FAST   
/DIST, 1 ,0.924021,1
/REP,FAST   
/FOC,1,,0.3,,1  
/REP,FAST   
/FOC,1,,0.3,,1  
/REP,FAST   
/FOC,1,,0.3,,1  
/REP,FAST   
/DIST, 1 ,0.924021,1
/REP,FAST   
/DIST, 1 ,0.924021,1
/REP,FAST   
/DIST, 1 ,0.924021,1
/REP,FAST   
/DIST, 1 ,0.924021,1
/REP,FAST   
/DIST, 1 ,0.924021,1
/REP,FAST   
/DIST, 1 ,0.924021,1
/REP,FAST   
/DIST, 1 ,0.924021,1
/REP,FAST   
/DIST, 1 ,0.924021,1
/REP,FAST   
/DIST, 1 ,0.924021,1
/REP,FAST   
/DIST, 1 ,0.924021,1
/REP,FAST   
/DIST, 1 ,0.924021,1
/REP,FAST   
/DIST, 1 ,0.924021,1
/REP,FAST   
/DIST, 1 ,0.924021,1
/REP,FAST   
/DIST, 1 ,0.924021,1
/REP,FAST   
/PNUM,KP,0  
/PNUM,LINE,0
/PNUM,AREA,0
/PNUM,VOLU,0
/PNUM,NODE,0
/PNUM,TABN,0
/PNUM,SVAL,0
/NUMBER,0   
!*  
/PNUM,ELEM,0
/REPLOT 
!*  
/VIEW,1,1,1,1   
/ANG,1  
/REP,FAST   
/DIST, 1 ,1.082226,1
/REP,FAST   
/DIST, 1 ,1.082226,1
/REP,FAST   
/DIST, 1 ,1.082226,1
/REP,FAST   
/DIST, 1 ,1.082226,1
/REP,FAST   
/DIST, 1 ,1.082226,1
/REP,FAST   
/DIST, 1 ,1.082226,1
/REP,FAST   
/DIST, 1 ,1.082226,1
/REP,FAST   
/DIST, 1 ,1.082226,1
/REP,FAST   
/DIST, 1 ,1.082226,1
/REP,FAST   
/DIST, 1 ,1.082226,1
/REP,FAST   
/DIST, 1 ,1.082226,1
/REP,FAST   
/DIST, 1 ,1.082226,1
/REP,FAST   
/DIST, 1 ,1.082226,1
/REP,FAST   
/DIST, 1 ,1.082226,1
/REP,FAST   
/DIST, 1 ,1.082226,1
/REP,FAST   
/DIST, 1 ,1.082226,1
/REP,FAST   
/DIST, 1 ,1.082226,1
/REP,FAST   
/DIST, 1 ,1.082226,1
/REP,FAST   
/DIST, 1 ,1.082226,1
/REP,FAST   
/FOC,1,,-0.3,,1 
/REP,FAST   
/FOC,1,,-0.3,,1 
/REP,FAST   
/DIST, 1 ,0.924021,1
/REP,FAST   
/DIST, 1 ,1.082226,1
/REP,FAST   
FINISH  
/SOL
FLST,2,1,3,ORDE,1   
FITEM,2,412 
!*  
/GO 
FK,P51X,FY,-40  
/DIST, 1 ,0.924021,1
/REP,FAST   
/DIST, 1 ,1.082226,1
/REP,FAST   
/DIST, 1 ,1.082226,1
/REP,FAST   
/DIST, 1 ,0.924021,1
/REP,FAST   
/DIST, 1 ,0.924021,1
/REP,FAST   
/DIST, 1 ,0.924021,1
/REP,FAST   
/DIST, 1 ,1.082226,1
/REP,FAST   
/DIST, 1 ,1.082226,1
/REP,FAST   
/STATUS,SOLU
SOLVE   
FINISH  
/POST1  
!*  
/EFACET,1   
PLNSOL, U,SUM, 2,1.0
!*  
PRNSOL,U,COMP   
RESUME  
/COM,ANSYS RELEASE Release 18.0      BUILD 18.0      UP20161219       10:42:58
FINISH  
/PREP7  
!*  
KBETW,15,11,0,RATI,0.5, 
KWPAVE,     412 
SAVE
SAVE
MSHKEY,0
MSHAPE,1,3d 
CM,_Y,VOLU  
VSEL, , , ,       3 
CM,_Y1,VOLU 
CHKMSH,'VOLU'   
CMSEL,S,_Y  
!*  
VMESH,_Y1   
!*  
CMDELE,_Y   
CMDELE,_Y1  
CMDELE,_Y2  
!*  
FINISH  
/SOL
FINISH  
/PREP7  
FINISH  
/SOL
FLST,2,1,5,ORDE,1   
FITEM,2,258 
!*  
/GO 
DA,P51X,ALL,
/PLOPTS,INFO,3  
/PLOPTS,LEG1,1  
/PLOPTS,LEG2,1  
/PLOPTS,LEG3,1  
/PLOPTS,FRAME,1 
/PLOPTS,TITLE,1 
/PLOPTS,MINM,1  
/PLOPTS,FILE,0  
/PLOPTS,SPNO,0  
/PLOPTS,LOGO,1  
/PLOPTS,WINS,1  
/PLOPTS,WP,0
/PLOPTS,DATE,2  
/TRIAD,RTOP 
/REPLOT 
!*  
ACEL,0,9.8,0,   
FLST,2,1,3,ORDE,1   
FITEM,2,412 
!*  
/GO 
FK,P51X,FY,-50  
/STATUS,SOLU
SOLVE   
/DIST, 1 ,0.924021,1
/REP,FAST   
FINISH  
/POST1  
!*  
!*  
/EFACET,1   
PLNSOL, U,SUM, 2,1.0
!*  
PRNSOL,U,COMP   
!*  
/EFACET,1   
PLNSOL, S,EQV, 2,1.0
!*  
/EFACET,1   
PLNSOL, EPEL,EQV, 2,1.0 
!*  
PRNSOL,U,COMP   
FINISH  
/SOL
FLST,2,1,3,ORDE,1   
FITEM,2,412 
!*  
/GO 
FK,P51X,FY,-50  
/STATUS,SOLU
SOLVE   
FINISH  
/POST1  
!*  
/EFACET,1   
PLNSOL, U,SUM, 2,1.0
!*  
PRNSOL,U,COMP   
/REPLOT,RESIZE  
/REPLOT,RESIZE  
/REPLOT,RESIZE  
RESUME  
/COM,ANSYS RELEASE Release 18.0      BUILD 18.0      UP20161219       11:00:25
/REPLOT,RESIZE  
FINISH  
/SOL
FINISH  
/PREP7  
MSHKEY,0
MSHAPE,1,3d 
CM,_Y,VOLU  
VSEL, , , ,       3 
CM,_Y1,VOLU 
CHKMSH,'VOLU'   
CMSEL,S,_Y  
!*  
VMESH,_Y1   
!*  
CMDELE,_Y   
CMDELE,_Y1  
CMDELE,_Y2  
!*  
FINISH  
/SOL
FLST,2,1,5,ORDE,1   
FITEM,2,258 
!*  
/GO 
DA,P51X,ALL,
ACEL,0,9.8,0,   
FLST,2,1,3,ORDE,1   
FITEM,2,412 
!*  
/GO 
FK,P51X,FY,-100 
/STATUS,SOLU
SOLVE   
FINISH  
/POST1  
!*  
/EFACET,1   
PLNSOL, U,SUM, 2,1.0
!*  
PRNSOL,U,COMP   
FINISH  
/SOL
FLST,2,1,3,ORDE,1   
FITEM,2,412 
!*  
/GO 
FK,P51X,FY,-1000
/DIST, 1 ,0.924021,1
/REP,FAST   
/DIST, 1 ,1.082226,1
/REP,FAST   
/STATUS,SOLU
SOLVE   
FINISH  
/POST1  
!*  
/EFACET,1   
PLNSOL, U,SUM, 2,1.0
!*  
PRNSOL,U,COMP   
FINISH  
/SOL
FLST,2,1,3,ORDE,1   
FITEM,2,412 
!*  
/GO 
FK,P51X,FY,-1000000 
RESUME  
/COM,ANSYS RELEASE Release 18.0      BUILD 18.0      UP20161219       11:08:27
FINISH  
/PREP7  
MSHKEY,0
MSHAPE,1,3d 
CM,_Y,VOLU  
VSEL, , , ,       3 
CM,_Y1,VOLU 
CHKMSH,'VOLU'   
CMSEL,S,_Y  
!*  
VMESH,_Y1   
!*  
CMDELE,_Y   
CMDELE,_Y1  
CMDELE,_Y2  
!*  
FINISH  
/SOL
FLST,2,1,5,ORDE,1   
FITEM,2,258 
!*  
/GO 
DA,P51X,ALL,
FLST,2,1,3,ORDE,1   
FITEM,2,412 
!*  
/GO 
FK,P51X,FY,-1000000 
ACEL,0,9.8,0,   
/STATUS,SOLU
SOLVE   
FINISH  
/POST1  
!*  
/EFACET,1   
PLNSOL, U,SUM, 2,1.0
!*  
PRNSOL,U,COMP   
FINISH  
/PREP7  
!*  
MPTEMP,,,,,,,,  
MPTEMP,1,0  
MPDE,DENS,1 
MPDATA,DENS,1,,10850
FINISH  
/SOL
/STATUS,SOLU
SOLVE   
FINISH  
/POST1  
!*  
/EFACET,1   
PLNSOL, U,SUM, 2,1.0
FINISH  
/SOL
FLST,2,1,5,ORDE,1   
FITEM,2,10  
/GO 
!*  
SFA,P51X,1,PRES,166 
/STATUS,SOLU
SOLVE   
FINISH  
/POST26 
FILE,'jixiebi','rst','.'
/UI,COLL,1  
NUMVAR,200  
SOLU,191,NCMIT  
STORE,MERGE 
FILLDATA,191,,,,1,1 
REALVAR,191,191 
FINISH  
/POST1  
!*  
/EFACET,1   
PLNSOL, U,SUM, 2,1.0
/DIST, 1 ,0.924021,1
/REP,FAST   
/DIST, 1 ,0.924021,1
/REP,FAST   
FINISH  
/SOL
/ANG,1,30,YS,1  
/REP,FAST   
/ANG,1,-30,ZS,1 
/REP,FAST   
/ANG,1,-30,ZS,1 
/REP,FAST   
/ANG,1,-30,ZS,1 
/REP,FAST   
/ANG,1,-30,YS,1 
/REP,FAST   
/ANG,1,-30,YS,1 
/REP,FAST   
/ANG,1,-30,YS,1 
/REP,FAST   
/ANG,1,-30,YS,1 
/REP,FAST   
/ANG,1,-30,YS,1 
/REP,FAST   
/ANG,1,-30,YS,1 
/REP,FAST   
/ANG,1,-30,YS,1 
/REP,FAST   
/ANG,1,-30,YS,1 
/REP,FAST   
/ANG,1,-30,YS,1 
/REP,FAST   
/ANG,1,-30,YS,1 
/REP,FAST   
/ANG,1,30,ZS,1  
/REP,FAST   
/ANG,1,30,ZS,1  
/REP,FAST   
/ANG,1,30,ZS,1  
/REP,FAST   
/ANG,1,30,ZS,1  
/REP,FAST   
/DIST, 1 ,1.082226,1
/REP,FAST   
/DIST, 1 ,1.082226,1
/REP,FAST   
/DIST, 1 ,1.082226,1
/REP,FAST   
/DIST, 1 ,1.082226,1
/REP,FAST   
/DIST, 1 ,1.082226,1
/REP,FAST   
/DIST, 1 ,1.082226,1
/REP,FAST   
/DIST, 1 ,1.082226,1
/REP,FAST   
/DIST, 1 ,1.082226,1
/REP,FAST   
/DIST, 1 ,1.082226,1
/REP,FAST   
/DIST, 1 ,1.082226,1
/REP,FAST   
/ANG,1,30,YS,1  
/REP,FAST   
/ANG,1,30,YS,1  
/REP,FAST   
/ANG,1,30,YS,1  
/REP,FAST   
/ANG,1,30,YS,1  
/REP,FAST   
/ANG,1,30,YS,1  
/REP,FAST   
/ANG,1,30,YS,1  
/REP,FAST   
FLST,2,1,5,ORDE,1   
FITEM,2,10  
/GO 
!*  
SFA,P51X,1,PRES,1666
/STATUS,SOLU
SOLVE   
FINISH  
/POST1  
!*  
/EFACET,1   
PLNSOL, U,SUM, 2,1.0
FINISH  
/SOL
FLST,2,1,5,ORDE,1   
FITEM,2,10  
/GO 
!*  
SFA,P51X,1,PRES,16666   
/STATUS,SOLU
SOLVE   
FINISH  
/POST1  
!*  
/EFACET,1   
PLNSOL, U,SUM, 2,1.0
RESUME  
/COM,ANSYS RELEASE Release 18.0      BUILD 18.0      UP20161219       11:16:41
FINISH  
/PREP7  
!*  
MSHKEY,0
MSHAPE,1,3d 
SAVE
MSHKEY,0
MSHAPE,1,3d 
CM,_Y,VOLU  
VSEL, , , ,       3 
CM,_Y1,VOLU 
CHKMSH,'VOLU'   
CMSEL,S,_Y  
!*  
VMESH,_Y1   
!*  
CMDELE,_Y   
CMDELE,_Y1  
CMDELE,_Y2  
!*  
FINISH  
/SOL
FLST,2,1,5,ORDE,1   
FITEM,2,258 
!*  
/GO 
DA,P51X,ALL,
ACEL,0,9.8,0,   
FLST,2,1,5,ORDE,1   
FITEM,2,10  
/GO 
!*  
SFA,P51X,1,PRES,166 
/STATUS,SOLU
SOLVE   
FINISH  
/POST1  
!*  
/EFACET,1   
PLNSOL, U,SUM, 2,1.0
!*  
/EFACET,1   
PLNSOL, S,EQV, 2,1.0
!*  
/EFACET,1   
PLNSOL, EPEL,EQV, 2,1.0 
!*  
PRNSOL,U,COMP   
/DIST, 1 ,0.924021,1
/REP,FAST   
FINISH  
/SOL
/VIEW,1,1,1,1   
/ANG,1  
/REP,FAST   
FLST,2,1,5,ORDE,1   
FITEM,2,10  
/GO 
!*  
SFA,P51X,1,PRES,667 
/STATUS,SOLU
SOLVE   
FINISH  
/POST1  
!*  
/EFACET,1   
PLNSOL, U,SUM, 2,1.0
!*  
/EFACET,1   
PLNSOL, S,EQV, 2,1.0
!*  
/EFACET,1   
PLNSOL, EPEL,EQV, 2,1.0 
/REPLOT 
!*  
PRNSOL,U,COMP   
FINISH  
/SOL
/ANG,1,30,YS,1  
/REP,FAST   
/ANG,1,-30,YS,1 
/REP,FAST   
FLST,2,1,5,ORDE,1   
FITEM,2,10  
SFADELE,P51X,1,PRES 
/VIEW,1,1,1,1   
/ANG,1  
/REP,FAST   
FLST,2,1,5,ORDE,1   
FITEM,2,10  
SFADELE,P51X,2,PRES 
FLST,2,1,5,ORDE,1   
FITEM,2,10  
/GO 
!*  
SFA,P51X,1,PRES,1666
/STATUS,SOLU
SOLVE   
FINISH  
/POST1  
!*  
/EFACET,1   
PLNSOL, U,SUM, 2,1.0
/VIEW,1,1,1,1   
/ANG,1  
/REP,FAST   
!*  
/EFACET,1   
PLNSOL, S,EQV, 2,1.0
!*  
PRNSOL,U,COMP   
FINISH  
/SOL
/VIEW,1,1,1,1   
/ANG,1  
/REP,FAST   
FLST,2,1,5,ORDE,1   
FITEM,2,10  
SFADELE,P51X,1,PRES 
/VIEW,1,1,1,1   
/ANG,1  
/REP,FAST   
FLST,2,1,5,ORDE,1   
FITEM,2,10  
/GO 
!*  
SFA,P51X,1,PRES,2500
/STATUS,SOLU
SOLVE   
FINISH  
/POST1  
!*  
/EFACET,1   
PLNSOL, U,SUM, 2,1.0
!*  
/EFACET,1   
PLNSOL, S,EQV, 2,1.0
!*  
PRNSOL,U,COMP   
FINISH  
/SOL
/VIEW,1,1,1,1   
/ANG,1  
/REP,FAST   
FLST,2,1,5,ORDE,1   
FITEM,2,10  
SFADELE,P51X,1,PRES 
/VIEW,1,1,1,1   
/ANG,1  
/REP,FAST   
FLST,2,1,5,ORDE,1   
FITEM,2,10  
/GO 
!*  
SFA,P51X,1,PRES,5000
/STATUS,SOLU
SOLVE   
FINISH  
/POST1  
!*  
/EFACET,1   
PLNSOL, U,SUM, 2,1.0
!*  
/EFACET,1   
PLNSOL, S,EQV, 2,1.0
!*  
!*  
PRNSOL,U,COMP   
FINISH  
/SOL
/VIEW,1,1,1,1   
/ANG,1  
/REP,FAST   
FLST,2,1,5,ORDE,1   
FITEM,2,10  
SFADELE,P51X,1,PRES 
/VIEW,1,1,1,1   
/ANG,1  
/REP,FAST   
FLST,2,1,5,ORDE,1   
FITEM,2,10  
/GO 
!*  
SFA,P51X,1,PRES,600 
FINISH  
/PREP7  
FINISH  
/SOL
/VIEW,1,1,1,1   
/ANG,1  
/REP,FAST   
/STATUS,SOLU
SOLVE   
FINISH  
/POST1  
!*  
/EFACET,1   
PLNSOL, U,SUM, 2,1.0
!*  
/EFACET,1   
PLNSOL, S,EQV, 2,1.0
FINISH  
/PREP7  
!*  
MPTEMP,,,,,,,,  
MPTEMP,1,0  
MPDE,EX,1   
MPDE,NUXY,1 
MPDE,PRXY,1 
MPDATA,EX,1,,2.6e11 
MPDATA,PRXY,1,,0.3  
MPTEMP,,,,,,,,  
MPTEMP,1,0  
MPDE,DENS,1 
MPDATA,DENS,1,,7.8e3
FINISH  
/SOL
/STATUS,SOLU
SOLVE   
FINISH  
/POST1  
!*  
/EFACET,1   
PLNSOL, U,SUM, 2,1.0
!*  
/EFACET,1   
PLNSOL, S,EQV, 2,1.0
FINISH  
/PREP7  
!*  
MPTEMP,,,,,,,,  
MPTEMP,1,0  
MPDE,EX,1   
MPDE,NUXY,1 
MPDE,PRXY,1 
MPDATA,EX,1,,1.2e11 
MPDATA,PRXY,1,,0.31 
MPTEMP,,,,,,,,  
MPTEMP,1,0  
MPDE,DENS,1 
MPDATA,DENS,1,,7.3e3
FINISH  
/SOL
/STATUS,SOLU
SOLVE   
FINISH  
/POST1  
!*  
/EFACET,1   
PLNSOL, U,SUM, 2,1.0
!*  
/EFACET,1   
PLNSOL, S,EQV, 2,1.0
FINISH  
/PREP7  
!*  
MPTEMP,,,,,,,,  
MPTEMP,1,0  
MPDE,EX,1   
MPDE,NUXY,1 
MPDE,PRXY,1 
MPDATA,EX,1,,4E+011 
MPDATA,PRXY,1,,0.31 
FINISH  
/SOL
/STATUS,SOLU
SOLVE   
FINISH  
/POST1  
!*  
/EFACET,1   
PLNSOL, U,SUM, 2,1.0
!*  
/EFACET,1   
PLNSOL, S,EQV, 2,1.0
FINISH  
/PREP7  
!*  
MPTEMP,,,,,,,,  
MPTEMP,1,0  
MPDE,EX,1   
MPDE,NUXY,1 
MPDE,PRXY,1 
MPDATA,EX,1,,1.2E+011   
MPDATA,PRXY,1,,0.6  
FINISH  
/SOL
/STATUS,SOLU
SOLVE   
FINISH  
/PREP7  
!*  
MPTEMP,,,,,,,,  
MPTEMP,1,0  
MPDE,EX,1   
MPDE,NUXY,1 
MPDE,PRXY,1 
MPDATA,EX,1,,1.2E+011   
MPDATA,PRXY,1,,0.4  
FINISH  
/SOL
/STATUS,SOLU
SOLVE   
FINISH  
/POST1  
!*  
/EFACET,1   
PLNSOL, U,SUM, 2,1.0
!*  
/EFACET,1   
PLNSOL, S,INT, 2,1.0
RESUME  
/COM,ANSYS RELEASE Release 18.0      BUILD 18.0      UP20161219       23:53:47
FINISH  
/PREP7  
MSHKEY,0
MSHAPE,1,3d 
CM,_Y,VOLU  
VSEL, , , ,       3 
CM,_Y1,VOLU 
CHKMSH,'VOLU'   
CMSEL,S,_Y  
!*  
VMESH,_Y1   
!*  
CMDELE,_Y   
CMDELE,_Y1  
CMDELE,_Y2  
!*  
FINISH  
/SOL
FLST,2,1,5,ORDE,1   
FITEM,2,258 
!*  
/GO 
DA,P51X,ALL,
ACEL,0,9.8,0,   
!*  
ANTYPE,2
MXPAND,5,0,0,0,0.001,   
!*  
!*  
MODOPT,LANB,0   
EQSLV,SPAR  
MXPAND,5, , ,1  
LUMPM,0 
PSTRES,0
!*  
!*  
!*  
MODOPT,LANB,0   
EQSLV,SPAR  
MXPAND,5, , ,0  
LUMPM,0 
PSTRES,0
!*  
!*  
!*  
!*  
MODOPT,LANB,0   
EQSLV,SPAR  
MXPAND,5, , ,0  
LUMPM,0 
PSTRES,0
!*  
/STATUS,SOLU
SOLVE   
!*  
!*  
MODOPT,LANB,5   
EQSLV,SPAR  
MXPAND,5, , ,0  
LUMPM,0 
PSTRES,0
!*  
!*  
!*  
MODOPT,LANB,5   
EQSLV,SPAR  
MXPAND,5, , ,1  
LUMPM,0 
PSTRES,0
!*  
MODOPT,LANB,5,0.1,10000, ,OFF   
/STATUS,SOLU
SOLVE   
FINISH  
/POST1  
SET,LIST
FINISH  
/SOL
!*  
!*  
MODOPT,LANB,20  
EQSLV,SPAR  
MXPAND,20, , ,1 
LUMPM,0 
PSTRES,0
!*  
MODOPT,LANB,20,0.1,10000, ,OFF  
/STATUS,SOLU
SOLVE   
FINISH  
/POST1  
SET,LIST
!*  
PLDI, , 
ANMODE,10,0.5, ,0   
!*  
SET,LIST
SET,FIRST   
SET,FIRST   
!*  
/EFACET,1   
PLNSOL, U,SUM, 2,1.0
SET,NEXT
!*  
/EFACET,1   
PLNSOL, U,SUM, 2,1.0
!*  
PLDI, , 
ANMODE,10,0.5, ,0   
!*  
SET,FIRST   
!*  
PLDI, , 
ANMODE,10,0.5, ,0   
!*  
SET,NEXT
SET,NEXT
!*  
PLDI, , 
ANMODE,10,0.5, ,0   
!*  
SET,NEXT
!*  
PLDI, , 
ANMODE,10,0.5, ,0   
!*  
SET,NEXT
SET,NEXT
!*  
PLDI, , 
ANMODE,10,0.5, ,0   
!*  
RESUME  
/COM,ANSYS RELEASE Release 18.0      BUILD 18.0      UP20161219       00:08:58
FINISH  
/PREP7  
MSHKEY,0
MSHAPE,1,3d 
CM,_Y,VOLU  
VSEL, , , ,       3 
CM,_Y1,VOLU 
CHKMSH,'VOLU'   
CMSEL,S,_Y  
!*  
VMESH,_Y1   
!*  
CMDELE,_Y   
CMDELE,_Y1  
CMDELE,_Y2  
!*  
FINISH  
/SOL
FLST,2,1,5,ORDE,1   
FITEM,2,258 
!*  
/GO 
DA,P51X,ALL,
!*  
ANTYPE,2
!*  
/REPLOT 
!*  
!*  
MODOPT,LANB,20  
EQSLV,SPAR  
MXPAND,20, , ,1 
LUMPM,0 
PSTRES,0
!*  
MODOPT,LANB,20,1,10000, ,OFF
FINISH  
/POST1  
FINISH  
/SOL
/STATUS,SOLU
SOLVE   
FINISH  
/POST1  
SET,LIST
SET,FIRST   
!*  
/EFACET,1   
PLNSOL, U,SUM, 2,1.0
!*  
PLDI, , 
ANMODE,10,0.5, ,0   
!*  
SET,NEXT
!*  
/EFACET,1   
PLNSOL, U,SUM, 2,1.0
!*  
/EFACET,1   
PLNSOL, U,SUM, 2,1.0
!*  
/EFACET,1   
PLNSOL, U,SUM, 2,1.0
!*  
PLDI, , 
ANMODE,10,0.5, ,0   
!*  
SET,NEXT
!*  
/EFACET,1   
PLNSOL, U,SUM, 2,1.0
!*  
PLDI, , 
ANMODE,10,0.5, ,0   
!*  
SET,NEXT
!*  
/EFACET,1   
PLNSOL, U,SUM, 2,1.0
!*  
PLDI, , 
ANMODE,10,0.5, ,0   
!*  
SET,NEXT
!*  
/EFACET,1   
PLNSOL, U,SUM, 2,1.0
!*  
PLDI, , 
ANMODE,10,0.5, ,0   
!*  
FINISH  
/PREP7  
!*  
MPTEMP,,,,,,,,  
MPTEMP,1,0  
MPDE,EX,1   
MPDE,NUXY,1 
MPDE,PRXY,1 
MPDATA,EX,1,,2.6e11 
MPDATA,PRXY,1,,0.31 
MPTEMP,,,,,,,,  
MPTEMP,1,0  
MPDE,DENS,1 
MPDATA,DENS,1,,7800 
FINISH  
/SOL
/STATUS,SOLU
SOLVE   
FINISH  
/POST1  
SET,LIST
RESUME  
/COM,ANSYS RELEASE Release 18.0      BUILD 18.0      UP20161219       00:54:40
/VIEW,1,1,2,3   
/ANG,1  
/REP,FAST   
/DIST, 1 ,1.082226,1
/REP,FAST   
/DIST, 1 ,1.082226,1
/REP,FAST   
/DIST, 1 ,1.082226,1
/REP,FAST   
/DIST, 1 ,1.082226,1
/REP,FAST   
/DIST, 1 ,0.924021,1
/REP,FAST   
/DIST, 1 ,0.924021,1
/REP,FAST   
/DIST, 1 ,0.924021,1
/REP,FAST   
/DIST, 1 ,0.924021,1
/REP,FAST   
/DIST, 1 ,0.924021,1
/REP,FAST   
/FOC,1,,0.3,,1  
/REP,FAST   
/FOC,1,0.3,,,1  
/REP,FAST   
FINISH  
/PREP7  
!*  
KBETW,7,6,0,RATI,0.5,   
KWPAVE,     413 
/ANG,1,-30,YS,1 
/REP,FAST   
/ANG,1,-30,YS,1 
/REP,FAST   
/ANG,1,30,YS,1  
/REP,FAST   
/ANG,1,30,YS,1  
/REP,FAST   
BLOCK,-0.06,0.06,-0.2,0.2,0,-0.1,   
/VIEW,1,1,1,1   
/ANG,1  
/REP,FAST   
/ANG,1,30,YS,1  
/REP,FAST   
/ANG,1,30,YS,1  
/REP,FAST   
/ANG,1,30,YS,1  
/REP,FAST   
/ANG,1,-30,YS,1 
/REP,FAST   
/ANG,1,-30,YS,1 
/REP,FAST   
/ANG,1,-30,YS,1 
/REP,FAST   
/ANG,1,-30,YS,1 
/REP,FAST   
/ANG,1,-30,YS,1 
/REP,FAST   
/ANG,1,30,YS,1  
/REP,FAST   
/ANG,1,30,YS,1  
/REP,FAST   
/ANG,1,30,YS,1  
/REP,FAST   
VDELE,       1  
/VIEW,1,1,1,1   
/ANG,1  
/REP,FAST   
BLOCK,-0.06,0.06,-0.18,0.18,0,-0.1, 
/VIEW,1,1,1,1   
/ANG,1  
/REP,FAST   
VSBV,       3,       1  
/VIEW,1,1,1,1   
/ANG,1  
/REP,FAST   
/ANG,1,30,YS,1  
/REP,FAST   
/ANG,1,-30,ZS,1 
/REP,FAST   
/ANG,1,30,ZS,1  
/REP,FAST   
/ANG,1,30,ZS,1  
/REP,FAST   
/ANG,1,-30,ZS,1 
/REP,FAST   
!*  
KBETW,104,300,0,RATI,0.5,   
!*  
KBETW,101,246,0,RATI,0.5,   
!*  
KBETW,430,431,0,RATI,0.5,   
KWPAVE,     432 
wpro,-30.000000,,   
wpro,30.000000,,
wpro,30.000000,,
BLOCK,-0.06,0.06,-0.1,0.1,0,-0.14,  
/VIEW,1,1,1,1   
/ANG,1  
/REP,FAST   
/ANG,1,-30,ZS,1 
/REP,FAST   
/ANG,1,-30,ZS,1 
/REP,FAST   
/ANG,1,30,ZS,1  
/REP,FAST   
/ANG,1,30,ZS,1  
/REP,FAST   
/ANG,1,30,YS,1  
/REP,FAST   
/ANG,1,30,YS,1  
/REP,FAST   
/ANG,1,30,YS,1  
/REP,FAST   
/ANG,1,30,YS,1  
/REP,FAST   
/ANG,1,30,YS,1  
/REP,FAST   
/ANG,1,30,YS,1  
/REP,FAST   
/ANG,1,30,YS,1  
/REP,FAST   
/ANG,1,30,YS,1  
/REP,FAST   
/ANG,1,30,YS,1  
/REP,FAST   
/ANG,1,30,YS,1  
/REP,FAST   
/ANG,1,30,YS,1  
/REP,FAST   
/ANG,1,30,YS,1  
/REP,FAST   
/ANG,1,30,YS,1  
/REP,FAST   
/ANG,1,30,YS,1  
/REP,FAST   
/ANG,1,30,YS,1  
/REP,FAST   
/ANG,1,30,YS,1  
/REP,FAST   
/ANG,1,30,YS,1  
/REP,FAST   
/ANG,1,30,YS,1  
/REP,FAST   
/ANG,1,30,YS,1  
/REP,FAST   
/ANG,1,30,YS,1  
/REP,FAST   
VDELE,       1  
/VIEW,1,1,1,1   
/ANG,1  
/REP,FAST   
/DIST, 1 ,0.924021,1
/REP,FAST   
/DIST, 1 ,0.924021,1
/REP,FAST   
/DIST, 1 ,0.924021,1
/REP,FAST   
/DIST, 1 ,0.924021,1
/REP,FAST   
/DIST, 1 ,0.924021,1
/REP,FAST   
/DIST, 1 ,0.924021,1
/REP,FAST   
/DIST, 1 ,0.924021,1
/REP,FAST   
/DIST, 1 ,0.924021,1
/REP,FAST   
/FOC,1,,0.3,,1  
/REP,FAST   
/FOC,1,,0.3,,1  
/REP,FAST   
!*  
KBETW,430,328,0,RATI,0.5,   
KWPAVE,     441 
BLOCK,-0.06,0.06,-0.1,0.1,0,-0.14,  
/VIEW,1,1,1,1   
/ANG,1  
/REP,FAST   
/ANG,1,30,YS,1  
/REP,FAST   
/ANG,1,30,YS,1  
/REP,FAST   
/ANG,1,30,YS,1  
/REP,FAST   
/ANG,1,30,YS,1  
/REP,FAST   
/ANG,1,30,YS,1  
/REP,FAST   
/ANG,1,30,YS,1  
/REP,FAST   
/ANG,1,30,YS,1  
/REP,FAST   
/ANG,1,30,YS,1  
/REP,FAST   
/ANG,1,30,YS,1  
/REP,FAST   
/ANG,1,30,YS,1  
/REP,FAST   
VDELE,       1  
/VIEW,1,1,1,1   
/ANG,1  
/REP,FAST   
/DIST, 1 ,0.924021,1
/REP,FAST   
/DIST, 1 ,0.924021,1
/REP,FAST   
/DIST, 1 ,0.924021,1
/REP,FAST   
/FOC,1,0.3,,,1  
/REP,FAST   
/FOC,1,-0.3,,,1 
/REP,FAST   
/FOC,1,-0.3,,,1 
/REP,FAST   
BLOCK,-0.06,0.06,-0.1,0.1,0,-0.5,   
/ANG,1,30,YS,1  
/REP,FAST   
/ANG,1,30,YS,1  
/REP,FAST   
/ANG,1,30,YS,1  
/REP,FAST   
/ANG,1,30,YS,1  
/REP,FAST   
/ANG,1,30,YS,1  
/REP,FAST   
/ANG,1,30,YS,1  
/REP,FAST   
/ANG,1,30,YS,1  
/REP,FAST   
/ANG,1,30,YS,1  
/REP,FAST   
/ANG,1,30,YS,1  
/REP,FAST   
/ANG,1,30,YS,1  
/REP,FAST   
/ANG,1,30,YS,1  
/REP,FAST   
/ANG,1,-30,YS,1 
/REP,FAST   
VDELE,       1  
/DIST, 1 ,1.082226,1
/REP,FAST   
/ANG,1,-30,XS,1 
/REP,FAST   
/DIST, 1 ,1.082226,1
/REP,FAST   
/DIST, 1 ,1.082226,1
/REP,FAST   
/DIST, 1 ,1.082226,1
/REP,FAST   
/DIST, 1 ,1.082226,1
/REP,FAST   
/DIST, 1 ,1.082226,1
/REP,FAST   
/DIST, 1 ,1.082226,1
/REP,FAST   
/DIST, 1 ,1.082226,1
/REP,FAST   
/DIST, 1 ,0.924021,1
/REP,FAST   
/DIST, 1 ,0.924021,1
/REP,FAST   
/DIST, 1 ,0.924021,1
/REP,FAST   
/DIST, 1 ,0.924021,1
/REP,FAST   
/DIST, 1 ,0.924021,1
/REP,FAST   
/DIST, 1 ,0.924021,1
/REP,FAST   
/DIST, 1 ,0.924021,1
/REP,FAST   
/DIST, 1 ,0.924021,1
/REP,FAST   
/DIST, 1 ,0.924021,1
/REP,FAST   
/DIST, 1 ,0.924021,1
/REP,FAST   
/DIST, 1 ,1.082226,1
/REP,FAST   
/DIST, 1 ,1.082226,1
/REP,FAST   
/DIST, 1 ,1.082226,1
/REP,FAST   
BLOCK,-0.06,0.06,-0.1,0.1,-0.5,0.6, 
/VIEW,1,1,1,1   
/ANG,1  
/REP,FAST   
/DIST, 1 ,1.082226,1
/REP,FAST   
/DIST, 1 ,1.082226,1
/REP,FAST   
/DIST, 1 ,1.082226,1
/REP,FAST   
/DIST, 1 ,1.082226,1
/REP,FAST   
/DIST, 1 ,1.082226,1
/REP,FAST   
/ANG,1,30,YS,1  
/REP,FAST   
/ANG,1,30,YS,1  
/REP,FAST   
VDELE,       1  
/VIEW,1,1,1,1   
/ANG,1  
/REP,FAST   
BLOCK,-0.06,0.06,-0.08,0.12,-0.5,0.6,   
/ANG,1,30,YS,1  
/REP,FAST   
/ANG,1,30,YS,1  
/REP,FAST   
VDELE,       1  
/VIEW,1,1,1,1   
/ANG,1  
/REP,FAST   
BLOCK,-0.06,0.06,-0.06,0.14,-0.5,0.6,   
/ANG,1,30,YS,1  
/REP,FAST   
/ANG,1,30,YS,1  
/REP,FAST   
VDELE,       1  
/VIEW,1,1,1,1   
/ANG,1  
/REP,FAST   
BLOCK,-0.06,0.06,-0.04,0.16,-0.5,0.6,   
/ANG,1,30,YS,1  
/REP,FAST   
/ANG,1,30,YS,1  
/REP,FAST   
VSBV,       2,       1  
/VIEW,1,1,1,1   
/ANG,1  
/REP,FAST   
/ANG,1,30,YS,1  
/REP,FAST   
/ANG,1,30,YS,1  
/REP,FAST   
/DIST, 1 ,1.082226,1
/REP,FAST   
/DIST, 1 ,1.082226,1
/REP,FAST   
/DIST, 1 ,1.082226,1
/REP,FAST   
/DIST, 1 ,1.082226,1
/REP,FAST   
/DIST, 1 ,0.924021,1
/REP,FAST   
/DIST, 1 ,0.924021,1
/REP,FAST   
/DIST, 1 ,0.924021,1
/REP,FAST   
/DIST, 1 ,0.924021,1
/REP,FAST   
/DIST, 1 ,0.924021,1
/REP,FAST   
/DIST, 1 ,0.924021,1
/REP,FAST   
/DIST, 1 ,0.924021,1
/REP,FAST   
/DIST, 1 ,1.082226,1
/REP,FAST   
/DIST, 1 ,1.082226,1
/REP,FAST   
FLST,3,1,8  
FITEM,3,-0.770642372578,-0.658605715851,0.55E-01
K, ,P51X
KWPAVE,     482 
BLOCK,-0.06,0.06,-0.06,0.16,-0.5,0.6,   
/VIEW,1,1,1,1   
/ANG,1  
/REP,FAST   
VDELE,       1  
/VIEW,1,1,1,1   
/ANG,1  
/REP,FAST   
/VIEW,1,1,1,1   
/ANG,1  
/REP,FAST   
/VIEW,1,1,1,1   
/ANG,1  
/REP,FAST   
/DIST, 1 ,1.082226,1
/REP,FAST   
/DIST, 1 ,1.082226,1
/REP,FAST   
/DIST, 1 ,1.082226,1
/REP,FAST   
/DIST, 1 ,1.082226,1
/REP,FAST   
/DIST, 1 ,1.082226,1
/REP,FAST   
/DIST, 1 ,0.924021,1
/REP,FAST   
/DIST, 1 ,0.924021,1
/REP,FAST   
/DIST, 1 ,0.924021,1
/REP,FAST   
/DIST, 1 ,0.924021,1
/REP,FAST   
/DIST, 1 ,0.924021,1
/REP,FAST   
/FOC,1,0.3,,,1  
/REP,FAST   
/FOC,1,-0.3,,,1 
/REP,FAST   
/FOC,1,-0.3,,,1 
/REP,FAST   
/FOC,1,-0.3,,,1 
/REP,FAST   
/ANG,1,30,YS,1  
/REP,FAST   
/DIST,1,0.729,1 
/REP,FAST   
!*  
KBETW,298,299,0,RATI,0.5,   
/DIST, 1 ,0.924021,1
/REP,FAST   
KWPAVE,     499 
wpro,30.000000,,
BLOCK,-0.06,0.06,-0.2,-0.1,-0.5,0.6,
/VIEW,1,1,1,1   
/ANG,1  
/REP,FAST   
/DIST, 1 ,1.082226,1
/REP,FAST   
/DIST, 1 ,1.082226,1
/REP,FAST   
/DIST, 1 ,1.082226,1
/REP,FAST   
/DIST, 1 ,1.082226,1
/REP,FAST   
/DIST, 1 ,1.082226,1
/REP,FAST   
/DIST, 1 ,1.082226,1
/REP,FAST   
/DIST, 1 ,1.082226,1
/REP,FAST   
/DIST, 1 ,1.082226,1
/REP,FAST   
/ANG,1,30,YS,1  
/REP,FAST   
/ANG,1,30,YS,1  
/REP,FAST   
VDELE,       1  
/VIEW,1,1,1,1   
/ANG,1  
/REP,FAST   
BLOCK,-0.06,0.06,-0.34,-0.1,-0.5,0.6,   
/VIEW,1,1,1,1   
/ANG,1  
/REP,FAST   
/ANG,1,30,YS,1  
/REP,FAST   
/ANG,1,30,YS,1  
/REP,FAST   
VSBV,       3,       1  
/VIEW,1,1,1,1   
/ANG,1  
/REP,FAST   
/DIST, 1 ,1.082226,1
/REP,FAST   
/DIST, 1 ,1.082226,1
/REP,FAST   
/DIST, 1 ,1.082226,1
/REP,FAST   
/DIST, 1 ,1.082226,1
/REP,FAST   
/ANG,1,30,YS,1  
/REP,FAST   
/VIEW,1,1,1,1   
/ANG,1  
/REP,FAST   
/FOC,1,,-0.3,,1 
/REP,FAST   
/FOC,1,,-0.3,,1 
/REP,FAST   
/FOC,1,,0.3,,1  
/REP,FAST   
/FOC,1,0.3,,,1  
/REP,FAST   
/DIST, 1 ,0.924021,1
/REP,FAST   
/DIST, 1 ,0.924021,1
/REP,FAST   
/DIST, 1 ,0.924021,1
/REP,FAST   
/DIST, 1 ,1.082226,1
/REP,FAST   
/VIEW,1,1,1,1   
/ANG,1  
/REP,FAST   
MSHKEY,0
MSHAPE,1,3d 
CM,_Y,VOLU  
VSEL, , , ,       2 
CM,_Y1,VOLU 
CHKMSH,'VOLU'   
CMSEL,S,_Y  
!*  
VMESH,_Y1   
!*  
CMDELE,_Y   
CMDELE,_Y1  
CMDELE,_Y2  
!*  
FINISH  
/SOL
FLST,2,1,5,ORDE,1   
FITEM,2,258 
!*  
/GO 
DA,P51X,ALL,
ACEL,0,9.8,0,   
FLST,2,1,5,ORDE,1   
FITEM,2,10  
/GO 
!*  
SFA,P51X,1,PRES,166 
/STATUS,SOLU
SOLVE   
FINISH  
/POST1  
!*  
/EFACET,1   
PLNSOL, U,SUM, 2,1.0
!*  
/EFACET,1   
PLNSOL, S,EQV, 2,1.0
/VIEW,1,1,1,1   
/ANG,1  
/REP,FAST   
/VIEW,1,1,1,1   
/ANG,1  
/REP,FAST   
FINISH  
/SOL
/VIEW,1,1,1,1   
/ANG,1  
/REP,FAST   
FLST,2,1,5,ORDE,1   
FITEM,2,10  
SFADELE,P51X,1,PRES 
/VIEW,1,1,1,1   
/ANG,1  
/REP,FAST   
FLST,2,1,5,ORDE,1   
FITEM,2,10  
/GO 
!*  
SFA,P51X,1,PRES,833 
/STATUS,SOLU
SOLVE   
FINISH  
/POST1  
!*  
/EFACET,1   
PLNSOL, U,SUM, 2,1.0
!*  
/EFACET,1   
PLNSOL, S,EQV, 2,1.0
FINISH  
/SOL
/VIEW,1,1,1,1   
/ANG,1  
/REP,FAST   
FLST,2,1,5,ORDE,1   
FITEM,2,10  
SFADELE,P51X,1,PRES 
/VIEW,1,1,1,1   
/ANG,1  
/REP,FAST   
FLST,2,1,5,ORDE,1   
FITEM,2,10  
/GO 
!*  
SFA,P51X,1,PRES,1666
/STATUS,SOLU
SOLVE   
FINISH  
/POST1  
!*  
/EFACET,1   
PLNSOL, U,SUM, 2,1.0
!*  
/EFACET,1   
PLNSOL, S,EQV, 2,1.0
/DIST, 1 ,1.082226,1
/REP,FAST   
FINISH  
/SOL
/VIEW,1,1,1,1   
/ANG,1  
/REP,FAST   
FLST,2,1,5,ORDE,1   
FITEM,2,10  
SFADELE,P51X,1,PRES 
/VIEW,1,1,1,1   
/ANG,1  
/REP,FAST   
FLST,2,1,5,ORDE,1   
FITEM,2,10  
/GO 
!*  
SFA,P51X,1,PRES,2500
/STATUS,SOLU
SOLVE   
FINISH  
/POST1  
!*  
/EFACET,1   
PLNSOL, U,SUM, 2,1.0
!*  
/EFACET,1   
PLNSOL, S,EQV, 2,1.0
FINISH  
/SOL
/VIEW,1,1,1,1   
/ANG,1  
/REP,FAST   
FLST,2,1,5,ORDE,1   
FITEM,2,10  
SFADELE,P51X,1,PRES 
/VIEW,1,1,1,1   
/ANG,1  
/REP,FAST   
FLST,2,1,5,ORDE,1   
FITEM,2,10  
/GO 
!*  
SFA,P51X,1,PRES,5000
/STATUS,SOLU
SOLVE   
FINISH  
/POST1  
!*  
/EFACET,1   
PLNSOL, U,SUM, 2,1.0
!*  
/EFACET,1   
PLNSOL, S,EQV, 2,1.0
FINISH  
! /EXIT,NOSAV   
